[2026-03-24T20:03:12.418+0000] {taskinstance.py:1956} INFO - Dependencies all met for dep_context=non-requeueable deps ti=<TaskInstance: dag_dbt_taller.ejecutar_transformaciones manual__2026-03-24T20:02:51.703451+00:00 [queued]>
[2026-03-24T20:03:12.435+0000] {taskinstance.py:1956} INFO - Dependencies all met for dep_context=requeueable deps ti=<TaskInstance: dag_dbt_taller.ejecutar_transformaciones manual__2026-03-24T20:02:51.703451+00:00 [queued]>
[2026-03-24T20:03:12.436+0000] {taskinstance.py:2170} INFO - Starting attempt 1 of 1
[2026-03-24T20:03:12.524+0000] {taskinstance.py:2191} INFO - Executing <Task(_PythonDecoratedOperator): ejecutar_transformaciones> on 2026-03-24 20:02:51.703451+00:00
[2026-03-24T20:03:12.531+0000] {standard_task_runner.py:60} INFO - Started process 4565 to run task
[2026-03-24T20:03:12.536+0000] {standard_task_runner.py:87} INFO - Running: ['***', 'tasks', 'run', 'dag_dbt_taller', 'ejecutar_transformaciones', 'manual__2026-03-24T20:02:51.703451+00:00', '--job-id', '159', '--raw', '--subdir', 'DAGS_FOLDER/dag_dbt_taller.py', '--cfg-path', '/tmp/tmp0h3qcefm']
[2026-03-24T20:03:12.541+0000] {standard_task_runner.py:88} INFO - Job 159: Subtask ejecutar_transformaciones
[2026-03-24T20:03:12.713+0000] {logging_mixin.py:188} WARNING - /home/***/.local/lib/python3.8/site-packages/***/settings.py:194 DeprecationWarning: The sql_alchemy_conn option in [core] has been moved to the sql_alchemy_conn option in [database] - the old setting has been used, but please update your config.
[2026-03-24T20:03:12.886+0000] {task_command.py:423} INFO - Running <TaskInstance: dag_dbt_taller.ejecutar_transformaciones manual__2026-03-24T20:02:51.703451+00:00 [running]> on host 5f43b8fdce6c
[2026-03-24T20:03:13.248+0000] {taskinstance.py:2480} INFO - Exporting env vars: AIRFLOW_CTX_DAG_OWNER='***' AIRFLOW_CTX_DAG_ID='dag_dbt_taller' AIRFLOW_CTX_TASK_ID='ejecutar_transformaciones' AIRFLOW_CTX_EXECUTION_DATE='2026-03-24T20:02:51.703451+00:00' AIRFLOW_CTX_TRY_NUMBER='1' AIRFLOW_CTX_DAG_RUN_ID='manual__2026-03-24T20:02:51.703451+00:00'
[2026-03-24T20:03:13.254+0000] {logging_mixin.py:188} INFO - Ejecutando: dbt run en /opt/***/dbt/proyecto_stalin
[2026-03-24T20:03:26.888+0000] {logging_mixin.py:188} INFO - Éxito:
20:03:17  Running with dbt=1.9.0-b2
20:03:19  Registered adapter: postgres=1.8.2
20:03:21  Found 4 models, 4 data tests, 1 seed, 1 source, 424 macros
20:03:21  
20:03:21  Concurrency: 1 threads (target='dev')
20:03:21  
20:03:22  1 of 4 START sql table model public.my_first_dbt_model ......................... [RUN]
20:03:23  1 of 4 OK created sql table model public.my_first_dbt_model .................... [SELECT 2 in 1.49s]
20:03:23  2 of 4 START sql view model public.stg_clima ................................... [RUN]
20:03:24  2 of 4 OK created sql view model public.stg_clima .............................. [CREATE VIEW in 0.61s]
20:03:24  3 of 4 START sql view model public.my_second_dbt_model ......................... [RUN]
20:03:24  3 of 4 OK created sql view model public.my_second_dbt_model .................... [CREATE VIEW in 0.25s]
20:03:24  4 of 4 START sql table model public.fct_resumen_clima .......................... [RUN]
20:03:25  4 of 4 OK created sql table model public.fct_resumen_clima ..................... [SELECT 4 in 0.50s]
20:03:25  
20:03:25  Finished running 2 table models, 2 view models in 0 hours 0 minutes and 3.50 seconds (3.50s).
20:03:25  
20:03:25  Completed successfully
20:03:25  
20:03:25  Done. PASS=4 WARN=0 ERROR=0 SKIP=0 TOTAL=4
[2026-03-24T20:03:26.891+0000] {python.py:201} INFO - Done. Returned value was: None
[2026-03-24T20:03:26.916+0000] {taskinstance.py:1138} INFO - Marking task as SUCCESS. dag_id=dag_dbt_taller, task_id=ejecutar_transformaciones, execution_date=20260324T200251, start_date=20260324T200312, end_date=20260324T200326
[2026-03-24T20:03:27.039+0000] {local_task_job_runner.py:234} INFO - Task exited with return code 0
[2026-03-24T20:03:27.066+0000] {taskinstance.py:3280} INFO - 0 downstream tasks scheduled from follow-on schedule check
