[2026-03-24T20:54:59.275+0000] {taskinstance.py:1956} INFO - Dependencies all met for dep_context=non-requeueable deps ti=<TaskInstance: dag_dbt_calidad_aire.ejecutar_staging_calidad_aire manual__2026-03-24T20:54:28.333664+00:00 [queued]>
[2026-03-24T20:54:59.303+0000] {taskinstance.py:1956} INFO - Dependencies all met for dep_context=requeueable deps ti=<TaskInstance: dag_dbt_calidad_aire.ejecutar_staging_calidad_aire manual__2026-03-24T20:54:28.333664+00:00 [queued]>
[2026-03-24T20:54:59.304+0000] {taskinstance.py:2170} INFO - Starting attempt 1 of 1
[2026-03-24T20:54:59.363+0000] {taskinstance.py:2191} INFO - Executing <Task(_PythonDecoratedOperator): ejecutar_staging_calidad_aire> on 2026-03-24 20:54:28.333664+00:00
[2026-03-24T20:54:59.374+0000] {standard_task_runner.py:60} INFO - Started process 6794 to run task
[2026-03-24T20:54:59.382+0000] {standard_task_runner.py:87} INFO - Running: ['***', 'tasks', 'run', 'dag_dbt_calidad_aire', 'ejecutar_staging_calidad_aire', 'manual__2026-03-24T20:54:28.333664+00:00', '--job-id', '185', '--raw', '--subdir', 'DAGS_FOLDER/dag_dbt_calidad_aire.py', '--cfg-path', '/tmp/tmpo6rf43gv']
[2026-03-24T20:54:59.389+0000] {standard_task_runner.py:88} INFO - Job 185: Subtask ejecutar_staging_calidad_aire
[2026-03-24T20:54:59.451+0000] {logging_mixin.py:188} WARNING - /home/***/.local/lib/python3.8/site-packages/***/settings.py:194 DeprecationWarning: The sql_alchemy_conn option in [core] has been moved to the sql_alchemy_conn option in [database] - the old setting has been used, but please update your config.
[2026-03-24T20:54:59.540+0000] {task_command.py:423} INFO - Running <TaskInstance: dag_dbt_calidad_aire.ejecutar_staging_calidad_aire manual__2026-03-24T20:54:28.333664+00:00 [running]> on host 5f43b8fdce6c
[2026-03-24T20:54:59.797+0000] {taskinstance.py:2480} INFO - Exporting env vars: AIRFLOW_CTX_DAG_OWNER='***' AIRFLOW_CTX_DAG_ID='dag_dbt_calidad_aire' AIRFLOW_CTX_TASK_ID='ejecutar_staging_calidad_aire' AIRFLOW_CTX_EXECUTION_DATE='2026-03-24T20:54:28.333664+00:00' AIRFLOW_CTX_TRY_NUMBER='1' AIRFLOW_CTX_DAG_RUN_ID='manual__2026-03-24T20:54:28.333664+00:00'
[2026-03-24T20:54:59.802+0000] {logging_mixin.py:188} INFO - Ejecutando: dbt run --models marts.* en /opt/***/dbt/proyecto_stalin
[2026-03-24T20:55:08.294+0000] {logging_mixin.py:188} INFO - Éxito:
20:55:03  Running with dbt=1.9.0-b2
20:55:04  Registered adapter: postgres=1.8.2
20:55:06  Found 6 models, 4 data tests, 2 seeds, 2 sources, 424 macros
20:55:06  
20:55:06  Concurrency: 1 threads (target='dev')
20:55:06  
20:55:06  1 of 1 START sql table model public.fct_resumen_clima .......................... [RUN]
20:55:06  1 of 1 OK created sql table model public.fct_resumen_clima ..................... [SELECT 4 in 0.49s]
20:55:06  
20:55:06  Finished running 1 table model in 0 hours 0 minutes and 0.87 seconds (0.87s).
20:55:07  
20:55:07  Completed successfully
20:55:07  
20:55:07  Done. PASS=1 WARN=0 ERROR=0 SKIP=0 TOTAL=1
[2026-03-24T20:55:08.296+0000] {python.py:201} INFO - Done. Returned value was: None
[2026-03-24T20:55:08.319+0000] {taskinstance.py:1138} INFO - Marking task as SUCCESS. dag_id=dag_dbt_calidad_aire, task_id=ejecutar_staging_calidad_aire, execution_date=20260324T205428, start_date=20260324T205459, end_date=20260324T205508
[2026-03-24T20:55:08.450+0000] {local_task_job_runner.py:234} INFO - Task exited with return code 0
[2026-03-24T20:55:08.484+0000] {taskinstance.py:3280} INFO - 0 downstream tasks scheduled from follow-on schedule check
