[2026-03-24T20:25:38.872+0000] {taskinstance.py:1956} INFO - Dependencies all met for dep_context=non-requeueable deps ti=<TaskInstance: dag_dbt_calidad_aire.ejecutar_staging_calidad_aire manual__2026-03-24T20:25:17.833003+00:00 [queued]>
[2026-03-24T20:25:38.907+0000] {taskinstance.py:1956} INFO - Dependencies all met for dep_context=requeueable deps ti=<TaskInstance: dag_dbt_calidad_aire.ejecutar_staging_calidad_aire manual__2026-03-24T20:25:17.833003+00:00 [queued]>
[2026-03-24T20:25:38.908+0000] {taskinstance.py:2170} INFO - Starting attempt 1 of 1
[2026-03-24T20:25:38.990+0000] {taskinstance.py:2191} INFO - Executing <Task(_PythonDecoratedOperator): ejecutar_staging_calidad_aire> on 2026-03-24 20:25:17.833003+00:00
[2026-03-24T20:25:39.008+0000] {standard_task_runner.py:60} INFO - Started process 5420 to run task
[2026-03-24T20:25:39.016+0000] {standard_task_runner.py:87} INFO - Running: ['***', 'tasks', 'run', 'dag_dbt_calidad_aire', 'ejecutar_staging_calidad_aire', 'manual__2026-03-24T20:25:17.833003+00:00', '--job-id', '165', '--raw', '--subdir', 'DAGS_FOLDER/dag_dbt_calidad_aire.py', '--cfg-path', '/tmp/tmpxkgnnadh']
[2026-03-24T20:25:39.048+0000] {standard_task_runner.py:88} INFO - Job 165: Subtask ejecutar_staging_calidad_aire
[2026-03-24T20:25:39.137+0000] {logging_mixin.py:188} WARNING - /home/***/.local/lib/python3.8/site-packages/***/settings.py:194 DeprecationWarning: The sql_alchemy_conn option in [core] has been moved to the sql_alchemy_conn option in [database] - the old setting has been used, but please update your config.
[2026-03-24T20:25:39.232+0000] {task_command.py:423} INFO - Running <TaskInstance: dag_dbt_calidad_aire.ejecutar_staging_calidad_aire manual__2026-03-24T20:25:17.833003+00:00 [running]> on host 5f43b8fdce6c
[2026-03-24T20:25:39.471+0000] {taskinstance.py:2480} INFO - Exporting env vars: AIRFLOW_CTX_DAG_OWNER='***' AIRFLOW_CTX_DAG_ID='dag_dbt_calidad_aire' AIRFLOW_CTX_TASK_ID='ejecutar_staging_calidad_aire' AIRFLOW_CTX_EXECUTION_DATE='2026-03-24T20:25:17.833003+00:00' AIRFLOW_CTX_TRY_NUMBER='1' AIRFLOW_CTX_DAG_RUN_ID='manual__2026-03-24T20:25:17.833003+00:00'
[2026-03-24T20:25:39.474+0000] {logging_mixin.py:188} INFO - Ejecutando: dbt run --select stg_calidad_aire en /opt/***/dbt/proyecto_stalin
[2026-03-24T20:25:51.053+0000] {logging_mixin.py:188} INFO - Éxito:
20:25:44  Running with dbt=1.9.0-b2
20:25:45  Registered adapter: postgres=1.8.2
20:25:48  Found 5 models, 4 data tests, 2 seeds, 2 sources, 424 macros
20:25:48  
20:25:48  Concurrency: 1 threads (target='dev')
20:25:48  
20:25:48  1 of 1 START sql view model public.stg_calidad_aire ............................ [RUN]
20:25:49  1 of 1 OK created sql view model public.stg_calidad_aire ....................... [CREATE VIEW in 0.78s]
20:25:49  
20:25:49  Finished running 1 view model in 0 hours 0 minutes and 1.61 seconds (1.61s).
20:25:49  
20:25:49  Completed successfully
20:25:49  
20:25:49  Done. PASS=1 WARN=0 ERROR=0 SKIP=0 TOTAL=1
[2026-03-24T20:25:51.054+0000] {python.py:201} INFO - Done. Returned value was: None
[2026-03-24T20:25:51.073+0000] {taskinstance.py:1138} INFO - Marking task as SUCCESS. dag_id=dag_dbt_calidad_aire, task_id=ejecutar_staging_calidad_aire, execution_date=20260324T202517, start_date=20260324T202538, end_date=20260324T202551
[2026-03-24T20:25:51.162+0000] {local_task_job_runner.py:234} INFO - Task exited with return code 0
[2026-03-24T20:25:51.187+0000] {taskinstance.py:3280} INFO - 0 downstream tasks scheduled from follow-on schedule check
