[2026-03-14T14:25:45.727+0000] {processor.py:161} INFO - Started process (PID=185) to work on /opt/airflow/dags/dag_dbt_taller.py
[2026-03-14T14:25:45.730+0000] {processor.py:830} INFO - Processing file /opt/airflow/dags/dag_dbt_taller.py for tasks to queue
[2026-03-14T14:25:45.733+0000] {logging_mixin.py:188} INFO - [2026-03-14T14:25:45.732+0000] {dagbag.py:538} INFO - Filling up the DagBag from /opt/airflow/dags/dag_dbt_taller.py
[2026-03-14T14:25:45.801+0000] {processor.py:840} INFO - DAG(s) 'dag_dbt_taller' retrieved from /opt/airflow/dags/dag_dbt_taller.py
[2026-03-14T14:25:46.084+0000] {logging_mixin.py:188} INFO - [2026-03-14T14:25:46.083+0000] {dag.py:3036} INFO - Sync 1 DAGs
[2026-03-14T14:25:46.099+0000] {logging_mixin.py:188} INFO - [2026-03-14T14:25:46.099+0000] {dag.py:3823} INFO - Setting next_dagrun for dag_dbt_taller to None, run_after=None
[2026-03-14T14:25:46.131+0000] {processor.py:183} INFO - Processing /opt/airflow/dags/dag_dbt_taller.py took 0.412 seconds
[2026-03-14T14:26:16.295+0000] {processor.py:161} INFO - Started process (PID=201) to work on /opt/airflow/dags/dag_dbt_taller.py
[2026-03-14T14:26:16.297+0000] {processor.py:830} INFO - Processing file /opt/airflow/dags/dag_dbt_taller.py for tasks to queue
[2026-03-14T14:26:16.299+0000] {logging_mixin.py:188} INFO - [2026-03-14T14:26:16.298+0000] {dagbag.py:538} INFO - Filling up the DagBag from /opt/airflow/dags/dag_dbt_taller.py
[2026-03-14T14:26:16.341+0000] {processor.py:840} INFO - DAG(s) 'dag_dbt_taller' retrieved from /opt/airflow/dags/dag_dbt_taller.py
[2026-03-14T14:26:16.391+0000] {logging_mixin.py:188} INFO - [2026-03-14T14:26:16.390+0000] {dag.py:3036} INFO - Sync 1 DAGs
[2026-03-14T14:26:16.410+0000] {logging_mixin.py:188} INFO - [2026-03-14T14:26:16.410+0000] {dag.py:3823} INFO - Setting next_dagrun for dag_dbt_taller to None, run_after=None
[2026-03-14T14:26:16.442+0000] {processor.py:183} INFO - Processing /opt/airflow/dags/dag_dbt_taller.py took 0.152 seconds
[2026-03-14T14:26:46.556+0000] {processor.py:161} INFO - Started process (PID=217) to work on /opt/airflow/dags/dag_dbt_taller.py
[2026-03-14T14:26:46.560+0000] {processor.py:830} INFO - Processing file /opt/airflow/dags/dag_dbt_taller.py for tasks to queue
[2026-03-14T14:26:46.562+0000] {logging_mixin.py:188} INFO - [2026-03-14T14:26:46.562+0000] {dagbag.py:538} INFO - Filling up the DagBag from /opt/airflow/dags/dag_dbt_taller.py
[2026-03-14T14:26:46.608+0000] {processor.py:840} INFO - DAG(s) 'dag_dbt_taller' retrieved from /opt/airflow/dags/dag_dbt_taller.py
[2026-03-14T14:26:46.664+0000] {logging_mixin.py:188} INFO - [2026-03-14T14:26:46.664+0000] {dag.py:3036} INFO - Sync 1 DAGs
[2026-03-14T14:26:46.692+0000] {logging_mixin.py:188} INFO - [2026-03-14T14:26:46.692+0000] {dag.py:3823} INFO - Setting next_dagrun for dag_dbt_taller to None, run_after=None
[2026-03-14T14:26:46.732+0000] {processor.py:183} INFO - Processing /opt/airflow/dags/dag_dbt_taller.py took 0.184 seconds
[2026-03-14T14:27:16.830+0000] {processor.py:161} INFO - Started process (PID=233) to work on /opt/airflow/dags/dag_dbt_taller.py
[2026-03-14T14:27:16.833+0000] {processor.py:830} INFO - Processing file /opt/airflow/dags/dag_dbt_taller.py for tasks to queue
[2026-03-14T14:27:16.835+0000] {logging_mixin.py:188} INFO - [2026-03-14T14:27:16.834+0000] {dagbag.py:538} INFO - Filling up the DagBag from /opt/airflow/dags/dag_dbt_taller.py
[2026-03-14T14:27:16.886+0000] {processor.py:840} INFO - DAG(s) 'dag_dbt_taller' retrieved from /opt/airflow/dags/dag_dbt_taller.py
[2026-03-14T14:27:16.938+0000] {logging_mixin.py:188} INFO - [2026-03-14T14:27:16.938+0000] {dag.py:3036} INFO - Sync 1 DAGs
[2026-03-14T14:27:16.959+0000] {logging_mixin.py:188} INFO - [2026-03-14T14:27:16.959+0000] {dag.py:3823} INFO - Setting next_dagrun for dag_dbt_taller to None, run_after=None
[2026-03-14T14:27:17.016+0000] {processor.py:183} INFO - Processing /opt/airflow/dags/dag_dbt_taller.py took 0.194 seconds
[2026-03-14T14:27:47.543+0000] {processor.py:161} INFO - Started process (PID=249) to work on /opt/airflow/dags/dag_dbt_taller.py
[2026-03-14T14:27:47.545+0000] {processor.py:830} INFO - Processing file /opt/airflow/dags/dag_dbt_taller.py for tasks to queue
[2026-03-14T14:27:47.546+0000] {logging_mixin.py:188} INFO - [2026-03-14T14:27:47.546+0000] {dagbag.py:538} INFO - Filling up the DagBag from /opt/airflow/dags/dag_dbt_taller.py
[2026-03-14T14:27:47.584+0000] {processor.py:840} INFO - DAG(s) 'dag_dbt_taller' retrieved from /opt/airflow/dags/dag_dbt_taller.py
[2026-03-14T14:27:47.635+0000] {logging_mixin.py:188} INFO - [2026-03-14T14:27:47.634+0000] {dag.py:3036} INFO - Sync 1 DAGs
[2026-03-14T14:27:47.654+0000] {logging_mixin.py:188} INFO - [2026-03-14T14:27:47.654+0000] {dag.py:3823} INFO - Setting next_dagrun for dag_dbt_taller to None, run_after=None
[2026-03-14T14:27:47.713+0000] {processor.py:183} INFO - Processing /opt/airflow/dags/dag_dbt_taller.py took 0.176 seconds
[2026-03-14T14:28:18.596+0000] {processor.py:161} INFO - Started process (PID=272) to work on /opt/airflow/dags/dag_dbt_taller.py
[2026-03-14T14:28:18.610+0000] {processor.py:830} INFO - Processing file /opt/airflow/dags/dag_dbt_taller.py for tasks to queue
[2026-03-14T14:28:18.625+0000] {logging_mixin.py:188} INFO - [2026-03-14T14:28:18.624+0000] {dagbag.py:538} INFO - Filling up the DagBag from /opt/airflow/dags/dag_dbt_taller.py
[2026-03-14T14:28:18.737+0000] {processor.py:840} INFO - DAG(s) 'dag_dbt_taller' retrieved from /opt/airflow/dags/dag_dbt_taller.py
[2026-03-14T14:28:18.856+0000] {logging_mixin.py:188} INFO - [2026-03-14T14:28:18.855+0000] {dag.py:3036} INFO - Sync 1 DAGs
[2026-03-14T14:28:18.913+0000] {logging_mixin.py:188} INFO - [2026-03-14T14:28:18.913+0000] {dag.py:3823} INFO - Setting next_dagrun for dag_dbt_taller to None, run_after=None
[2026-03-14T14:28:19.025+0000] {processor.py:183} INFO - Processing /opt/airflow/dags/dag_dbt_taller.py took 0.451 seconds
[2026-03-14T14:28:49.976+0000] {processor.py:161} INFO - Started process (PID=317) to work on /opt/airflow/dags/dag_dbt_taller.py
[2026-03-14T14:28:49.978+0000] {processor.py:830} INFO - Processing file /opt/airflow/dags/dag_dbt_taller.py for tasks to queue
[2026-03-14T14:28:49.981+0000] {logging_mixin.py:188} INFO - [2026-03-14T14:28:49.980+0000] {dagbag.py:538} INFO - Filling up the DagBag from /opt/airflow/dags/dag_dbt_taller.py
[2026-03-14T14:28:50.062+0000] {processor.py:840} INFO - DAG(s) 'dag_dbt_taller' retrieved from /opt/airflow/dags/dag_dbt_taller.py
[2026-03-14T14:28:50.217+0000] {logging_mixin.py:188} INFO - [2026-03-14T14:28:50.217+0000] {dag.py:3036} INFO - Sync 1 DAGs
[2026-03-14T14:28:50.260+0000] {logging_mixin.py:188} INFO - [2026-03-14T14:28:50.259+0000] {dag.py:3823} INFO - Setting next_dagrun for dag_dbt_taller to None, run_after=None
[2026-03-14T14:28:50.352+0000] {processor.py:183} INFO - Processing /opt/airflow/dags/dag_dbt_taller.py took 0.400 seconds
[2026-03-14T14:29:20.705+0000] {processor.py:161} INFO - Started process (PID=339) to work on /opt/airflow/dags/dag_dbt_taller.py
[2026-03-14T14:29:20.707+0000] {processor.py:830} INFO - Processing file /opt/airflow/dags/dag_dbt_taller.py for tasks to queue
[2026-03-14T14:29:20.709+0000] {logging_mixin.py:188} INFO - [2026-03-14T14:29:20.708+0000] {dagbag.py:538} INFO - Filling up the DagBag from /opt/airflow/dags/dag_dbt_taller.py
[2026-03-14T14:29:20.742+0000] {processor.py:840} INFO - DAG(s) 'dag_dbt_taller' retrieved from /opt/airflow/dags/dag_dbt_taller.py
[2026-03-14T14:29:20.813+0000] {logging_mixin.py:188} INFO - [2026-03-14T14:29:20.812+0000] {dag.py:3036} INFO - Sync 1 DAGs
[2026-03-14T14:29:20.851+0000] {logging_mixin.py:188} INFO - [2026-03-14T14:29:20.851+0000] {dag.py:3823} INFO - Setting next_dagrun for dag_dbt_taller to None, run_after=None
[2026-03-14T14:29:20.917+0000] {processor.py:183} INFO - Processing /opt/airflow/dags/dag_dbt_taller.py took 0.218 seconds
[2026-03-14T14:29:51.355+0000] {processor.py:161} INFO - Started process (PID=355) to work on /opt/airflow/dags/dag_dbt_taller.py
[2026-03-14T14:29:51.357+0000] {processor.py:830} INFO - Processing file /opt/airflow/dags/dag_dbt_taller.py for tasks to queue
[2026-03-14T14:29:51.359+0000] {logging_mixin.py:188} INFO - [2026-03-14T14:29:51.358+0000] {dagbag.py:538} INFO - Filling up the DagBag from /opt/airflow/dags/dag_dbt_taller.py
[2026-03-14T14:29:51.394+0000] {processor.py:840} INFO - DAG(s) 'dag_dbt_taller' retrieved from /opt/airflow/dags/dag_dbt_taller.py
[2026-03-14T14:29:51.437+0000] {logging_mixin.py:188} INFO - [2026-03-14T14:29:51.437+0000] {dag.py:3036} INFO - Sync 1 DAGs
[2026-03-14T14:29:51.461+0000] {logging_mixin.py:188} INFO - [2026-03-14T14:29:51.460+0000] {dag.py:3823} INFO - Setting next_dagrun for dag_dbt_taller to None, run_after=None
[2026-03-14T14:29:51.523+0000] {processor.py:183} INFO - Processing /opt/airflow/dags/dag_dbt_taller.py took 0.176 seconds
[2026-03-14T14:30:21.961+0000] {processor.py:161} INFO - Started process (PID=371) to work on /opt/airflow/dags/dag_dbt_taller.py
[2026-03-14T14:30:21.963+0000] {processor.py:830} INFO - Processing file /opt/airflow/dags/dag_dbt_taller.py for tasks to queue
[2026-03-14T14:30:21.965+0000] {logging_mixin.py:188} INFO - [2026-03-14T14:30:21.965+0000] {dagbag.py:538} INFO - Filling up the DagBag from /opt/airflow/dags/dag_dbt_taller.py
[2026-03-14T14:30:21.999+0000] {processor.py:840} INFO - DAG(s) 'dag_dbt_taller' retrieved from /opt/airflow/dags/dag_dbt_taller.py
[2026-03-14T14:30:22.061+0000] {logging_mixin.py:188} INFO - [2026-03-14T14:30:22.061+0000] {dag.py:3036} INFO - Sync 1 DAGs
[2026-03-14T14:30:22.089+0000] {logging_mixin.py:188} INFO - [2026-03-14T14:30:22.089+0000] {dag.py:3823} INFO - Setting next_dagrun for dag_dbt_taller to None, run_after=None
[2026-03-14T14:30:22.150+0000] {processor.py:183} INFO - Processing /opt/airflow/dags/dag_dbt_taller.py took 0.196 seconds
[2026-03-14T14:30:52.345+0000] {processor.py:161} INFO - Started process (PID=387) to work on /opt/airflow/dags/dag_dbt_taller.py
[2026-03-14T14:30:52.348+0000] {processor.py:830} INFO - Processing file /opt/airflow/dags/dag_dbt_taller.py for tasks to queue
[2026-03-14T14:30:52.351+0000] {logging_mixin.py:188} INFO - [2026-03-14T14:30:52.350+0000] {dagbag.py:538} INFO - Filling up the DagBag from /opt/airflow/dags/dag_dbt_taller.py
[2026-03-14T14:30:52.392+0000] {processor.py:840} INFO - DAG(s) 'dag_dbt_taller' retrieved from /opt/airflow/dags/dag_dbt_taller.py
[2026-03-14T14:30:52.439+0000] {logging_mixin.py:188} INFO - [2026-03-14T14:30:52.439+0000] {dag.py:3036} INFO - Sync 1 DAGs
[2026-03-14T14:30:52.460+0000] {logging_mixin.py:188} INFO - [2026-03-14T14:30:52.459+0000] {dag.py:3823} INFO - Setting next_dagrun for dag_dbt_taller to None, run_after=None
[2026-03-14T14:30:52.521+0000] {processor.py:183} INFO - Processing /opt/airflow/dags/dag_dbt_taller.py took 0.183 seconds
[2026-03-14T14:31:22.850+0000] {processor.py:161} INFO - Started process (PID=403) to work on /opt/airflow/dags/dag_dbt_taller.py
[2026-03-14T14:31:22.853+0000] {processor.py:830} INFO - Processing file /opt/airflow/dags/dag_dbt_taller.py for tasks to queue
[2026-03-14T14:31:22.862+0000] {logging_mixin.py:188} INFO - [2026-03-14T14:31:22.861+0000] {dagbag.py:538} INFO - Filling up the DagBag from /opt/airflow/dags/dag_dbt_taller.py
[2026-03-14T14:31:22.965+0000] {processor.py:840} INFO - DAG(s) 'dag_dbt_taller' retrieved from /opt/airflow/dags/dag_dbt_taller.py
[2026-03-14T14:31:23.020+0000] {logging_mixin.py:188} INFO - [2026-03-14T14:31:23.020+0000] {dag.py:3036} INFO - Sync 1 DAGs
[2026-03-14T14:31:23.042+0000] {logging_mixin.py:188} INFO - [2026-03-14T14:31:23.041+0000] {dag.py:3823} INFO - Setting next_dagrun for dag_dbt_taller to None, run_after=None
[2026-03-14T14:31:23.080+0000] {processor.py:183} INFO - Processing /opt/airflow/dags/dag_dbt_taller.py took 0.243 seconds
[2026-03-14T14:31:54.814+0000] {processor.py:161} INFO - Started process (PID=419) to work on /opt/airflow/dags/dag_dbt_taller.py
[2026-03-14T14:31:54.817+0000] {processor.py:830} INFO - Processing file /opt/airflow/dags/dag_dbt_taller.py for tasks to queue
[2026-03-14T14:31:54.819+0000] {logging_mixin.py:188} INFO - [2026-03-14T14:31:54.818+0000] {dagbag.py:538} INFO - Filling up the DagBag from /opt/airflow/dags/dag_dbt_taller.py
[2026-03-14T14:31:54.875+0000] {processor.py:840} INFO - DAG(s) 'dag_dbt_taller' retrieved from /opt/airflow/dags/dag_dbt_taller.py
[2026-03-14T14:31:54.930+0000] {logging_mixin.py:188} INFO - [2026-03-14T14:31:54.930+0000] {dag.py:3036} INFO - Sync 1 DAGs
[2026-03-14T14:31:54.951+0000] {logging_mixin.py:188} INFO - [2026-03-14T14:31:54.950+0000] {dag.py:3823} INFO - Setting next_dagrun for dag_dbt_taller to None, run_after=None
[2026-03-14T14:31:55.021+0000] {processor.py:183} INFO - Processing /opt/airflow/dags/dag_dbt_taller.py took 0.216 seconds
[2026-03-14T14:32:26.540+0000] {processor.py:161} INFO - Started process (PID=435) to work on /opt/airflow/dags/dag_dbt_taller.py
[2026-03-14T14:32:26.544+0000] {processor.py:830} INFO - Processing file /opt/airflow/dags/dag_dbt_taller.py for tasks to queue
[2026-03-14T14:32:26.546+0000] {logging_mixin.py:188} INFO - [2026-03-14T14:32:26.546+0000] {dagbag.py:538} INFO - Filling up the DagBag from /opt/airflow/dags/dag_dbt_taller.py
[2026-03-14T14:32:26.591+0000] {processor.py:840} INFO - DAG(s) 'dag_dbt_taller' retrieved from /opt/airflow/dags/dag_dbt_taller.py
[2026-03-14T14:32:26.646+0000] {logging_mixin.py:188} INFO - [2026-03-14T14:32:26.645+0000] {dag.py:3036} INFO - Sync 1 DAGs
[2026-03-14T14:32:26.667+0000] {logging_mixin.py:188} INFO - [2026-03-14T14:32:26.667+0000] {dag.py:3823} INFO - Setting next_dagrun for dag_dbt_taller to None, run_after=None
[2026-03-14T14:32:26.724+0000] {processor.py:183} INFO - Processing /opt/airflow/dags/dag_dbt_taller.py took 0.194 seconds
[2026-03-14T14:32:58.746+0000] {processor.py:161} INFO - Started process (PID=451) to work on /opt/airflow/dags/dag_dbt_taller.py
[2026-03-14T14:32:58.749+0000] {processor.py:830} INFO - Processing file /opt/airflow/dags/dag_dbt_taller.py for tasks to queue
[2026-03-14T14:32:58.751+0000] {logging_mixin.py:188} INFO - [2026-03-14T14:32:58.751+0000] {dagbag.py:538} INFO - Filling up the DagBag from /opt/airflow/dags/dag_dbt_taller.py
[2026-03-14T14:32:58.811+0000] {processor.py:840} INFO - DAG(s) 'dag_dbt_taller' retrieved from /opt/airflow/dags/dag_dbt_taller.py
[2026-03-14T14:32:58.924+0000] {logging_mixin.py:188} INFO - [2026-03-14T14:32:58.923+0000] {dag.py:3036} INFO - Sync 1 DAGs
[2026-03-14T14:32:58.983+0000] {logging_mixin.py:188} INFO - [2026-03-14T14:32:58.983+0000] {dag.py:3823} INFO - Setting next_dagrun for dag_dbt_taller to None, run_after=None
[2026-03-14T14:32:59.074+0000] {processor.py:183} INFO - Processing /opt/airflow/dags/dag_dbt_taller.py took 0.336 seconds
[2026-03-14T14:33:30.633+0000] {processor.py:161} INFO - Started process (PID=467) to work on /opt/airflow/dags/dag_dbt_taller.py
[2026-03-14T14:33:30.635+0000] {processor.py:830} INFO - Processing file /opt/airflow/dags/dag_dbt_taller.py for tasks to queue
[2026-03-14T14:33:30.638+0000] {logging_mixin.py:188} INFO - [2026-03-14T14:33:30.638+0000] {dagbag.py:538} INFO - Filling up the DagBag from /opt/airflow/dags/dag_dbt_taller.py
[2026-03-14T14:33:30.674+0000] {processor.py:840} INFO - DAG(s) 'dag_dbt_taller' retrieved from /opt/airflow/dags/dag_dbt_taller.py
[2026-03-14T14:33:30.728+0000] {logging_mixin.py:188} INFO - [2026-03-14T14:33:30.728+0000] {dag.py:3036} INFO - Sync 1 DAGs
[2026-03-14T14:33:30.757+0000] {logging_mixin.py:188} INFO - [2026-03-14T14:33:30.757+0000] {dag.py:3823} INFO - Setting next_dagrun for dag_dbt_taller to None, run_after=None
[2026-03-14T14:33:30.822+0000] {processor.py:183} INFO - Processing /opt/airflow/dags/dag_dbt_taller.py took 0.200 seconds
[2026-03-14T14:34:02.828+0000] {processor.py:161} INFO - Started process (PID=483) to work on /opt/airflow/dags/dag_dbt_taller.py
[2026-03-14T14:34:02.890+0000] {processor.py:830} INFO - Processing file /opt/airflow/dags/dag_dbt_taller.py for tasks to queue
[2026-03-14T14:34:02.895+0000] {logging_mixin.py:188} INFO - [2026-03-14T14:34:02.893+0000] {dagbag.py:538} INFO - Filling up the DagBag from /opt/airflow/dags/dag_dbt_taller.py
[2026-03-14T14:34:03.073+0000] {processor.py:840} INFO - DAG(s) 'dag_dbt_taller' retrieved from /opt/airflow/dags/dag_dbt_taller.py
[2026-03-14T14:34:03.188+0000] {logging_mixin.py:188} INFO - [2026-03-14T14:34:03.188+0000] {dag.py:3036} INFO - Sync 1 DAGs
[2026-03-14T14:34:03.227+0000] {logging_mixin.py:188} INFO - [2026-03-14T14:34:03.227+0000] {dag.py:3823} INFO - Setting next_dagrun for dag_dbt_taller to None, run_after=None
[2026-03-14T14:34:03.285+0000] {processor.py:183} INFO - Processing /opt/airflow/dags/dag_dbt_taller.py took 0.486 seconds
[2026-03-14T14:34:34.798+0000] {processor.py:161} INFO - Started process (PID=499) to work on /opt/airflow/dags/dag_dbt_taller.py
[2026-03-14T14:34:34.803+0000] {processor.py:830} INFO - Processing file /opt/airflow/dags/dag_dbt_taller.py for tasks to queue
[2026-03-14T14:34:34.807+0000] {logging_mixin.py:188} INFO - [2026-03-14T14:34:34.806+0000] {dagbag.py:538} INFO - Filling up the DagBag from /opt/airflow/dags/dag_dbt_taller.py
[2026-03-14T14:34:34.860+0000] {processor.py:840} INFO - DAG(s) 'dag_dbt_taller' retrieved from /opt/airflow/dags/dag_dbt_taller.py
[2026-03-14T14:34:34.914+0000] {logging_mixin.py:188} INFO - [2026-03-14T14:34:34.914+0000] {dag.py:3036} INFO - Sync 1 DAGs
[2026-03-14T14:34:34.937+0000] {logging_mixin.py:188} INFO - [2026-03-14T14:34:34.936+0000] {dag.py:3823} INFO - Setting next_dagrun for dag_dbt_taller to None, run_after=None
[2026-03-14T14:34:34.970+0000] {processor.py:183} INFO - Processing /opt/airflow/dags/dag_dbt_taller.py took 0.181 seconds
[2026-03-14T14:35:07.209+0000] {processor.py:161} INFO - Started process (PID=515) to work on /opt/airflow/dags/dag_dbt_taller.py
[2026-03-14T14:35:07.211+0000] {processor.py:830} INFO - Processing file /opt/airflow/dags/dag_dbt_taller.py for tasks to queue
[2026-03-14T14:35:07.213+0000] {logging_mixin.py:188} INFO - [2026-03-14T14:35:07.212+0000] {dagbag.py:538} INFO - Filling up the DagBag from /opt/airflow/dags/dag_dbt_taller.py
[2026-03-14T14:35:07.257+0000] {processor.py:840} INFO - DAG(s) 'dag_dbt_taller' retrieved from /opt/airflow/dags/dag_dbt_taller.py
[2026-03-14T14:35:07.307+0000] {logging_mixin.py:188} INFO - [2026-03-14T14:35:07.307+0000] {dag.py:3036} INFO - Sync 1 DAGs
[2026-03-14T14:35:07.334+0000] {logging_mixin.py:188} INFO - [2026-03-14T14:35:07.333+0000] {dag.py:3823} INFO - Setting next_dagrun for dag_dbt_taller to None, run_after=None
[2026-03-14T14:35:07.405+0000] {processor.py:183} INFO - Processing /opt/airflow/dags/dag_dbt_taller.py took 0.204 seconds
[2026-03-14T14:35:39.055+0000] {processor.py:161} INFO - Started process (PID=531) to work on /opt/airflow/dags/dag_dbt_taller.py
[2026-03-14T14:35:39.058+0000] {processor.py:830} INFO - Processing file /opt/airflow/dags/dag_dbt_taller.py for tasks to queue
[2026-03-14T14:35:39.061+0000] {logging_mixin.py:188} INFO - [2026-03-14T14:35:39.060+0000] {dagbag.py:538} INFO - Filling up the DagBag from /opt/airflow/dags/dag_dbt_taller.py
[2026-03-14T14:35:39.166+0000] {processor.py:840} INFO - DAG(s) 'dag_dbt_taller' retrieved from /opt/airflow/dags/dag_dbt_taller.py
[2026-03-14T14:35:39.324+0000] {logging_mixin.py:188} INFO - [2026-03-14T14:35:39.323+0000] {dag.py:3036} INFO - Sync 1 DAGs
[2026-03-14T14:35:39.378+0000] {logging_mixin.py:188} INFO - [2026-03-14T14:35:39.377+0000] {dag.py:3823} INFO - Setting next_dagrun for dag_dbt_taller to None, run_after=None
[2026-03-14T14:35:39.466+0000] {processor.py:183} INFO - Processing /opt/airflow/dags/dag_dbt_taller.py took 0.423 seconds
[2026-03-14T14:36:11.567+0000] {processor.py:161} INFO - Started process (PID=547) to work on /opt/airflow/dags/dag_dbt_taller.py
[2026-03-14T14:36:11.569+0000] {processor.py:830} INFO - Processing file /opt/airflow/dags/dag_dbt_taller.py for tasks to queue
[2026-03-14T14:36:11.572+0000] {logging_mixin.py:188} INFO - [2026-03-14T14:36:11.571+0000] {dagbag.py:538} INFO - Filling up the DagBag from /opt/airflow/dags/dag_dbt_taller.py
[2026-03-14T14:36:11.613+0000] {processor.py:840} INFO - DAG(s) 'dag_dbt_taller' retrieved from /opt/airflow/dags/dag_dbt_taller.py
[2026-03-14T14:36:11.666+0000] {logging_mixin.py:188} INFO - [2026-03-14T14:36:11.665+0000] {dag.py:3036} INFO - Sync 1 DAGs
[2026-03-14T14:36:11.689+0000] {logging_mixin.py:188} INFO - [2026-03-14T14:36:11.689+0000] {dag.py:3823} INFO - Setting next_dagrun for dag_dbt_taller to None, run_after=None
[2026-03-14T14:36:11.754+0000] {processor.py:183} INFO - Processing /opt/airflow/dags/dag_dbt_taller.py took 0.196 seconds
[2026-03-14T14:36:43.384+0000] {processor.py:161} INFO - Started process (PID=563) to work on /opt/airflow/dags/dag_dbt_taller.py
[2026-03-14T14:36:43.386+0000] {processor.py:830} INFO - Processing file /opt/airflow/dags/dag_dbt_taller.py for tasks to queue
[2026-03-14T14:36:43.389+0000] {logging_mixin.py:188} INFO - [2026-03-14T14:36:43.388+0000] {dagbag.py:538} INFO - Filling up the DagBag from /opt/airflow/dags/dag_dbt_taller.py
[2026-03-14T14:36:43.508+0000] {processor.py:840} INFO - DAG(s) 'dag_dbt_taller' retrieved from /opt/airflow/dags/dag_dbt_taller.py
[2026-03-14T14:36:43.613+0000] {logging_mixin.py:188} INFO - [2026-03-14T14:36:43.612+0000] {dag.py:3036} INFO - Sync 1 DAGs
[2026-03-14T14:36:43.646+0000] {logging_mixin.py:188} INFO - [2026-03-14T14:36:43.646+0000] {dag.py:3823} INFO - Setting next_dagrun for dag_dbt_taller to None, run_after=None
[2026-03-14T14:36:43.749+0000] {processor.py:183} INFO - Processing /opt/airflow/dags/dag_dbt_taller.py took 0.382 seconds
[2026-03-14T14:37:15.268+0000] {processor.py:161} INFO - Started process (PID=579) to work on /opt/airflow/dags/dag_dbt_taller.py
[2026-03-14T14:37:15.270+0000] {processor.py:830} INFO - Processing file /opt/airflow/dags/dag_dbt_taller.py for tasks to queue
[2026-03-14T14:37:15.272+0000] {logging_mixin.py:188} INFO - [2026-03-14T14:37:15.272+0000] {dagbag.py:538} INFO - Filling up the DagBag from /opt/airflow/dags/dag_dbt_taller.py
[2026-03-14T14:37:15.318+0000] {processor.py:840} INFO - DAG(s) 'dag_dbt_taller' retrieved from /opt/airflow/dags/dag_dbt_taller.py
[2026-03-14T14:37:15.388+0000] {logging_mixin.py:188} INFO - [2026-03-14T14:37:15.387+0000] {dag.py:3036} INFO - Sync 1 DAGs
[2026-03-14T14:37:15.437+0000] {logging_mixin.py:188} INFO - [2026-03-14T14:37:15.436+0000] {dag.py:3823} INFO - Setting next_dagrun for dag_dbt_taller to None, run_after=None
[2026-03-14T14:37:15.516+0000] {processor.py:183} INFO - Processing /opt/airflow/dags/dag_dbt_taller.py took 0.254 seconds
[2026-03-14T14:37:47.349+0000] {processor.py:161} INFO - Started process (PID=595) to work on /opt/airflow/dags/dag_dbt_taller.py
[2026-03-14T14:37:47.352+0000] {processor.py:830} INFO - Processing file /opt/airflow/dags/dag_dbt_taller.py for tasks to queue
[2026-03-14T14:37:47.354+0000] {logging_mixin.py:188} INFO - [2026-03-14T14:37:47.354+0000] {dagbag.py:538} INFO - Filling up the DagBag from /opt/airflow/dags/dag_dbt_taller.py
[2026-03-14T14:37:47.408+0000] {processor.py:840} INFO - DAG(s) 'dag_dbt_taller' retrieved from /opt/airflow/dags/dag_dbt_taller.py
[2026-03-14T14:37:47.491+0000] {logging_mixin.py:188} INFO - [2026-03-14T14:37:47.491+0000] {dag.py:3036} INFO - Sync 1 DAGs
[2026-03-14T14:37:47.524+0000] {logging_mixin.py:188} INFO - [2026-03-14T14:37:47.524+0000] {dag.py:3823} INFO - Setting next_dagrun for dag_dbt_taller to None, run_after=None
[2026-03-14T14:37:47.563+0000] {processor.py:183} INFO - Processing /opt/airflow/dags/dag_dbt_taller.py took 0.221 seconds
[2026-03-14T14:38:19.718+0000] {processor.py:161} INFO - Started process (PID=611) to work on /opt/airflow/dags/dag_dbt_taller.py
[2026-03-14T14:38:19.722+0000] {processor.py:830} INFO - Processing file /opt/airflow/dags/dag_dbt_taller.py for tasks to queue
[2026-03-14T14:38:19.725+0000] {logging_mixin.py:188} INFO - [2026-03-14T14:38:19.724+0000] {dagbag.py:538} INFO - Filling up the DagBag from /opt/airflow/dags/dag_dbt_taller.py
[2026-03-14T14:38:19.823+0000] {processor.py:840} INFO - DAG(s) 'dag_dbt_taller' retrieved from /opt/airflow/dags/dag_dbt_taller.py
[2026-03-14T14:38:19.958+0000] {logging_mixin.py:188} INFO - [2026-03-14T14:38:19.957+0000] {dag.py:3036} INFO - Sync 1 DAGs
[2026-03-14T14:38:20.021+0000] {logging_mixin.py:188} INFO - [2026-03-14T14:38:20.021+0000] {dag.py:3823} INFO - Setting next_dagrun for dag_dbt_taller to None, run_after=None
[2026-03-14T14:38:20.113+0000] {processor.py:183} INFO - Processing /opt/airflow/dags/dag_dbt_taller.py took 0.410 seconds
[2026-03-14T14:38:51.437+0000] {processor.py:161} INFO - Started process (PID=627) to work on /opt/airflow/dags/dag_dbt_taller.py
[2026-03-14T14:38:51.440+0000] {processor.py:830} INFO - Processing file /opt/airflow/dags/dag_dbt_taller.py for tasks to queue
[2026-03-14T14:38:51.443+0000] {logging_mixin.py:188} INFO - [2026-03-14T14:38:51.442+0000] {dagbag.py:538} INFO - Filling up the DagBag from /opt/airflow/dags/dag_dbt_taller.py
[2026-03-14T14:38:51.486+0000] {processor.py:840} INFO - DAG(s) 'dag_dbt_taller' retrieved from /opt/airflow/dags/dag_dbt_taller.py
[2026-03-14T14:38:51.535+0000] {logging_mixin.py:188} INFO - [2026-03-14T14:38:51.535+0000] {dag.py:3036} INFO - Sync 1 DAGs
[2026-03-14T14:38:51.554+0000] {logging_mixin.py:188} INFO - [2026-03-14T14:38:51.553+0000] {dag.py:3823} INFO - Setting next_dagrun for dag_dbt_taller to None, run_after=None
[2026-03-14T14:38:51.611+0000] {processor.py:183} INFO - Processing /opt/airflow/dags/dag_dbt_taller.py took 0.182 seconds
[2026-03-14T14:39:23.363+0000] {processor.py:161} INFO - Started process (PID=643) to work on /opt/airflow/dags/dag_dbt_taller.py
[2026-03-14T14:39:23.366+0000] {processor.py:830} INFO - Processing file /opt/airflow/dags/dag_dbt_taller.py for tasks to queue
[2026-03-14T14:39:23.368+0000] {logging_mixin.py:188} INFO - [2026-03-14T14:39:23.368+0000] {dagbag.py:538} INFO - Filling up the DagBag from /opt/airflow/dags/dag_dbt_taller.py
[2026-03-14T14:39:23.423+0000] {processor.py:840} INFO - DAG(s) 'dag_dbt_taller' retrieved from /opt/airflow/dags/dag_dbt_taller.py
[2026-03-14T14:39:23.476+0000] {logging_mixin.py:188} INFO - [2026-03-14T14:39:23.475+0000] {dag.py:3036} INFO - Sync 1 DAGs
[2026-03-14T14:39:23.496+0000] {logging_mixin.py:188} INFO - [2026-03-14T14:39:23.496+0000] {dag.py:3823} INFO - Setting next_dagrun for dag_dbt_taller to None, run_after=None
[2026-03-14T14:39:23.536+0000] {processor.py:183} INFO - Processing /opt/airflow/dags/dag_dbt_taller.py took 0.182 seconds
[2026-03-14T14:39:53.915+0000] {processor.py:161} INFO - Started process (PID=659) to work on /opt/airflow/dags/dag_dbt_taller.py
[2026-03-14T14:39:53.917+0000] {processor.py:830} INFO - Processing file /opt/airflow/dags/dag_dbt_taller.py for tasks to queue
[2026-03-14T14:39:53.920+0000] {logging_mixin.py:188} INFO - [2026-03-14T14:39:53.920+0000] {dagbag.py:538} INFO - Filling up the DagBag from /opt/airflow/dags/dag_dbt_taller.py
[2026-03-14T14:39:53.951+0000] {processor.py:840} INFO - DAG(s) 'dag_dbt_taller' retrieved from /opt/airflow/dags/dag_dbt_taller.py
[2026-03-14T14:39:55.356+0000] {logging_mixin.py:188} INFO - [2026-03-14T14:39:55.355+0000] {dag.py:3036} INFO - Sync 1 DAGs
[2026-03-14T14:39:55.385+0000] {logging_mixin.py:188} INFO - [2026-03-14T14:39:55.384+0000] {dag.py:3823} INFO - Setting next_dagrun for dag_dbt_taller to None, run_after=None
[2026-03-14T14:39:55.476+0000] {processor.py:183} INFO - Processing /opt/airflow/dags/dag_dbt_taller.py took 0.210 seconds
[2026-03-14T14:40:27.941+0000] {processor.py:161} INFO - Started process (PID=675) to work on /opt/airflow/dags/dag_dbt_taller.py
[2026-03-14T14:40:27.943+0000] {processor.py:830} INFO - Processing file /opt/airflow/dags/dag_dbt_taller.py for tasks to queue
[2026-03-14T14:40:27.945+0000] {logging_mixin.py:188} INFO - [2026-03-14T14:40:27.944+0000] {dagbag.py:538} INFO - Filling up the DagBag from /opt/airflow/dags/dag_dbt_taller.py
[2026-03-14T14:40:27.993+0000] {processor.py:840} INFO - DAG(s) 'dag_dbt_taller' retrieved from /opt/airflow/dags/dag_dbt_taller.py
[2026-03-14T14:40:28.049+0000] {logging_mixin.py:188} INFO - [2026-03-14T14:40:28.049+0000] {dag.py:3036} INFO - Sync 1 DAGs
[2026-03-14T14:40:28.071+0000] {logging_mixin.py:188} INFO - [2026-03-14T14:40:28.071+0000] {dag.py:3823} INFO - Setting next_dagrun for dag_dbt_taller to None, run_after=None
[2026-03-14T14:40:28.105+0000] {processor.py:183} INFO - Processing /opt/airflow/dags/dag_dbt_taller.py took 0.171 seconds
[2026-03-14T14:41:00.067+0000] {processor.py:161} INFO - Started process (PID=691) to work on /opt/airflow/dags/dag_dbt_taller.py
[2026-03-14T14:41:00.071+0000] {processor.py:830} INFO - Processing file /opt/airflow/dags/dag_dbt_taller.py for tasks to queue
[2026-03-14T14:41:00.076+0000] {logging_mixin.py:188} INFO - [2026-03-14T14:41:00.075+0000] {dagbag.py:538} INFO - Filling up the DagBag from /opt/airflow/dags/dag_dbt_taller.py
[2026-03-14T14:41:00.240+0000] {processor.py:840} INFO - DAG(s) 'dag_dbt_taller' retrieved from /opt/airflow/dags/dag_dbt_taller.py
[2026-03-14T14:41:00.359+0000] {logging_mixin.py:188} INFO - [2026-03-14T14:41:00.358+0000] {dag.py:3036} INFO - Sync 1 DAGs
[2026-03-14T14:41:00.391+0000] {logging_mixin.py:188} INFO - [2026-03-14T14:41:00.391+0000] {dag.py:3823} INFO - Setting next_dagrun for dag_dbt_taller to None, run_after=None
[2026-03-14T14:41:00.433+0000] {processor.py:183} INFO - Processing /opt/airflow/dags/dag_dbt_taller.py took 0.383 seconds
[2026-03-14T14:41:32.104+0000] {processor.py:161} INFO - Started process (PID=707) to work on /opt/airflow/dags/dag_dbt_taller.py
[2026-03-14T14:41:32.107+0000] {processor.py:830} INFO - Processing file /opt/airflow/dags/dag_dbt_taller.py for tasks to queue
[2026-03-14T14:41:32.112+0000] {logging_mixin.py:188} INFO - [2026-03-14T14:41:32.109+0000] {dagbag.py:538} INFO - Filling up the DagBag from /opt/airflow/dags/dag_dbt_taller.py
[2026-03-14T14:41:32.172+0000] {processor.py:840} INFO - DAG(s) 'dag_dbt_taller' retrieved from /opt/airflow/dags/dag_dbt_taller.py
[2026-03-14T14:41:32.223+0000] {logging_mixin.py:188} INFO - [2026-03-14T14:41:32.223+0000] {dag.py:3036} INFO - Sync 1 DAGs
[2026-03-14T14:41:32.261+0000] {logging_mixin.py:188} INFO - [2026-03-14T14:41:32.260+0000] {dag.py:3823} INFO - Setting next_dagrun for dag_dbt_taller to None, run_after=None
[2026-03-14T14:41:32.316+0000] {processor.py:183} INFO - Processing /opt/airflow/dags/dag_dbt_taller.py took 0.221 seconds
[2026-03-14T14:42:04.324+0000] {processor.py:161} INFO - Started process (PID=740) to work on /opt/airflow/dags/dag_dbt_taller.py
[2026-03-14T14:42:04.328+0000] {processor.py:830} INFO - Processing file /opt/airflow/dags/dag_dbt_taller.py for tasks to queue
[2026-03-14T14:42:04.330+0000] {logging_mixin.py:188} INFO - [2026-03-14T14:42:04.330+0000] {dagbag.py:538} INFO - Filling up the DagBag from /opt/airflow/dags/dag_dbt_taller.py
[2026-03-14T14:42:04.487+0000] {processor.py:840} INFO - DAG(s) 'dag_dbt_taller' retrieved from /opt/airflow/dags/dag_dbt_taller.py
[2026-03-14T14:42:04.647+0000] {logging_mixin.py:188} INFO - [2026-03-14T14:42:04.639+0000] {dag.py:3036} INFO - Sync 1 DAGs
[2026-03-14T14:42:04.737+0000] {logging_mixin.py:188} INFO - [2026-03-14T14:42:04.736+0000] {dag.py:3823} INFO - Setting next_dagrun for dag_dbt_taller to None, run_after=None
[2026-03-14T14:42:04.858+0000] {processor.py:183} INFO - Processing /opt/airflow/dags/dag_dbt_taller.py took 0.552 seconds
[2026-03-14T14:42:36.278+0000] {processor.py:161} INFO - Started process (PID=779) to work on /opt/airflow/dags/dag_dbt_taller.py
[2026-03-14T14:42:36.281+0000] {processor.py:830} INFO - Processing file /opt/airflow/dags/dag_dbt_taller.py for tasks to queue
[2026-03-14T14:42:36.287+0000] {logging_mixin.py:188} INFO - [2026-03-14T14:42:36.287+0000] {dagbag.py:538} INFO - Filling up the DagBag from /opt/airflow/dags/dag_dbt_taller.py
[2026-03-14T14:42:36.328+0000] {processor.py:840} INFO - DAG(s) 'dag_dbt_taller' retrieved from /opt/airflow/dags/dag_dbt_taller.py
[2026-03-14T14:42:36.375+0000] {logging_mixin.py:188} INFO - [2026-03-14T14:42:36.375+0000] {dag.py:3036} INFO - Sync 1 DAGs
[2026-03-14T14:42:36.405+0000] {logging_mixin.py:188} INFO - [2026-03-14T14:42:36.405+0000] {dag.py:3823} INFO - Setting next_dagrun for dag_dbt_taller to None, run_after=None
[2026-03-14T14:42:36.446+0000] {processor.py:183} INFO - Processing /opt/airflow/dags/dag_dbt_taller.py took 0.177 seconds
[2026-03-14T14:43:08.754+0000] {processor.py:161} INFO - Started process (PID=795) to work on /opt/airflow/dags/dag_dbt_taller.py
[2026-03-14T14:43:08.756+0000] {processor.py:830} INFO - Processing file /opt/airflow/dags/dag_dbt_taller.py for tasks to queue
[2026-03-14T14:43:08.758+0000] {logging_mixin.py:188} INFO - [2026-03-14T14:43:08.757+0000] {dagbag.py:538} INFO - Filling up the DagBag from /opt/airflow/dags/dag_dbt_taller.py
[2026-03-14T14:43:08.799+0000] {processor.py:840} INFO - DAG(s) 'dag_dbt_taller' retrieved from /opt/airflow/dags/dag_dbt_taller.py
[2026-03-14T14:43:08.879+0000] {logging_mixin.py:188} INFO - [2026-03-14T14:43:08.879+0000] {dag.py:3036} INFO - Sync 1 DAGs
[2026-03-14T14:43:08.911+0000] {logging_mixin.py:188} INFO - [2026-03-14T14:43:08.911+0000] {dag.py:3823} INFO - Setting next_dagrun for dag_dbt_taller to None, run_after=None
[2026-03-14T14:43:09.156+0000] {processor.py:183} INFO - Processing /opt/airflow/dags/dag_dbt_taller.py took 0.410 seconds
[2026-03-14T14:43:40.722+0000] {processor.py:161} INFO - Started process (PID=811) to work on /opt/airflow/dags/dag_dbt_taller.py
[2026-03-14T14:43:40.735+0000] {processor.py:830} INFO - Processing file /opt/airflow/dags/dag_dbt_taller.py for tasks to queue
[2026-03-14T14:43:40.737+0000] {logging_mixin.py:188} INFO - [2026-03-14T14:43:40.737+0000] {dagbag.py:538} INFO - Filling up the DagBag from /opt/airflow/dags/dag_dbt_taller.py
[2026-03-14T14:43:40.826+0000] {processor.py:840} INFO - DAG(s) 'dag_dbt_taller' retrieved from /opt/airflow/dags/dag_dbt_taller.py
[2026-03-14T14:43:40.919+0000] {logging_mixin.py:188} INFO - [2026-03-14T14:43:40.918+0000] {dag.py:3036} INFO - Sync 1 DAGs
[2026-03-14T14:43:40.950+0000] {logging_mixin.py:188} INFO - [2026-03-14T14:43:40.950+0000] {dag.py:3823} INFO - Setting next_dagrun for dag_dbt_taller to None, run_after=None
[2026-03-14T14:43:41.010+0000] {processor.py:183} INFO - Processing /opt/airflow/dags/dag_dbt_taller.py took 0.303 seconds
[2026-03-14T14:43:56.956+0000] {processor.py:161} INFO - Started process (PID=827) to work on /opt/airflow/dags/dag_dbt_taller.py
[2026-03-14T14:43:56.959+0000] {processor.py:830} INFO - Processing file /opt/airflow/dags/dag_dbt_taller.py for tasks to queue
[2026-03-14T14:43:56.961+0000] {logging_mixin.py:188} INFO - [2026-03-14T14:43:56.960+0000] {dagbag.py:538} INFO - Filling up the DagBag from /opt/airflow/dags/dag_dbt_taller.py
[2026-03-14T14:43:57.039+0000] {processor.py:840} INFO - DAG(s) 'dag_dbt_taller' retrieved from /opt/airflow/dags/dag_dbt_taller.py
[2026-03-14T14:43:57.105+0000] {logging_mixin.py:188} INFO - [2026-03-14T14:43:57.105+0000] {dag.py:3036} INFO - Sync 1 DAGs
[2026-03-14T14:43:57.125+0000] {logging_mixin.py:188} INFO - [2026-03-14T14:43:57.125+0000] {dag.py:3823} INFO - Setting next_dagrun for dag_dbt_taller to None, run_after=None
[2026-03-14T14:43:57.172+0000] {processor.py:183} INFO - Processing /opt/airflow/dags/dag_dbt_taller.py took 0.223 seconds
[2026-03-14T14:44:27.463+0000] {processor.py:161} INFO - Started process (PID=843) to work on /opt/airflow/dags/dag_dbt_taller.py
[2026-03-14T14:44:27.465+0000] {processor.py:830} INFO - Processing file /opt/airflow/dags/dag_dbt_taller.py for tasks to queue
[2026-03-14T14:44:27.467+0000] {logging_mixin.py:188} INFO - [2026-03-14T14:44:27.467+0000] {dagbag.py:538} INFO - Filling up the DagBag from /opt/airflow/dags/dag_dbt_taller.py
[2026-03-14T14:44:27.517+0000] {processor.py:840} INFO - DAG(s) 'dag_dbt_taller' retrieved from /opt/airflow/dags/dag_dbt_taller.py
[2026-03-14T14:44:27.574+0000] {logging_mixin.py:188} INFO - [2026-03-14T14:44:27.574+0000] {dag.py:3036} INFO - Sync 1 DAGs
[2026-03-14T14:44:27.589+0000] {logging_mixin.py:188} INFO - [2026-03-14T14:44:27.589+0000] {dag.py:3823} INFO - Setting next_dagrun for dag_dbt_taller to None, run_after=None
[2026-03-14T14:44:27.645+0000] {processor.py:183} INFO - Processing /opt/airflow/dags/dag_dbt_taller.py took 0.190 seconds
[2026-03-14T14:44:57.855+0000] {processor.py:161} INFO - Started process (PID=859) to work on /opt/airflow/dags/dag_dbt_taller.py
[2026-03-14T14:44:57.857+0000] {processor.py:830} INFO - Processing file /opt/airflow/dags/dag_dbt_taller.py for tasks to queue
[2026-03-14T14:44:57.858+0000] {logging_mixin.py:188} INFO - [2026-03-14T14:44:57.858+0000] {dagbag.py:538} INFO - Filling up the DagBag from /opt/airflow/dags/dag_dbt_taller.py
[2026-03-14T14:44:57.897+0000] {processor.py:840} INFO - DAG(s) 'dag_dbt_taller' retrieved from /opt/airflow/dags/dag_dbt_taller.py
[2026-03-14T14:44:57.943+0000] {logging_mixin.py:188} INFO - [2026-03-14T14:44:57.942+0000] {dag.py:3036} INFO - Sync 1 DAGs
[2026-03-14T14:44:57.961+0000] {logging_mixin.py:188} INFO - [2026-03-14T14:44:57.960+0000] {dag.py:3823} INFO - Setting next_dagrun for dag_dbt_taller to None, run_after=None
[2026-03-14T14:44:57.989+0000] {processor.py:183} INFO - Processing /opt/airflow/dags/dag_dbt_taller.py took 0.139 seconds
[2026-03-14T14:45:28.454+0000] {processor.py:161} INFO - Started process (PID=875) to work on /opt/airflow/dags/dag_dbt_taller.py
[2026-03-14T14:45:28.456+0000] {processor.py:830} INFO - Processing file /opt/airflow/dags/dag_dbt_taller.py for tasks to queue
[2026-03-14T14:45:28.457+0000] {logging_mixin.py:188} INFO - [2026-03-14T14:45:28.457+0000] {dagbag.py:538} INFO - Filling up the DagBag from /opt/airflow/dags/dag_dbt_taller.py
[2026-03-14T14:45:28.500+0000] {processor.py:840} INFO - DAG(s) 'dag_dbt_taller' retrieved from /opt/airflow/dags/dag_dbt_taller.py
[2026-03-14T14:45:28.545+0000] {logging_mixin.py:188} INFO - [2026-03-14T14:45:28.545+0000] {dag.py:3036} INFO - Sync 1 DAGs
[2026-03-14T14:45:28.569+0000] {logging_mixin.py:188} INFO - [2026-03-14T14:45:28.568+0000] {dag.py:3823} INFO - Setting next_dagrun for dag_dbt_taller to None, run_after=None
[2026-03-14T14:45:28.608+0000] {processor.py:183} INFO - Processing /opt/airflow/dags/dag_dbt_taller.py took 0.159 seconds
[2026-03-14T14:45:59.401+0000] {processor.py:161} INFO - Started process (PID=891) to work on /opt/airflow/dags/dag_dbt_taller.py
[2026-03-14T14:45:59.405+0000] {processor.py:830} INFO - Processing file /opt/airflow/dags/dag_dbt_taller.py for tasks to queue
[2026-03-14T14:45:59.410+0000] {logging_mixin.py:188} INFO - [2026-03-14T14:45:59.409+0000] {dagbag.py:538} INFO - Filling up the DagBag from /opt/airflow/dags/dag_dbt_taller.py
[2026-03-14T14:45:59.492+0000] {processor.py:840} INFO - DAG(s) 'dag_dbt_taller' retrieved from /opt/airflow/dags/dag_dbt_taller.py
[2026-03-14T14:45:59.578+0000] {logging_mixin.py:188} INFO - [2026-03-14T14:45:59.578+0000] {dag.py:3036} INFO - Sync 1 DAGs
[2026-03-14T14:45:59.650+0000] {logging_mixin.py:188} INFO - [2026-03-14T14:45:59.649+0000] {dag.py:3823} INFO - Setting next_dagrun for dag_dbt_taller to None, run_after=None
[2026-03-14T14:45:59.746+0000] {processor.py:183} INFO - Processing /opt/airflow/dags/dag_dbt_taller.py took 0.357 seconds
[2026-03-14T14:46:30.745+0000] {processor.py:161} INFO - Started process (PID=907) to work on /opt/airflow/dags/dag_dbt_taller.py
[2026-03-14T14:46:30.755+0000] {processor.py:830} INFO - Processing file /opt/airflow/dags/dag_dbt_taller.py for tasks to queue
[2026-03-14T14:46:30.765+0000] {logging_mixin.py:188} INFO - [2026-03-14T14:46:30.764+0000] {dagbag.py:538} INFO - Filling up the DagBag from /opt/airflow/dags/dag_dbt_taller.py
[2026-03-14T14:46:31.033+0000] {processor.py:840} INFO - DAG(s) 'dag_dbt_taller' retrieved from /opt/airflow/dags/dag_dbt_taller.py
[2026-03-14T14:46:31.243+0000] {logging_mixin.py:188} INFO - [2026-03-14T14:46:31.242+0000] {dag.py:3036} INFO - Sync 1 DAGs
[2026-03-14T14:46:31.301+0000] {logging_mixin.py:188} INFO - [2026-03-14T14:46:31.301+0000] {dag.py:3823} INFO - Setting next_dagrun for dag_dbt_taller to None, run_after=None
[2026-03-14T14:46:31.349+0000] {processor.py:183} INFO - Processing /opt/airflow/dags/dag_dbt_taller.py took 0.621 seconds
[2026-03-14T14:47:02.209+0000] {processor.py:161} INFO - Started process (PID=923) to work on /opt/airflow/dags/dag_dbt_taller.py
[2026-03-14T14:47:02.213+0000] {processor.py:830} INFO - Processing file /opt/airflow/dags/dag_dbt_taller.py for tasks to queue
[2026-03-14T14:47:02.226+0000] {logging_mixin.py:188} INFO - [2026-03-14T14:47:02.224+0000] {dagbag.py:538} INFO - Filling up the DagBag from /opt/airflow/dags/dag_dbt_taller.py
[2026-03-14T14:47:02.457+0000] {processor.py:840} INFO - DAG(s) 'dag_dbt_taller' retrieved from /opt/airflow/dags/dag_dbt_taller.py
[2026-03-14T14:47:02.703+0000] {logging_mixin.py:188} INFO - [2026-03-14T14:47:02.702+0000] {dag.py:3036} INFO - Sync 1 DAGs
[2026-03-14T14:47:02.826+0000] {logging_mixin.py:188} INFO - [2026-03-14T14:47:02.825+0000] {dag.py:3823} INFO - Setting next_dagrun for dag_dbt_taller to None, run_after=None
[2026-03-14T14:47:02.964+0000] {processor.py:183} INFO - Processing /opt/airflow/dags/dag_dbt_taller.py took 0.791 seconds
[2026-03-14T14:47:33.118+0000] {processor.py:161} INFO - Started process (PID=939) to work on /opt/airflow/dags/dag_dbt_taller.py
[2026-03-14T14:47:33.121+0000] {processor.py:830} INFO - Processing file /opt/airflow/dags/dag_dbt_taller.py for tasks to queue
[2026-03-14T14:47:33.126+0000] {logging_mixin.py:188} INFO - [2026-03-14T14:47:33.125+0000] {dagbag.py:538} INFO - Filling up the DagBag from /opt/airflow/dags/dag_dbt_taller.py
[2026-03-14T14:47:33.170+0000] {processor.py:840} INFO - DAG(s) 'dag_dbt_taller' retrieved from /opt/airflow/dags/dag_dbt_taller.py
[2026-03-14T14:47:33.207+0000] {logging_mixin.py:188} INFO - [2026-03-14T14:47:33.207+0000] {dag.py:3036} INFO - Sync 1 DAGs
[2026-03-14T14:47:33.226+0000] {logging_mixin.py:188} INFO - [2026-03-14T14:47:33.226+0000] {dag.py:3823} INFO - Setting next_dagrun for dag_dbt_taller to None, run_after=None
[2026-03-14T14:47:33.280+0000] {processor.py:183} INFO - Processing /opt/airflow/dags/dag_dbt_taller.py took 0.167 seconds
[2026-03-14T14:48:03.738+0000] {processor.py:161} INFO - Started process (PID=955) to work on /opt/airflow/dags/dag_dbt_taller.py
[2026-03-14T14:48:03.741+0000] {processor.py:830} INFO - Processing file /opt/airflow/dags/dag_dbt_taller.py for tasks to queue
[2026-03-14T14:48:03.744+0000] {logging_mixin.py:188} INFO - [2026-03-14T14:48:03.743+0000] {dagbag.py:538} INFO - Filling up the DagBag from /opt/airflow/dags/dag_dbt_taller.py
[2026-03-14T14:48:03.779+0000] {processor.py:840} INFO - DAG(s) 'dag_dbt_taller' retrieved from /opt/airflow/dags/dag_dbt_taller.py
[2026-03-14T14:48:03.824+0000] {logging_mixin.py:188} INFO - [2026-03-14T14:48:03.824+0000] {dag.py:3036} INFO - Sync 1 DAGs
[2026-03-14T14:48:03.851+0000] {logging_mixin.py:188} INFO - [2026-03-14T14:48:03.851+0000] {dag.py:3823} INFO - Setting next_dagrun for dag_dbt_taller to None, run_after=None
[2026-03-14T14:48:03.904+0000] {processor.py:183} INFO - Processing /opt/airflow/dags/dag_dbt_taller.py took 0.173 seconds
[2026-03-14T14:48:34.182+0000] {processor.py:161} INFO - Started process (PID=971) to work on /opt/airflow/dags/dag_dbt_taller.py
[2026-03-14T14:48:34.185+0000] {processor.py:830} INFO - Processing file /opt/airflow/dags/dag_dbt_taller.py for tasks to queue
[2026-03-14T14:48:34.188+0000] {logging_mixin.py:188} INFO - [2026-03-14T14:48:34.187+0000] {dagbag.py:538} INFO - Filling up the DagBag from /opt/airflow/dags/dag_dbt_taller.py
[2026-03-14T14:48:34.221+0000] {processor.py:840} INFO - DAG(s) 'dag_dbt_taller' retrieved from /opt/airflow/dags/dag_dbt_taller.py
[2026-03-14T14:48:34.260+0000] {logging_mixin.py:188} INFO - [2026-03-14T14:48:34.260+0000] {dag.py:3036} INFO - Sync 1 DAGs
[2026-03-14T14:48:34.280+0000] {logging_mixin.py:188} INFO - [2026-03-14T14:48:34.280+0000] {dag.py:3823} INFO - Setting next_dagrun for dag_dbt_taller to None, run_after=None
[2026-03-14T14:48:34.350+0000] {processor.py:183} INFO - Processing /opt/airflow/dags/dag_dbt_taller.py took 0.173 seconds
