[2026-03-24T20:15:53.391+0000] {taskinstance.py:1956} INFO - Dependencies all met for dep_context=non-requeueable deps ti=<TaskInstance: dag_dbt_calidad_aire.sembrar_calidad_aire manual__2026-03-24T20:15:49.487198+00:00 [queued]>
[2026-03-24T20:15:53.402+0000] {taskinstance.py:1956} INFO - Dependencies all met for dep_context=requeueable deps ti=<TaskInstance: dag_dbt_calidad_aire.sembrar_calidad_aire manual__2026-03-24T20:15:49.487198+00:00 [queued]>
[2026-03-24T20:15:53.403+0000] {taskinstance.py:2170} INFO - Starting attempt 1 of 1
[2026-03-24T20:15:53.475+0000] {taskinstance.py:2191} INFO - Executing <Task(_PythonDecoratedOperator): sembrar_calidad_aire> on 2026-03-24 20:15:49.487198+00:00
[2026-03-24T20:15:53.515+0000] {standard_task_runner.py:60} INFO - Started process 4998 to run task
[2026-03-24T20:15:53.529+0000] {standard_task_runner.py:87} INFO - Running: ['***', 'tasks', 'run', 'dag_dbt_calidad_aire', 'sembrar_calidad_aire', 'manual__2026-03-24T20:15:49.487198+00:00', '--job-id', '161', '--raw', '--subdir', 'DAGS_FOLDER/dag_dbt_calidad_aire.py', '--cfg-path', '/tmp/tmp9p8hvu71']
[2026-03-24T20:15:53.543+0000] {standard_task_runner.py:88} INFO - Job 161: Subtask sembrar_calidad_aire
[2026-03-24T20:15:53.615+0000] {logging_mixin.py:188} WARNING - /home/***/.local/lib/python3.8/site-packages/***/settings.py:194 DeprecationWarning: The sql_alchemy_conn option in [core] has been moved to the sql_alchemy_conn option in [database] - the old setting has been used, but please update your config.
[2026-03-24T20:15:53.757+0000] {task_command.py:423} INFO - Running <TaskInstance: dag_dbt_calidad_aire.sembrar_calidad_aire manual__2026-03-24T20:15:49.487198+00:00 [running]> on host 5f43b8fdce6c
[2026-03-24T20:15:54.141+0000] {taskinstance.py:2480} INFO - Exporting env vars: AIRFLOW_CTX_DAG_OWNER='***' AIRFLOW_CTX_DAG_ID='dag_dbt_calidad_aire' AIRFLOW_CTX_TASK_ID='sembrar_calidad_aire' AIRFLOW_CTX_EXECUTION_DATE='2026-03-24T20:15:49.487198+00:00' AIRFLOW_CTX_TRY_NUMBER='1' AIRFLOW_CTX_DAG_RUN_ID='manual__2026-03-24T20:15:49.487198+00:00'
[2026-03-24T20:15:54.143+0000] {logging_mixin.py:188} INFO - Ejecutando: dbt seed --select calidad_aire en /opt/***/dbt/proyecto_stalin
[2026-03-24T20:16:06.099+0000] {logging_mixin.py:188} INFO - Éxito:
20:15:59  Running with dbt=1.9.0-b2
20:16:00  Registered adapter: postgres=1.8.2
20:16:02  Found 4 models, 4 data tests, 2 seeds, 1 source, 424 macros
20:16:02  
20:16:02  Concurrency: 1 threads (target='dev')
20:16:02  
20:16:02  1 of 1 START seed file public.calidad_aire ..................................... [RUN]
20:16:03  1 of 1 OK loaded seed file public.calidad_aire ................................. [INSERT 4 in 0.48s]
20:16:03  
20:16:03  Finished running 1 seed in 0 hours 0 minutes and 0.78 seconds (0.78s).
20:16:03  
20:16:03  Completed successfully
20:16:03  
20:16:03  Done. PASS=1 WARN=0 ERROR=0 SKIP=0 TOTAL=1
[2026-03-24T20:16:06.100+0000] {python.py:201} INFO - Done. Returned value was: None
[2026-03-24T20:16:06.119+0000] {taskinstance.py:1138} INFO - Marking task as SUCCESS. dag_id=dag_dbt_calidad_aire, task_id=sembrar_calidad_aire, execution_date=20260324T201549, start_date=20260324T201553, end_date=20260324T201606
[2026-03-24T20:16:06.222+0000] {local_task_job_runner.py:234} INFO - Task exited with return code 0
[2026-03-24T20:16:06.251+0000] {taskinstance.py:3280} INFO - 0 downstream tasks scheduled from follow-on schedule check
