[2026-03-14T14:42:04.823+0000] {taskinstance.py:1956} INFO - Dependencies all met for dep_context=non-requeueable deps ti=<TaskInstance: dag_dbt_taller.sembrar_datos manual__2026-03-14T14:41:58.437507+00:00 [queued]>
[2026-03-14T14:42:04.874+0000] {taskinstance.py:1956} INFO - Dependencies all met for dep_context=requeueable deps ti=<TaskInstance: dag_dbt_taller.sembrar_datos manual__2026-03-14T14:41:58.437507+00:00 [queued]>
[2026-03-14T14:42:04.876+0000] {taskinstance.py:2170} INFO - Starting attempt 1 of 1
[2026-03-14T14:42:04.962+0000] {taskinstance.py:2191} INFO - Executing <Task(_PythonDecoratedOperator): sembrar_datos> on 2026-03-14 14:41:58.437507+00:00
[2026-03-14T14:42:04.988+0000] {standard_task_runner.py:60} INFO - Started process 752 to run task
[2026-03-14T14:42:04.995+0000] {standard_task_runner.py:87} INFO - Running: ['***', 'tasks', 'run', 'dag_dbt_taller', 'sembrar_datos', 'manual__2026-03-14T14:41:58.437507+00:00', '--job-id', '18', '--raw', '--subdir', 'DAGS_FOLDER/dag_dbt_taller.py', '--cfg-path', '/tmp/tmp4dlcm9y7']
[2026-03-14T14:42:05.037+0000] {standard_task_runner.py:88} INFO - Job 18: Subtask sembrar_datos
[2026-03-14T14:42:05.098+0000] {logging_mixin.py:188} WARNING - /home/***/.local/lib/python3.8/site-packages/***/settings.py:194 DeprecationWarning: The sql_alchemy_conn option in [core] has been moved to the sql_alchemy_conn option in [database] - the old setting has been used, but please update your config.
[2026-03-14T14:42:05.327+0000] {task_command.py:423} INFO - Running <TaskInstance: dag_dbt_taller.sembrar_datos manual__2026-03-14T14:41:58.437507+00:00 [running]> on host 7d6845c4d7f4
[2026-03-14T14:42:05.654+0000] {taskinstance.py:2480} INFO - Exporting env vars: AIRFLOW_CTX_DAG_OWNER='***' AIRFLOW_CTX_DAG_ID='dag_dbt_taller' AIRFLOW_CTX_TASK_ID='sembrar_datos' AIRFLOW_CTX_EXECUTION_DATE='2026-03-14T14:41:58.437507+00:00' AIRFLOW_CTX_TRY_NUMBER='1' AIRFLOW_CTX_DAG_RUN_ID='manual__2026-03-14T14:41:58.437507+00:00'
[2026-03-14T14:42:05.657+0000] {logging_mixin.py:188} INFO - Ejecutando: dbt seed en /opt/***/dbt/proyecto_unl
[2026-03-14T14:42:14.176+0000] {logging_mixin.py:188} INFO - Éxito:
14:42:08  Running with dbt=1.9.0-b2
14:42:10  Registered adapter: postgres=1.8.2
14:42:12  Found 4 models, 4 data tests, 1 seed, 1 source, 424 macros
14:42:12  
14:42:12  Concurrency: 1 threads (target='dev')
14:42:12  
14:42:12  1 of 1 START seed file public.datos_clima ...................................... [RUN]
14:42:13  1 of 1 OK loaded seed file public.datos_clima .................................. [INSERT 4 in 0.24s]
14:42:13  
14:42:13  Finished running 1 seed in 0 hours 0 minutes and 0.60 seconds (0.60s).
14:42:13  
14:42:13  Completed successfully
14:42:13  
14:42:13  Done. PASS=1 WARN=0 ERROR=0 SKIP=0 TOTAL=1
[2026-03-14T14:42:14.178+0000] {python.py:201} INFO - Done. Returned value was: None
[2026-03-14T14:42:14.204+0000] {taskinstance.py:1138} INFO - Marking task as SUCCESS. dag_id=dag_dbt_taller, task_id=sembrar_datos, execution_date=20260314T144158, start_date=20260314T144204, end_date=20260314T144214
[2026-03-14T14:42:14.253+0000] {local_task_job_runner.py:234} INFO - Task exited with return code 0
[2026-03-14T14:42:14.292+0000] {taskinstance.py:3280} INFO - 1 downstream tasks scheduled from follow-on schedule check
