[2026-03-24T20:54:34.901+0000] {taskinstance.py:1956} INFO - Dependencies all met for dep_context=non-requeueable deps ti=<TaskInstance: dag_dbt_calidad_aire.sembrar_calidad_aire manual__2026-03-24T20:54:28.333664+00:00 [queued]>
[2026-03-24T20:54:34.944+0000] {taskinstance.py:1956} INFO - Dependencies all met for dep_context=requeueable deps ti=<TaskInstance: dag_dbt_calidad_aire.sembrar_calidad_aire manual__2026-03-24T20:54:28.333664+00:00 [queued]>
[2026-03-24T20:54:34.945+0000] {taskinstance.py:2170} INFO - Starting attempt 1 of 1
[2026-03-24T20:54:35.076+0000] {taskinstance.py:2191} INFO - Executing <Task(_PythonDecoratedOperator): sembrar_calidad_aire> on 2026-03-24 20:54:28.333664+00:00
[2026-03-24T20:54:35.098+0000] {standard_task_runner.py:60} INFO - Started process 6752 to run task
[2026-03-24T20:54:35.116+0000] {standard_task_runner.py:87} INFO - Running: ['***', 'tasks', 'run', 'dag_dbt_calidad_aire', 'sembrar_calidad_aire', 'manual__2026-03-24T20:54:28.333664+00:00', '--job-id', '183', '--raw', '--subdir', 'DAGS_FOLDER/dag_dbt_calidad_aire.py', '--cfg-path', '/tmp/tmp7vl328ks']
[2026-03-24T20:54:35.132+0000] {standard_task_runner.py:88} INFO - Job 183: Subtask sembrar_calidad_aire
[2026-03-24T20:54:35.228+0000] {logging_mixin.py:188} WARNING - /home/***/.local/lib/python3.8/site-packages/***/settings.py:194 DeprecationWarning: The sql_alchemy_conn option in [core] has been moved to the sql_alchemy_conn option in [database] - the old setting has been used, but please update your config.
[2026-03-24T20:54:35.349+0000] {task_command.py:423} INFO - Running <TaskInstance: dag_dbt_calidad_aire.sembrar_calidad_aire manual__2026-03-24T20:54:28.333664+00:00 [running]> on host 5f43b8fdce6c
[2026-03-24T20:54:35.756+0000] {taskinstance.py:2480} INFO - Exporting env vars: AIRFLOW_CTX_DAG_OWNER='***' AIRFLOW_CTX_DAG_ID='dag_dbt_calidad_aire' AIRFLOW_CTX_TASK_ID='sembrar_calidad_aire' AIRFLOW_CTX_EXECUTION_DATE='2026-03-24T20:54:28.333664+00:00' AIRFLOW_CTX_TRY_NUMBER='1' AIRFLOW_CTX_DAG_RUN_ID='manual__2026-03-24T20:54:28.333664+00:00'
[2026-03-24T20:54:35.761+0000] {logging_mixin.py:188} INFO - Ejecutando: dbt seed en /opt/***/dbt/proyecto_stalin
[2026-03-24T20:54:46.531+0000] {logging_mixin.py:188} INFO - Éxito:
20:54:40  Running with dbt=1.9.0-b2
20:54:41  Registered adapter: postgres=1.8.2
20:54:44  Found 6 models, 4 data tests, 2 seeds, 2 sources, 424 macros
20:54:44  
20:54:44  Concurrency: 1 threads (target='dev')
20:54:44  
20:54:44  1 of 2 START seed file public.calidad_aire ..................................... [RUN]
20:54:44  1 of 2 OK loaded seed file public.calidad_aire ................................. [INSERT 4 in 0.39s]
20:54:44  2 of 2 START seed file public.datos_clima ...................................... [RUN]
20:54:44  2 of 2 OK loaded seed file public.datos_clima .................................. [INSERT 4 in 0.17s]
20:54:44  
20:54:44  Finished running 2 seeds in 0 hours 0 minutes and 0.90 seconds (0.90s).
20:54:45  
20:54:45  Completed successfully
20:54:45  
20:54:45  Done. PASS=2 WARN=0 ERROR=0 SKIP=0 TOTAL=2
[2026-03-24T20:54:46.532+0000] {python.py:201} INFO - Done. Returned value was: None
[2026-03-24T20:54:46.552+0000] {taskinstance.py:1138} INFO - Marking task as SUCCESS. dag_id=dag_dbt_calidad_aire, task_id=sembrar_calidad_aire, execution_date=20260324T205428, start_date=20260324T205434, end_date=20260324T205446
[2026-03-24T20:54:46.627+0000] {local_task_job_runner.py:234} INFO - Task exited with return code 0
[2026-03-24T20:54:46.671+0000] {taskinstance.py:3280} INFO - 1 downstream tasks scheduled from follow-on schedule check
