[2026-02-13T22:19:43.867+0000] {taskinstance.py:1956} INFO - Dependencies all met for dep_context=non-requeueable deps ti=<TaskInstance: 00_etl_basico_opa.extraer_api_y_explorar scheduled__2026-02-12T00:00:00+00:00 [queued]>
[2026-02-13T22:19:43.877+0000] {taskinstance.py:1956} INFO - Dependencies all met for dep_context=requeueable deps ti=<TaskInstance: 00_etl_basico_opa.extraer_api_y_explorar scheduled__2026-02-12T00:00:00+00:00 [queued]>
[2026-02-13T22:19:43.878+0000] {taskinstance.py:2170} INFO - Starting attempt 2 of 2
[2026-02-13T22:19:43.895+0000] {taskinstance.py:2191} INFO - Executing <Task(_PythonDecoratedOperator): extraer_api_y_explorar> on 2026-02-12 00:00:00+00:00
[2026-02-13T22:19:43.900+0000] {standard_task_runner.py:60} INFO - Started process 402 to run task
[2026-02-13T22:19:43.905+0000] {standard_task_runner.py:87} INFO - Running: ['***', 'tasks', 'run', '00_etl_basico_opa', 'extraer_api_y_explorar', 'scheduled__2026-02-12T00:00:00+00:00', '--job-id', '4', '--raw', '--subdir', 'DAGS_FOLDER/00_etl_basico_opa.py', '--cfg-path', '/tmp/tmph9ctz1ux']
[2026-02-13T22:19:43.909+0000] {standard_task_runner.py:88} INFO - Job 4: Subtask extraer_api_y_explorar
[2026-02-13T22:19:43.937+0000] {logging_mixin.py:188} WARNING - /home/***/.local/lib/python3.8/site-packages/***/settings.py:194 DeprecationWarning: The sql_alchemy_conn option in [core] has been moved to the sql_alchemy_conn option in [database] - the old setting has been used, but please update your config.
[2026-02-13T22:19:43.999+0000] {task_command.py:423} INFO - Running <TaskInstance: 00_etl_basico_opa.extraer_api_y_explorar scheduled__2026-02-12T00:00:00+00:00 [running]> on host 02dba0177cd3
[2026-02-13T22:19:44.306+0000] {taskinstance.py:2480} INFO - Exporting env vars: AIRFLOW_CTX_DAG_OWNER='maestria_bigdata' AIRFLOW_CTX_DAG_ID='00_etl_basico_opa' AIRFLOW_CTX_TASK_ID='extraer_api_y_explorar' AIRFLOW_CTX_EXECUTION_DATE='2026-02-12T00:00:00+00:00' AIRFLOW_CTX_TRY_NUMBER='2' AIRFLOW_CTX_DAG_RUN_ID='scheduled__2026-02-12T00:00:00+00:00'
[2026-02-13T22:19:44.307+0000] {logging_mixin.py:188} INFO - 📡 Solicitando clima actual para: Loja,EC
[2026-02-13T22:19:44.725+0000] {taskinstance.py:2698} ERROR - Task failed with exception
Traceback (most recent call last):
  File "/home/airflow/.local/lib/python3.8/site-packages/airflow/models/taskinstance.py", line 433, in _execute_task
    result = execute_callable(context=context, **execute_callable_kwargs)
  File "/home/airflow/.local/lib/python3.8/site-packages/airflow/decorators/base.py", line 241, in execute
    return_value = super().execute(context)
  File "/home/airflow/.local/lib/python3.8/site-packages/airflow/operators/python.py", line 199, in execute
    return_value = self.execute_callable()
  File "/home/airflow/.local/lib/python3.8/site-packages/airflow/operators/python.py", line 216, in execute_callable
    return self.python_callable(*self.op_args, **self.op_kwargs)
  File "/opt/airflow/dags/00_etl_basico_opa.py", line 39, in extraer_api_y_explorar
    response.raise_for_status()
  File "/home/airflow/.local/lib/python3.8/site-packages/requests/models.py", line 1021, in raise_for_status
    raise HTTPError(http_error_msg, response=self)
requests.exceptions.HTTPError: 401 Client Error: Unauthorized for url: https://api.openweathermap.org/data/2.5/weather?q=Loja,EC&appid=Tf270e6944923e5b76493372838b6f627&units=metric
[2026-02-13T22:19:44.740+0000] {taskinstance.py:1138} INFO - Marking task as FAILED. dag_id=00_etl_basico_opa, task_id=extraer_api_y_explorar, execution_date=20260212T000000, start_date=20260213T221943, end_date=20260213T221944
[2026-02-13T22:19:44.778+0000] {standard_task_runner.py:107} ERROR - Failed to execute job 4 for task extraer_api_y_explorar (401 Client Error: Unauthorized for url: https://api.openweathermap.org/data/2.5/weather?q=Loja,EC&appid=Tf270e6944923e5b76493372838b6f627&units=metric; 402)
[2026-02-13T22:19:44.801+0000] {local_task_job_runner.py:234} INFO - Task exited with return code 1
[2026-02-13T22:19:44.827+0000] {taskinstance.py:3280} INFO - 0 downstream tasks scheduled from follow-on schedule check
