[2026-03-24T20:25:23.225+0000] {taskinstance.py:1956} INFO - Dependencies all met for dep_context=non-requeueable deps ti=<TaskInstance: dag_dbt_calidad_aire.sembrar_calidad_aire manual__2026-03-24T20:25:17.833003+00:00 [queued]>
[2026-03-24T20:25:23.263+0000] {taskinstance.py:1956} INFO - Dependencies all met for dep_context=requeueable deps ti=<TaskInstance: dag_dbt_calidad_aire.sembrar_calidad_aire manual__2026-03-24T20:25:17.833003+00:00 [queued]>
[2026-03-24T20:25:23.264+0000] {taskinstance.py:2170} INFO - Starting attempt 1 of 1
[2026-03-24T20:25:23.339+0000] {taskinstance.py:2191} INFO - Executing <Task(_PythonDecoratedOperator): sembrar_calidad_aire> on 2026-03-24 20:25:17.833003+00:00
[2026-03-24T20:25:23.348+0000] {standard_task_runner.py:60} INFO - Started process 5395 to run task
[2026-03-24T20:25:23.357+0000] {standard_task_runner.py:87} INFO - Running: ['***', 'tasks', 'run', 'dag_dbt_calidad_aire', 'sembrar_calidad_aire', 'manual__2026-03-24T20:25:17.833003+00:00', '--job-id', '163', '--raw', '--subdir', 'DAGS_FOLDER/dag_dbt_calidad_aire.py', '--cfg-path', '/tmp/tmprr23lusf']
[2026-03-24T20:25:23.362+0000] {standard_task_runner.py:88} INFO - Job 163: Subtask sembrar_calidad_aire
[2026-03-24T20:25:23.429+0000] {logging_mixin.py:188} WARNING - /home/***/.local/lib/python3.8/site-packages/***/settings.py:194 DeprecationWarning: The sql_alchemy_conn option in [core] has been moved to the sql_alchemy_conn option in [database] - the old setting has been used, but please update your config.
[2026-03-24T20:25:23.529+0000] {task_command.py:423} INFO - Running <TaskInstance: dag_dbt_calidad_aire.sembrar_calidad_aire manual__2026-03-24T20:25:17.833003+00:00 [running]> on host 5f43b8fdce6c
[2026-03-24T20:25:23.890+0000] {taskinstance.py:2480} INFO - Exporting env vars: AIRFLOW_CTX_DAG_OWNER='***' AIRFLOW_CTX_DAG_ID='dag_dbt_calidad_aire' AIRFLOW_CTX_TASK_ID='sembrar_calidad_aire' AIRFLOW_CTX_EXECUTION_DATE='2026-03-24T20:25:17.833003+00:00' AIRFLOW_CTX_TRY_NUMBER='1' AIRFLOW_CTX_DAG_RUN_ID='manual__2026-03-24T20:25:17.833003+00:00'
[2026-03-24T20:25:23.894+0000] {logging_mixin.py:188} INFO - Ejecutando: dbt seed --select calidad_aire en /opt/***/dbt/proyecto_stalin
[2026-03-24T20:25:34.323+0000] {logging_mixin.py:188} INFO - Éxito:
20:25:29  Running with dbt=1.9.0-b2
20:25:30  Registered adapter: postgres=1.8.2
20:25:31  Found 4 models, 4 data tests, 2 seeds, 1 source, 424 macros
20:25:31  
20:25:31  Concurrency: 1 threads (target='dev')
20:25:31  
20:25:32  1 of 1 START seed file public.calidad_aire ..................................... [RUN]
20:25:32  1 of 1 OK loaded seed file public.calidad_aire ................................. [INSERT 4 in 0.51s]
20:25:32  
20:25:32  Finished running 1 seed in 0 hours 0 minutes and 1.03 seconds (1.03s).
20:25:32  
20:25:32  Completed successfully
20:25:32  
20:25:32  Done. PASS=1 WARN=0 ERROR=0 SKIP=0 TOTAL=1
[2026-03-24T20:25:34.325+0000] {python.py:201} INFO - Done. Returned value was: None
[2026-03-24T20:25:34.347+0000] {taskinstance.py:1138} INFO - Marking task as SUCCESS. dag_id=dag_dbt_calidad_aire, task_id=sembrar_calidad_aire, execution_date=20260324T202517, start_date=20260324T202523, end_date=20260324T202534
[2026-03-24T20:25:34.450+0000] {local_task_job_runner.py:234} INFO - Task exited with return code 0
[2026-03-24T20:25:34.493+0000] {taskinstance.py:3280} INFO - 1 downstream tasks scheduled from follow-on schedule check
