[2026-02-13T22:22:15.384+0000] {taskinstance.py:1956} INFO - Dependencies all met for dep_context=non-requeueable deps ti=<TaskInstance: 00_etl_basico_opa.extraer_api_y_explorar manual__2026-02-13T22:22:13.639512+00:00 [queued]>
[2026-02-13T22:22:15.393+0000] {taskinstance.py:1956} INFO - Dependencies all met for dep_context=requeueable deps ti=<TaskInstance: 00_etl_basico_opa.extraer_api_y_explorar manual__2026-02-13T22:22:13.639512+00:00 [queued]>
[2026-02-13T22:22:15.394+0000] {taskinstance.py:2170} INFO - Starting attempt 1 of 2
[2026-02-13T22:22:15.413+0000] {taskinstance.py:2191} INFO - Executing <Task(_PythonDecoratedOperator): extraer_api_y_explorar> on 2026-02-13 22:22:13.639512+00:00
[2026-02-13T22:22:15.419+0000] {standard_task_runner.py:60} INFO - Started process 455 to run task
[2026-02-13T22:22:15.423+0000] {standard_task_runner.py:87} INFO - Running: ['***', 'tasks', 'run', '00_etl_basico_opa', 'extraer_api_y_explorar', 'manual__2026-02-13T22:22:13.639512+00:00', '--job-id', '7', '--raw', '--subdir', 'DAGS_FOLDER/00_etl_basico_opa.py', '--cfg-path', '/tmp/tmpgvdjms65']
[2026-02-13T22:22:15.427+0000] {standard_task_runner.py:88} INFO - Job 7: Subtask extraer_api_y_explorar
[2026-02-13T22:22:15.451+0000] {logging_mixin.py:188} WARNING - /home/***/.local/lib/python3.8/site-packages/***/settings.py:194 DeprecationWarning: The sql_alchemy_conn option in [core] has been moved to the sql_alchemy_conn option in [database] - the old setting has been used, but please update your config.
[2026-02-13T22:22:15.518+0000] {task_command.py:423} INFO - Running <TaskInstance: 00_etl_basico_opa.extraer_api_y_explorar manual__2026-02-13T22:22:13.639512+00:00 [running]> on host 02dba0177cd3
[2026-02-13T22:22:15.863+0000] {taskinstance.py:2480} INFO - Exporting env vars: AIRFLOW_CTX_DAG_OWNER='maestria_bigdata' AIRFLOW_CTX_DAG_ID='00_etl_basico_opa' AIRFLOW_CTX_TASK_ID='extraer_api_y_explorar' AIRFLOW_CTX_EXECUTION_DATE='2026-02-13T22:22:13.639512+00:00' AIRFLOW_CTX_TRY_NUMBER='1' AIRFLOW_CTX_DAG_RUN_ID='manual__2026-02-13T22:22:13.639512+00:00'
[2026-02-13T22:22:15.864+0000] {logging_mixin.py:188} INFO - 📡 Solicitando clima actual para: Loja,EC
[2026-02-13T22:22:16.271+0000] {logging_mixin.py:188} INFO - 
==================================================
[2026-02-13T22:22:16.272+0000] {logging_mixin.py:188} INFO - 🔍 ESTRUCTURA DEL JSON RECIBIDO (RAW DATA):
[2026-02-13T22:22:16.273+0000] {logging_mixin.py:188} INFO - {
    "coord": {
        "lon": -79.2042,
        "lat": -3.9931
    },
    "weather": [
        {
            "id": 500,
            "main": "Rain",
            "description": "light rain",
            "icon": "10d"
        }
    ],
    "base": "stations",
    "main": {
        "temp": 19.67,
        "feels_like": 19.18,
        "temp_min": 19.67,
        "temp_max": 19.67,
        "pressure": 1013,
        "humidity": 57,
        "sea_level": 1013,
        "grnd_level": 797
    },
    "visibility": 10000,
    "wind": {
        "speed": 1.54,
        "deg": 110
    },
    "rain": {
        "1h": 0.16
    },
    "clouds": {
        "all": 100
    },
    "dt": 1771021203,
    "sys": {
        "type": 1,
        "id": 8540,
        "country": "EC",
        "sunrise": 1770981835,
        "sunset": 1771025900
    },
    "timezone": -18000,
    "id": 3654667,
    "name": "Loja",
    "cod": 200
}
[2026-02-13T22:22:16.274+0000] {logging_mixin.py:188} INFO - ==================================================
[2026-02-13T22:22:16.315+0000] {python.py:201} INFO - Done. Returned value was: /opt/***/dags/data_lake/simple_weather/raw/clima_crudo.json
[2026-02-13T22:22:16.344+0000] {taskinstance.py:1138} INFO - Marking task as SUCCESS. dag_id=00_etl_basico_opa, task_id=extraer_api_y_explorar, execution_date=20260213T222213, start_date=20260213T222215, end_date=20260213T222216
[2026-02-13T22:22:16.399+0000] {local_task_job_runner.py:234} INFO - Task exited with return code 0
[2026-02-13T22:22:16.427+0000] {taskinstance.py:3280} INFO - 1 downstream tasks scheduled from follow-on schedule check
