[2026-03-24T19:53:09.239+0000] {taskinstance.py:1956} INFO - Dependencies all met for dep_context=non-requeueable deps ti=<TaskInstance: dag_dbt_taller.sembrar_datos manual__2026-03-24T19:53:03.907730+00:00 [queued]>
[2026-03-24T19:53:09.278+0000] {taskinstance.py:1956} INFO - Dependencies all met for dep_context=requeueable deps ti=<TaskInstance: dag_dbt_taller.sembrar_datos manual__2026-03-24T19:53:03.907730+00:00 [queued]>
[2026-03-24T19:53:09.279+0000] {taskinstance.py:2170} INFO - Starting attempt 1 of 1
[2026-03-24T19:53:09.389+0000] {taskinstance.py:2191} INFO - Executing <Task(_PythonDecoratedOperator): sembrar_datos> on 2026-03-24 19:53:03.907730+00:00
[2026-03-24T19:53:09.396+0000] {standard_task_runner.py:60} INFO - Started process 4182 to run task
[2026-03-24T19:53:09.408+0000] {standard_task_runner.py:87} INFO - Running: ['***', 'tasks', 'run', 'dag_dbt_taller', 'sembrar_datos', 'manual__2026-03-24T19:53:03.907730+00:00', '--job-id', '152', '--raw', '--subdir', 'DAGS_FOLDER/dag_dbt_taller.py', '--cfg-path', '/tmp/tmplw06m9tp']
[2026-03-24T19:53:09.412+0000] {standard_task_runner.py:88} INFO - Job 152: Subtask sembrar_datos
[2026-03-24T19:53:09.467+0000] {logging_mixin.py:188} WARNING - /home/***/.local/lib/python3.8/site-packages/***/settings.py:194 DeprecationWarning: The sql_alchemy_conn option in [core] has been moved to the sql_alchemy_conn option in [database] - the old setting has been used, but please update your config.
[2026-03-24T19:53:09.551+0000] {task_command.py:423} INFO - Running <TaskInstance: dag_dbt_taller.sembrar_datos manual__2026-03-24T19:53:03.907730+00:00 [running]> on host 5f43b8fdce6c
[2026-03-24T19:53:09.763+0000] {taskinstance.py:2480} INFO - Exporting env vars: AIRFLOW_CTX_DAG_OWNER='***' AIRFLOW_CTX_DAG_ID='dag_dbt_taller' AIRFLOW_CTX_TASK_ID='sembrar_datos' AIRFLOW_CTX_EXECUTION_DATE='2026-03-24T19:53:03.907730+00:00' AIRFLOW_CTX_TRY_NUMBER='1' AIRFLOW_CTX_DAG_RUN_ID='manual__2026-03-24T19:53:03.907730+00:00'
[2026-03-24T19:53:09.767+0000] {logging_mixin.py:188} INFO - Ejecutando: dbt seed en /opt/***/dbt/proyecto_unl
[2026-03-24T19:53:15.942+0000] {logging_mixin.py:188} INFO - Error dbt:

19:53:14  Running with dbt=1.9.0-b2
19:53:14  Encountered an error:
Runtime Error
  No dbt_project.yml found at expected path /opt/***/dbt/proyecto_unl/dbt_project.yml
  Verify that each entry within packages.yml (and their transitive dependencies) contains a file named dbt_project.yml
[2026-03-24T19:53:17.947+0000] {logging_mixin.py:188} INFO - Ejecutando: dbt seed en /opt/***/dbt/proyecto_unl
[2026-03-24T19:53:23.655+0000] {logging_mixin.py:188} INFO - Error dbt:

19:53:22  Running with dbt=1.9.0-b2
19:53:22  Encountered an error:
Runtime Error
  No dbt_project.yml found at expected path /opt/***/dbt/proyecto_unl/dbt_project.yml
  Verify that each entry within packages.yml (and their transitive dependencies) contains a file named dbt_project.yml
[2026-03-24T19:53:25.659+0000] {logging_mixin.py:188} INFO - Ejecutando: dbt seed en /opt/***/dbt/proyecto_unl
[2026-03-24T19:53:30.981+0000] {logging_mixin.py:188} INFO - Error dbt:

19:53:29  Running with dbt=1.9.0-b2
19:53:29  Encountered an error:
Runtime Error
  No dbt_project.yml found at expected path /opt/***/dbt/proyecto_unl/dbt_project.yml
  Verify that each entry within packages.yml (and their transitive dependencies) contains a file named dbt_project.yml
[2026-03-24T19:53:30.985+0000] {taskinstance.py:2698} ERROR - Task failed with exception
Traceback (most recent call last):
  File "/home/airflow/.local/lib/python3.8/site-packages/tenacity/__init__.py", line 382, in __call__
    result = fn(*args, **kwargs)
  File "/opt/airflow/dags/dag_dbt_taller.py", line 21, in ejecutar_dbt_resiliente
    raise Exception(f"Fallo en: {comando}")
Exception: Fallo en: dbt seed

The above exception was the direct cause of the following exception:

Traceback (most recent call last):
  File "/home/airflow/.local/lib/python3.8/site-packages/airflow/models/taskinstance.py", line 433, in _execute_task
    result = execute_callable(context=context, **execute_callable_kwargs)
  File "/home/airflow/.local/lib/python3.8/site-packages/airflow/decorators/base.py", line 241, in execute
    return_value = super().execute(context)
  File "/home/airflow/.local/lib/python3.8/site-packages/airflow/operators/python.py", line 199, in execute
    return_value = self.execute_callable()
  File "/home/airflow/.local/lib/python3.8/site-packages/airflow/operators/python.py", line 216, in execute_callable
    return self.python_callable(*self.op_args, **self.op_kwargs)
  File "/opt/airflow/dags/dag_dbt_taller.py", line 105, in sembrar_datos
    ejecutar_dbt_resiliente("dbt seed", DBT_DIR)
  File "/home/airflow/.local/lib/python3.8/site-packages/tenacity/__init__.py", line 289, in wrapped_f
    return self(f, *args, **kw)
  File "/home/airflow/.local/lib/python3.8/site-packages/tenacity/__init__.py", line 379, in __call__
    do = self.iter(retry_state=retry_state)
  File "/home/airflow/.local/lib/python3.8/site-packages/tenacity/__init__.py", line 326, in iter
    raise retry_exc from fut.exception()
tenacity.RetryError: RetryError[<Future at 0x7a8d6772af40 state=finished raised Exception>]
[2026-03-24T19:53:31.020+0000] {taskinstance.py:1138} INFO - Marking task as FAILED. dag_id=dag_dbt_taller, task_id=sembrar_datos, execution_date=20260324T195303, start_date=20260324T195309, end_date=20260324T195331
[2026-03-24T19:53:31.105+0000] {standard_task_runner.py:107} ERROR - Failed to execute job 152 for task sembrar_datos (RetryError[<Future at 0x7a8d6772af40 state=finished raised Exception>]; 4182)
[2026-03-24T19:53:31.159+0000] {local_task_job_runner.py:234} INFO - Task exited with return code 1
[2026-03-24T19:53:31.223+0000] {taskinstance.py:3280} INFO - 0 downstream tasks scheduled from follow-on schedule check
