[2026-03-14T14:42:15.855+0000] {taskinstance.py:1956} INFO - Dependencies all met for dep_context=non-requeueable deps ti=<TaskInstance: dag_dbt_taller.ejecutar_transformaciones manual__2026-03-14T14:41:58.437507+00:00 [queued]>
[2026-03-14T14:42:15.880+0000] {taskinstance.py:1956} INFO - Dependencies all met for dep_context=requeueable deps ti=<TaskInstance: dag_dbt_taller.ejecutar_transformaciones manual__2026-03-14T14:41:58.437507+00:00 [queued]>
[2026-03-14T14:42:15.881+0000] {taskinstance.py:2170} INFO - Starting attempt 1 of 1
[2026-03-14T14:42:15.916+0000] {taskinstance.py:2191} INFO - Executing <Task(_PythonDecoratedOperator): ejecutar_transformaciones> on 2026-03-14 14:41:58.437507+00:00
[2026-03-14T14:42:15.924+0000] {standard_task_runner.py:60} INFO - Started process 768 to run task
[2026-03-14T14:42:15.930+0000] {standard_task_runner.py:87} INFO - Running: ['***', 'tasks', 'run', 'dag_dbt_taller', 'ejecutar_transformaciones', 'manual__2026-03-14T14:41:58.437507+00:00', '--job-id', '19', '--raw', '--subdir', 'DAGS_FOLDER/dag_dbt_taller.py', '--cfg-path', '/tmp/tmptiydqdae']
[2026-03-14T14:42:15.934+0000] {standard_task_runner.py:88} INFO - Job 19: Subtask ejecutar_transformaciones
[2026-03-14T14:42:15.979+0000] {logging_mixin.py:188} WARNING - /home/***/.local/lib/python3.8/site-packages/***/settings.py:194 DeprecationWarning: The sql_alchemy_conn option in [core] has been moved to the sql_alchemy_conn option in [database] - the old setting has been used, but please update your config.
[2026-03-14T14:42:16.092+0000] {task_command.py:423} INFO - Running <TaskInstance: dag_dbt_taller.ejecutar_transformaciones manual__2026-03-14T14:41:58.437507+00:00 [running]> on host 7d6845c4d7f4
[2026-03-14T14:42:16.273+0000] {taskinstance.py:2480} INFO - Exporting env vars: AIRFLOW_CTX_DAG_OWNER='***' AIRFLOW_CTX_DAG_ID='dag_dbt_taller' AIRFLOW_CTX_TASK_ID='ejecutar_transformaciones' AIRFLOW_CTX_EXECUTION_DATE='2026-03-14T14:41:58.437507+00:00' AIRFLOW_CTX_TRY_NUMBER='1' AIRFLOW_CTX_DAG_RUN_ID='manual__2026-03-14T14:41:58.437507+00:00'
[2026-03-14T14:42:16.276+0000] {logging_mixin.py:188} INFO - Ejecutando: dbt run en /opt/***/dbt/proyecto_unl
[2026-03-14T14:42:26.570+0000] {logging_mixin.py:188} INFO - Éxito:
14:42:21  Running with dbt=1.9.0-b2
14:42:22  Registered adapter: postgres=1.8.2
14:42:24  Found 4 models, 4 data tests, 1 seed, 1 source, 424 macros
14:42:24  
14:42:24  Concurrency: 1 threads (target='dev')
14:42:24  
14:42:24  1 of 4 START sql table model public.my_first_dbt_model ......................... [RUN]
14:42:24  1 of 4 OK created sql table model public.my_first_dbt_model .................... [SELECT 2 in 0.40s]
14:42:24  2 of 4 START sql view model public.stg_clima ................................... [RUN]
14:42:25  2 of 4 OK created sql view model public.stg_clima .............................. [CREATE VIEW in 0.19s]
14:42:25  3 of 4 START sql view model public.my_second_dbt_model ......................... [RUN]
14:42:25  3 of 4 OK created sql view model public.my_second_dbt_model .................... [CREATE VIEW in 0.11s]
14:42:25  4 of 4 START sql table model public.fct_resumen_clima .......................... [RUN]
14:42:25  4 of 4 OK created sql table model public.fct_resumen_clima ..................... [SELECT 4 in 0.17s]
14:42:25  
14:42:25  Finished running 2 table models, 2 view models in 0 hours 0 minutes and 1.26 seconds (1.26s).
14:42:25  
14:42:25  Completed successfully
14:42:25  
14:42:25  Done. PASS=4 WARN=0 ERROR=0 SKIP=0 TOTAL=4
[2026-03-14T14:42:26.574+0000] {python.py:201} INFO - Done. Returned value was: None
[2026-03-14T14:42:26.596+0000] {taskinstance.py:1138} INFO - Marking task as SUCCESS. dag_id=dag_dbt_taller, task_id=ejecutar_transformaciones, execution_date=20260314T144158, start_date=20260314T144215, end_date=20260314T144226
[2026-03-14T14:42:26.670+0000] {local_task_job_runner.py:234} INFO - Task exited with return code 0
[2026-03-14T14:42:26.699+0000] {taskinstance.py:3280} INFO - 0 downstream tasks scheduled from follow-on schedule check
