[2026-03-27T01:08:11.874+0000] {processor.py:161} INFO - Started process (PID=202) to work on /opt/airflow/dags/00_etl_basico_opa.py
[2026-03-27T01:08:11.876+0000] {processor.py:830} INFO - Processing file /opt/airflow/dags/00_etl_basico_opa.py for tasks to queue
[2026-03-27T01:08:11.878+0000] {logging_mixin.py:188} INFO - [2026-03-27T01:08:11.877+0000] {dagbag.py:538} INFO - Filling up the DagBag from /opt/airflow/dags/00_etl_basico_opa.py
[2026-03-27T01:08:13.009+0000] {processor.py:840} INFO - DAG(s) '00_etl_basico_opa' retrieved from /opt/airflow/dags/00_etl_basico_opa.py
[2026-03-27T01:08:13.209+0000] {logging_mixin.py:188} INFO - [2026-03-27T01:08:13.208+0000] {dag.py:3036} INFO - Sync 1 DAGs
[2026-03-27T01:08:13.464+0000] {logging_mixin.py:188} INFO - [2026-03-27T01:08:13.464+0000] {dag.py:3823} INFO - Setting next_dagrun for 00_etl_basico_opa to 2026-03-26 00:00:00+00:00, run_after=2026-03-27 00:00:00+00:00
[2026-03-27T01:08:13.524+0000] {processor.py:183} INFO - Processing /opt/airflow/dags/00_etl_basico_opa.py took 1.655 seconds
[2026-03-27T01:08:43.824+0000] {processor.py:161} INFO - Started process (PID=230) to work on /opt/airflow/dags/00_etl_basico_opa.py
[2026-03-27T01:08:43.825+0000] {processor.py:830} INFO - Processing file /opt/airflow/dags/00_etl_basico_opa.py for tasks to queue
[2026-03-27T01:08:43.827+0000] {logging_mixin.py:188} INFO - [2026-03-27T01:08:43.826+0000] {dagbag.py:538} INFO - Filling up the DagBag from /opt/airflow/dags/00_etl_basico_opa.py
[2026-03-27T01:08:44.270+0000] {processor.py:840} INFO - DAG(s) '00_etl_basico_opa' retrieved from /opt/airflow/dags/00_etl_basico_opa.py
[2026-03-27T01:08:44.372+0000] {logging_mixin.py:188} INFO - [2026-03-27T01:08:44.371+0000] {dag.py:3036} INFO - Sync 1 DAGs
[2026-03-27T01:08:44.425+0000] {logging_mixin.py:188} INFO - [2026-03-27T01:08:44.424+0000] {dag.py:3823} INFO - Setting next_dagrun for 00_etl_basico_opa to 2026-03-26 00:00:00+00:00, run_after=2026-03-27 00:00:00+00:00
[2026-03-27T01:08:44.484+0000] {processor.py:183} INFO - Processing /opt/airflow/dags/00_etl_basico_opa.py took 0.663 seconds
[2026-03-27T01:09:15.167+0000] {processor.py:161} INFO - Started process (PID=253) to work on /opt/airflow/dags/00_etl_basico_opa.py
[2026-03-27T01:09:15.168+0000] {processor.py:830} INFO - Processing file /opt/airflow/dags/00_etl_basico_opa.py for tasks to queue
[2026-03-27T01:09:15.170+0000] {logging_mixin.py:188} INFO - [2026-03-27T01:09:15.169+0000] {dagbag.py:538} INFO - Filling up the DagBag from /opt/airflow/dags/00_etl_basico_opa.py
[2026-03-27T01:09:15.562+0000] {processor.py:840} INFO - DAG(s) '00_etl_basico_opa' retrieved from /opt/airflow/dags/00_etl_basico_opa.py
[2026-03-27T01:09:15.592+0000] {logging_mixin.py:188} INFO - [2026-03-27T01:09:15.592+0000] {dag.py:3036} INFO - Sync 1 DAGs
[2026-03-27T01:09:15.624+0000] {logging_mixin.py:188} INFO - [2026-03-27T01:09:15.623+0000] {dag.py:3823} INFO - Setting next_dagrun for 00_etl_basico_opa to 2026-03-26 00:00:00+00:00, run_after=2026-03-27 00:00:00+00:00
[2026-03-27T01:09:15.746+0000] {processor.py:183} INFO - Processing /opt/airflow/dags/00_etl_basico_opa.py took 0.585 seconds
[2026-03-27T01:09:45.882+0000] {processor.py:161} INFO - Started process (PID=274) to work on /opt/airflow/dags/00_etl_basico_opa.py
[2026-03-27T01:09:45.883+0000] {processor.py:830} INFO - Processing file /opt/airflow/dags/00_etl_basico_opa.py for tasks to queue
[2026-03-27T01:09:45.885+0000] {logging_mixin.py:188} INFO - [2026-03-27T01:09:45.884+0000] {dagbag.py:538} INFO - Filling up the DagBag from /opt/airflow/dags/00_etl_basico_opa.py
[2026-03-27T01:09:46.307+0000] {processor.py:840} INFO - DAG(s) '00_etl_basico_opa' retrieved from /opt/airflow/dags/00_etl_basico_opa.py
[2026-03-27T01:09:46.335+0000] {logging_mixin.py:188} INFO - [2026-03-27T01:09:46.335+0000] {dag.py:3036} INFO - Sync 1 DAGs
[2026-03-27T01:09:46.376+0000] {logging_mixin.py:188} INFO - [2026-03-27T01:09:46.375+0000] {dag.py:3823} INFO - Setting next_dagrun for 00_etl_basico_opa to 2026-03-26 00:00:00+00:00, run_after=2026-03-27 00:00:00+00:00
[2026-03-27T01:09:46.432+0000] {processor.py:183} INFO - Processing /opt/airflow/dags/00_etl_basico_opa.py took 0.554 seconds
[2026-03-27T01:10:17.154+0000] {processor.py:161} INFO - Started process (PID=295) to work on /opt/airflow/dags/00_etl_basico_opa.py
[2026-03-27T01:10:17.155+0000] {processor.py:830} INFO - Processing file /opt/airflow/dags/00_etl_basico_opa.py for tasks to queue
[2026-03-27T01:10:17.157+0000] {logging_mixin.py:188} INFO - [2026-03-27T01:10:17.156+0000] {dagbag.py:538} INFO - Filling up the DagBag from /opt/airflow/dags/00_etl_basico_opa.py
[2026-03-27T01:10:17.531+0000] {processor.py:840} INFO - DAG(s) '00_etl_basico_opa' retrieved from /opt/airflow/dags/00_etl_basico_opa.py
[2026-03-27T01:10:17.564+0000] {logging_mixin.py:188} INFO - [2026-03-27T01:10:17.564+0000] {dag.py:3036} INFO - Sync 1 DAGs
[2026-03-27T01:10:17.605+0000] {logging_mixin.py:188} INFO - [2026-03-27T01:10:17.605+0000] {dag.py:3823} INFO - Setting next_dagrun for 00_etl_basico_opa to 2026-03-26 00:00:00+00:00, run_after=2026-03-27 00:00:00+00:00
[2026-03-27T01:10:17.748+0000] {processor.py:183} INFO - Processing /opt/airflow/dags/00_etl_basico_opa.py took 0.598 seconds
[2026-03-27T01:10:48.446+0000] {processor.py:161} INFO - Started process (PID=316) to work on /opt/airflow/dags/00_etl_basico_opa.py
[2026-03-27T01:10:48.447+0000] {processor.py:830} INFO - Processing file /opt/airflow/dags/00_etl_basico_opa.py for tasks to queue
[2026-03-27T01:10:48.449+0000] {logging_mixin.py:188} INFO - [2026-03-27T01:10:48.448+0000] {dagbag.py:538} INFO - Filling up the DagBag from /opt/airflow/dags/00_etl_basico_opa.py
[2026-03-27T01:10:48.881+0000] {processor.py:840} INFO - DAG(s) '00_etl_basico_opa' retrieved from /opt/airflow/dags/00_etl_basico_opa.py
[2026-03-27T01:10:48.915+0000] {logging_mixin.py:188} INFO - [2026-03-27T01:10:48.914+0000] {dag.py:3036} INFO - Sync 1 DAGs
[2026-03-27T01:10:48.941+0000] {logging_mixin.py:188} INFO - [2026-03-27T01:10:48.940+0000] {dag.py:3823} INFO - Setting next_dagrun for 00_etl_basico_opa to 2026-03-26 00:00:00+00:00, run_after=2026-03-27 00:00:00+00:00
[2026-03-27T01:10:49.008+0000] {processor.py:183} INFO - Processing /opt/airflow/dags/00_etl_basico_opa.py took 0.566 seconds
[2026-03-27T01:11:19.728+0000] {processor.py:161} INFO - Started process (PID=337) to work on /opt/airflow/dags/00_etl_basico_opa.py
[2026-03-27T01:11:19.729+0000] {processor.py:830} INFO - Processing file /opt/airflow/dags/00_etl_basico_opa.py for tasks to queue
[2026-03-27T01:11:19.731+0000] {logging_mixin.py:188} INFO - [2026-03-27T01:11:19.730+0000] {dagbag.py:538} INFO - Filling up the DagBag from /opt/airflow/dags/00_etl_basico_opa.py
[2026-03-27T01:11:20.280+0000] {processor.py:840} INFO - DAG(s) '00_etl_basico_opa' retrieved from /opt/airflow/dags/00_etl_basico_opa.py
[2026-03-27T01:11:20.373+0000] {logging_mixin.py:188} INFO - [2026-03-27T01:11:20.372+0000] {dag.py:3036} INFO - Sync 1 DAGs
[2026-03-27T01:11:20.421+0000] {logging_mixin.py:188} INFO - [2026-03-27T01:11:20.420+0000] {dag.py:3823} INFO - Setting next_dagrun for 00_etl_basico_opa to 2026-03-26 00:00:00+00:00, run_after=2026-03-27 00:00:00+00:00
[2026-03-27T01:11:20.503+0000] {processor.py:183} INFO - Processing /opt/airflow/dags/00_etl_basico_opa.py took 0.781 seconds
[2026-03-27T01:11:51.205+0000] {processor.py:161} INFO - Started process (PID=358) to work on /opt/airflow/dags/00_etl_basico_opa.py
[2026-03-27T01:11:51.207+0000] {processor.py:830} INFO - Processing file /opt/airflow/dags/00_etl_basico_opa.py for tasks to queue
[2026-03-27T01:11:51.208+0000] {logging_mixin.py:188} INFO - [2026-03-27T01:11:51.208+0000] {dagbag.py:538} INFO - Filling up the DagBag from /opt/airflow/dags/00_etl_basico_opa.py
[2026-03-27T01:11:51.734+0000] {processor.py:840} INFO - DAG(s) '00_etl_basico_opa' retrieved from /opt/airflow/dags/00_etl_basico_opa.py
[2026-03-27T01:11:51.768+0000] {logging_mixin.py:188} INFO - [2026-03-27T01:11:51.768+0000] {dag.py:3036} INFO - Sync 1 DAGs
[2026-03-27T01:11:51.835+0000] {logging_mixin.py:188} INFO - [2026-03-27T01:11:51.835+0000] {dag.py:3823} INFO - Setting next_dagrun for 00_etl_basico_opa to 2026-03-26 00:00:00+00:00, run_after=2026-03-27 00:00:00+00:00
[2026-03-27T01:11:51.909+0000] {processor.py:183} INFO - Processing /opt/airflow/dags/00_etl_basico_opa.py took 0.709 seconds
[2026-03-27T01:12:22.207+0000] {processor.py:161} INFO - Started process (PID=379) to work on /opt/airflow/dags/00_etl_basico_opa.py
[2026-03-27T01:12:22.208+0000] {processor.py:830} INFO - Processing file /opt/airflow/dags/00_etl_basico_opa.py for tasks to queue
[2026-03-27T01:12:22.209+0000] {logging_mixin.py:188} INFO - [2026-03-27T01:12:22.209+0000] {dagbag.py:538} INFO - Filling up the DagBag from /opt/airflow/dags/00_etl_basico_opa.py
[2026-03-27T01:12:22.790+0000] {processor.py:840} INFO - DAG(s) '00_etl_basico_opa' retrieved from /opt/airflow/dags/00_etl_basico_opa.py
[2026-03-27T01:12:22.828+0000] {logging_mixin.py:188} INFO - [2026-03-27T01:12:22.828+0000] {dag.py:3036} INFO - Sync 1 DAGs
[2026-03-27T01:12:22.876+0000] {logging_mixin.py:188} INFO - [2026-03-27T01:12:22.876+0000] {dag.py:3823} INFO - Setting next_dagrun for 00_etl_basico_opa to 2026-03-26 00:00:00+00:00, run_after=2026-03-27 00:00:00+00:00
[2026-03-27T01:12:22.958+0000] {processor.py:183} INFO - Processing /opt/airflow/dags/00_etl_basico_opa.py took 0.755 seconds
[2026-03-27T01:12:53.599+0000] {processor.py:161} INFO - Started process (PID=401) to work on /opt/airflow/dags/00_etl_basico_opa.py
[2026-03-27T01:12:53.600+0000] {processor.py:830} INFO - Processing file /opt/airflow/dags/00_etl_basico_opa.py for tasks to queue
[2026-03-27T01:12:53.601+0000] {logging_mixin.py:188} INFO - [2026-03-27T01:12:53.601+0000] {dagbag.py:538} INFO - Filling up the DagBag from /opt/airflow/dags/00_etl_basico_opa.py
[2026-03-27T01:12:54.058+0000] {processor.py:840} INFO - DAG(s) '00_etl_basico_opa' retrieved from /opt/airflow/dags/00_etl_basico_opa.py
[2026-03-27T01:12:54.092+0000] {logging_mixin.py:188} INFO - [2026-03-27T01:12:54.092+0000] {dag.py:3036} INFO - Sync 1 DAGs
[2026-03-27T01:12:54.118+0000] {logging_mixin.py:188} INFO - [2026-03-27T01:12:54.118+0000] {dag.py:3823} INFO - Setting next_dagrun for 00_etl_basico_opa to 2026-03-26 00:00:00+00:00, run_after=2026-03-27 00:00:00+00:00
[2026-03-27T01:12:54.175+0000] {processor.py:183} INFO - Processing /opt/airflow/dags/00_etl_basico_opa.py took 0.579 seconds
[2026-03-27T01:13:25.215+0000] {processor.py:161} INFO - Started process (PID=422) to work on /opt/airflow/dags/00_etl_basico_opa.py
[2026-03-27T01:13:25.217+0000] {processor.py:830} INFO - Processing file /opt/airflow/dags/00_etl_basico_opa.py for tasks to queue
[2026-03-27T01:13:25.223+0000] {logging_mixin.py:188} INFO - [2026-03-27T01:13:25.222+0000] {dagbag.py:538} INFO - Filling up the DagBag from /opt/airflow/dags/00_etl_basico_opa.py
[2026-03-27T01:13:25.637+0000] {processor.py:840} INFO - DAG(s) '00_etl_basico_opa' retrieved from /opt/airflow/dags/00_etl_basico_opa.py
[2026-03-27T01:13:25.673+0000] {logging_mixin.py:188} INFO - [2026-03-27T01:13:25.673+0000] {dag.py:3036} INFO - Sync 1 DAGs
[2026-03-27T01:13:25.703+0000] {logging_mixin.py:188} INFO - [2026-03-27T01:13:25.702+0000] {dag.py:3823} INFO - Setting next_dagrun for 00_etl_basico_opa to 2026-03-26 00:00:00+00:00, run_after=2026-03-27 00:00:00+00:00
[2026-03-27T01:13:25.780+0000] {processor.py:183} INFO - Processing /opt/airflow/dags/00_etl_basico_opa.py took 0.571 seconds
[2026-03-27T01:13:56.808+0000] {processor.py:161} INFO - Started process (PID=443) to work on /opt/airflow/dags/00_etl_basico_opa.py
[2026-03-27T01:13:56.809+0000] {processor.py:830} INFO - Processing file /opt/airflow/dags/00_etl_basico_opa.py for tasks to queue
[2026-03-27T01:13:56.810+0000] {logging_mixin.py:188} INFO - [2026-03-27T01:13:56.810+0000] {dagbag.py:538} INFO - Filling up the DagBag from /opt/airflow/dags/00_etl_basico_opa.py
[2026-03-27T01:13:57.352+0000] {processor.py:840} INFO - DAG(s) '00_etl_basico_opa' retrieved from /opt/airflow/dags/00_etl_basico_opa.py
[2026-03-27T01:13:57.440+0000] {logging_mixin.py:188} INFO - [2026-03-27T01:13:57.439+0000] {dag.py:3036} INFO - Sync 1 DAGs
[2026-03-27T01:13:57.503+0000] {logging_mixin.py:188} INFO - [2026-03-27T01:13:57.503+0000] {dag.py:3823} INFO - Setting next_dagrun for 00_etl_basico_opa to 2026-03-26 00:00:00+00:00, run_after=2026-03-27 00:00:00+00:00
[2026-03-27T01:13:57.559+0000] {processor.py:183} INFO - Processing /opt/airflow/dags/00_etl_basico_opa.py took 0.755 seconds
[2026-03-27T01:14:28.143+0000] {processor.py:161} INFO - Started process (PID=465) to work on /opt/airflow/dags/00_etl_basico_opa.py
[2026-03-27T01:14:28.144+0000] {processor.py:830} INFO - Processing file /opt/airflow/dags/00_etl_basico_opa.py for tasks to queue
[2026-03-27T01:14:28.146+0000] {logging_mixin.py:188} INFO - [2026-03-27T01:14:28.145+0000] {dagbag.py:538} INFO - Filling up the DagBag from /opt/airflow/dags/00_etl_basico_opa.py
[2026-03-27T01:14:28.585+0000] {processor.py:840} INFO - DAG(s) '00_etl_basico_opa' retrieved from /opt/airflow/dags/00_etl_basico_opa.py
[2026-03-27T01:14:28.618+0000] {logging_mixin.py:188} INFO - [2026-03-27T01:14:28.617+0000] {dag.py:3036} INFO - Sync 1 DAGs
[2026-03-27T01:14:28.683+0000] {logging_mixin.py:188} INFO - [2026-03-27T01:14:28.683+0000] {dag.py:3823} INFO - Setting next_dagrun for 00_etl_basico_opa to 2026-03-26 00:00:00+00:00, run_after=2026-03-27 00:00:00+00:00
[2026-03-27T01:14:28.774+0000] {processor.py:183} INFO - Processing /opt/airflow/dags/00_etl_basico_opa.py took 0.638 seconds
[2026-03-27T01:14:59.594+0000] {processor.py:161} INFO - Started process (PID=486) to work on /opt/airflow/dags/00_etl_basico_opa.py
[2026-03-27T01:14:59.597+0000] {processor.py:830} INFO - Processing file /opt/airflow/dags/00_etl_basico_opa.py for tasks to queue
[2026-03-27T01:14:59.600+0000] {logging_mixin.py:188} INFO - [2026-03-27T01:14:59.599+0000] {dagbag.py:538} INFO - Filling up the DagBag from /opt/airflow/dags/00_etl_basico_opa.py
[2026-03-27T01:15:00.058+0000] {processor.py:840} INFO - DAG(s) '00_etl_basico_opa' retrieved from /opt/airflow/dags/00_etl_basico_opa.py
[2026-03-27T01:15:00.098+0000] {logging_mixin.py:188} INFO - [2026-03-27T01:15:00.098+0000] {dag.py:3036} INFO - Sync 1 DAGs
[2026-03-27T01:15:00.127+0000] {logging_mixin.py:188} INFO - [2026-03-27T01:15:00.126+0000] {dag.py:3823} INFO - Setting next_dagrun for 00_etl_basico_opa to 2026-03-26 00:00:00+00:00, run_after=2026-03-27 00:00:00+00:00
[2026-03-27T01:15:00.188+0000] {processor.py:183} INFO - Processing /opt/airflow/dags/00_etl_basico_opa.py took 0.604 seconds
[2026-03-27T01:15:30.971+0000] {processor.py:161} INFO - Started process (PID=510) to work on /opt/airflow/dags/00_etl_basico_opa.py
[2026-03-27T01:15:30.972+0000] {processor.py:830} INFO - Processing file /opt/airflow/dags/00_etl_basico_opa.py for tasks to queue
[2026-03-27T01:15:30.973+0000] {logging_mixin.py:188} INFO - [2026-03-27T01:15:30.973+0000] {dagbag.py:538} INFO - Filling up the DagBag from /opt/airflow/dags/00_etl_basico_opa.py
[2026-03-27T01:15:31.377+0000] {processor.py:840} INFO - DAG(s) '00_etl_basico_opa' retrieved from /opt/airflow/dags/00_etl_basico_opa.py
[2026-03-27T01:15:31.409+0000] {logging_mixin.py:188} INFO - [2026-03-27T01:15:31.409+0000] {dag.py:3036} INFO - Sync 1 DAGs
[2026-03-27T01:15:31.445+0000] {logging_mixin.py:188} INFO - [2026-03-27T01:15:31.444+0000] {dag.py:3823} INFO - Setting next_dagrun for 00_etl_basico_opa to 2026-03-26 00:00:00+00:00, run_after=2026-03-27 00:00:00+00:00
[2026-03-27T01:15:31.533+0000] {processor.py:183} INFO - Processing /opt/airflow/dags/00_etl_basico_opa.py took 0.565 seconds
[2026-03-27T01:16:02.302+0000] {processor.py:161} INFO - Started process (PID=532) to work on /opt/airflow/dags/00_etl_basico_opa.py
[2026-03-27T01:16:02.303+0000] {processor.py:830} INFO - Processing file /opt/airflow/dags/00_etl_basico_opa.py for tasks to queue
[2026-03-27T01:16:02.305+0000] {logging_mixin.py:188} INFO - [2026-03-27T01:16:02.304+0000] {dagbag.py:538} INFO - Filling up the DagBag from /opt/airflow/dags/00_etl_basico_opa.py
[2026-03-27T01:16:02.823+0000] {processor.py:840} INFO - DAG(s) '00_etl_basico_opa' retrieved from /opt/airflow/dags/00_etl_basico_opa.py
[2026-03-27T01:16:02.867+0000] {logging_mixin.py:188} INFO - [2026-03-27T01:16:02.866+0000] {dag.py:3036} INFO - Sync 1 DAGs
[2026-03-27T01:16:02.932+0000] {logging_mixin.py:188} INFO - [2026-03-27T01:16:02.930+0000] {dag.py:3823} INFO - Setting next_dagrun for 00_etl_basico_opa to 2026-03-26 00:00:00+00:00, run_after=2026-03-27 00:00:00+00:00
[2026-03-27T01:16:02.998+0000] {processor.py:183} INFO - Processing /opt/airflow/dags/00_etl_basico_opa.py took 0.701 seconds
[2026-03-27T01:16:33.712+0000] {processor.py:161} INFO - Started process (PID=553) to work on /opt/airflow/dags/00_etl_basico_opa.py
[2026-03-27T01:16:33.713+0000] {processor.py:830} INFO - Processing file /opt/airflow/dags/00_etl_basico_opa.py for tasks to queue
[2026-03-27T01:16:33.714+0000] {logging_mixin.py:188} INFO - [2026-03-27T01:16:33.714+0000] {dagbag.py:538} INFO - Filling up the DagBag from /opt/airflow/dags/00_etl_basico_opa.py
[2026-03-27T01:16:34.124+0000] {processor.py:840} INFO - DAG(s) '00_etl_basico_opa' retrieved from /opt/airflow/dags/00_etl_basico_opa.py
[2026-03-27T01:16:34.196+0000] {logging_mixin.py:188} INFO - [2026-03-27T01:16:34.196+0000] {dag.py:3036} INFO - Sync 1 DAGs
[2026-03-27T01:16:34.224+0000] {logging_mixin.py:188} INFO - [2026-03-27T01:16:34.224+0000] {dag.py:3823} INFO - Setting next_dagrun for 00_etl_basico_opa to 2026-03-26 00:00:00+00:00, run_after=2026-03-27 00:00:00+00:00
[2026-03-27T01:16:34.281+0000] {processor.py:183} INFO - Processing /opt/airflow/dags/00_etl_basico_opa.py took 0.572 seconds
[2026-03-27T01:17:05.147+0000] {processor.py:161} INFO - Started process (PID=574) to work on /opt/airflow/dags/00_etl_basico_opa.py
[2026-03-27T01:17:05.149+0000] {processor.py:830} INFO - Processing file /opt/airflow/dags/00_etl_basico_opa.py for tasks to queue
[2026-03-27T01:17:05.151+0000] {logging_mixin.py:188} INFO - [2026-03-27T01:17:05.150+0000] {dagbag.py:538} INFO - Filling up the DagBag from /opt/airflow/dags/00_etl_basico_opa.py
[2026-03-27T01:17:05.578+0000] {processor.py:840} INFO - DAG(s) '00_etl_basico_opa' retrieved from /opt/airflow/dags/00_etl_basico_opa.py
[2026-03-27T01:17:05.621+0000] {logging_mixin.py:188} INFO - [2026-03-27T01:17:05.621+0000] {dag.py:3036} INFO - Sync 1 DAGs
[2026-03-27T01:17:05.654+0000] {logging_mixin.py:188} INFO - [2026-03-27T01:17:05.654+0000] {dag.py:3823} INFO - Setting next_dagrun for 00_etl_basico_opa to 2026-03-26 00:00:00+00:00, run_after=2026-03-27 00:00:00+00:00
[2026-03-27T01:17:05.780+0000] {processor.py:183} INFO - Processing /opt/airflow/dags/00_etl_basico_opa.py took 0.636 seconds
[2026-03-27T01:17:36.465+0000] {processor.py:161} INFO - Started process (PID=595) to work on /opt/airflow/dags/00_etl_basico_opa.py
[2026-03-27T01:17:36.466+0000] {processor.py:830} INFO - Processing file /opt/airflow/dags/00_etl_basico_opa.py for tasks to queue
[2026-03-27T01:17:36.467+0000] {logging_mixin.py:188} INFO - [2026-03-27T01:17:36.467+0000] {dagbag.py:538} INFO - Filling up the DagBag from /opt/airflow/dags/00_etl_basico_opa.py
[2026-03-27T01:17:36.981+0000] {processor.py:840} INFO - DAG(s) '00_etl_basico_opa' retrieved from /opt/airflow/dags/00_etl_basico_opa.py
[2026-03-27T01:17:37.032+0000] {logging_mixin.py:188} INFO - [2026-03-27T01:17:37.031+0000] {dag.py:3036} INFO - Sync 1 DAGs
[2026-03-27T01:17:37.083+0000] {logging_mixin.py:188} INFO - [2026-03-27T01:17:37.082+0000] {dag.py:3823} INFO - Setting next_dagrun for 00_etl_basico_opa to 2026-03-26 00:00:00+00:00, run_after=2026-03-27 00:00:00+00:00
[2026-03-27T01:17:37.169+0000] {processor.py:183} INFO - Processing /opt/airflow/dags/00_etl_basico_opa.py took 0.707 seconds
[2026-03-27T01:18:07.844+0000] {processor.py:161} INFO - Started process (PID=619) to work on /opt/airflow/dags/00_etl_basico_opa.py
[2026-03-27T01:18:07.845+0000] {processor.py:830} INFO - Processing file /opt/airflow/dags/00_etl_basico_opa.py for tasks to queue
[2026-03-27T01:18:07.848+0000] {logging_mixin.py:188} INFO - [2026-03-27T01:18:07.847+0000] {dagbag.py:538} INFO - Filling up the DagBag from /opt/airflow/dags/00_etl_basico_opa.py
[2026-03-27T01:18:08.260+0000] {processor.py:840} INFO - DAG(s) '00_etl_basico_opa' retrieved from /opt/airflow/dags/00_etl_basico_opa.py
[2026-03-27T01:18:08.302+0000] {logging_mixin.py:188} INFO - [2026-03-27T01:18:08.302+0000] {dag.py:3036} INFO - Sync 1 DAGs
[2026-03-27T01:18:08.331+0000] {logging_mixin.py:188} INFO - [2026-03-27T01:18:08.331+0000] {dag.py:3823} INFO - Setting next_dagrun for 00_etl_basico_opa to 2026-03-26 00:00:00+00:00, run_after=2026-03-27 00:00:00+00:00
[2026-03-27T01:18:08.606+0000] {processor.py:183} INFO - Processing /opt/airflow/dags/00_etl_basico_opa.py took 0.767 seconds
[2026-03-27T01:18:39.494+0000] {processor.py:161} INFO - Started process (PID=642) to work on /opt/airflow/dags/00_etl_basico_opa.py
[2026-03-27T01:18:39.495+0000] {processor.py:830} INFO - Processing file /opt/airflow/dags/00_etl_basico_opa.py for tasks to queue
[2026-03-27T01:18:39.497+0000] {logging_mixin.py:188} INFO - [2026-03-27T01:18:39.496+0000] {dagbag.py:538} INFO - Filling up the DagBag from /opt/airflow/dags/00_etl_basico_opa.py
[2026-03-27T01:18:39.970+0000] {processor.py:840} INFO - DAG(s) '00_etl_basico_opa' retrieved from /opt/airflow/dags/00_etl_basico_opa.py
[2026-03-27T01:18:40.018+0000] {logging_mixin.py:188} INFO - [2026-03-27T01:18:40.018+0000] {dag.py:3036} INFO - Sync 1 DAGs
[2026-03-27T01:18:40.051+0000] {logging_mixin.py:188} INFO - [2026-03-27T01:18:40.050+0000] {dag.py:3823} INFO - Setting next_dagrun for 00_etl_basico_opa to 2026-03-26 00:00:00+00:00, run_after=2026-03-27 00:00:00+00:00
[2026-03-27T01:18:40.130+0000] {processor.py:183} INFO - Processing /opt/airflow/dags/00_etl_basico_opa.py took 0.639 seconds
[2026-03-27T01:19:10.823+0000] {processor.py:161} INFO - Started process (PID=663) to work on /opt/airflow/dags/00_etl_basico_opa.py
[2026-03-27T01:19:10.824+0000] {processor.py:830} INFO - Processing file /opt/airflow/dags/00_etl_basico_opa.py for tasks to queue
[2026-03-27T01:19:10.826+0000] {logging_mixin.py:188} INFO - [2026-03-27T01:19:10.825+0000] {dagbag.py:538} INFO - Filling up the DagBag from /opt/airflow/dags/00_etl_basico_opa.py
[2026-03-27T01:19:11.184+0000] {processor.py:840} INFO - DAG(s) '00_etl_basico_opa' retrieved from /opt/airflow/dags/00_etl_basico_opa.py
[2026-03-27T01:19:11.217+0000] {logging_mixin.py:188} INFO - [2026-03-27T01:19:11.217+0000] {dag.py:3036} INFO - Sync 1 DAGs
[2026-03-27T01:19:11.243+0000] {logging_mixin.py:188} INFO - [2026-03-27T01:19:11.243+0000] {dag.py:3823} INFO - Setting next_dagrun for 00_etl_basico_opa to 2026-03-26 00:00:00+00:00, run_after=2026-03-27 00:00:00+00:00
[2026-03-27T01:19:11.293+0000] {processor.py:183} INFO - Processing /opt/airflow/dags/00_etl_basico_opa.py took 0.475 seconds
[2026-03-27T01:19:41.442+0000] {processor.py:161} INFO - Started process (PID=684) to work on /opt/airflow/dags/00_etl_basico_opa.py
[2026-03-27T01:19:41.443+0000] {processor.py:830} INFO - Processing file /opt/airflow/dags/00_etl_basico_opa.py for tasks to queue
[2026-03-27T01:19:41.444+0000] {logging_mixin.py:188} INFO - [2026-03-27T01:19:41.444+0000] {dagbag.py:538} INFO - Filling up the DagBag from /opt/airflow/dags/00_etl_basico_opa.py
[2026-03-27T01:19:41.837+0000] {processor.py:840} INFO - DAG(s) '00_etl_basico_opa' retrieved from /opt/airflow/dags/00_etl_basico_opa.py
[2026-03-27T01:19:41.885+0000] {logging_mixin.py:188} INFO - [2026-03-27T01:19:41.884+0000] {dag.py:3036} INFO - Sync 1 DAGs
[2026-03-27T01:19:41.927+0000] {logging_mixin.py:188} INFO - [2026-03-27T01:19:41.927+0000] {dag.py:3823} INFO - Setting next_dagrun for 00_etl_basico_opa to 2026-03-26 00:00:00+00:00, run_after=2026-03-27 00:00:00+00:00
[2026-03-27T01:19:42.011+0000] {processor.py:183} INFO - Processing /opt/airflow/dags/00_etl_basico_opa.py took 0.575 seconds
[2026-03-27T01:20:12.232+0000] {processor.py:161} INFO - Started process (PID=705) to work on /opt/airflow/dags/00_etl_basico_opa.py
[2026-03-27T01:20:12.233+0000] {processor.py:830} INFO - Processing file /opt/airflow/dags/00_etl_basico_opa.py for tasks to queue
[2026-03-27T01:20:12.234+0000] {logging_mixin.py:188} INFO - [2026-03-27T01:20:12.234+0000] {dagbag.py:538} INFO - Filling up the DagBag from /opt/airflow/dags/00_etl_basico_opa.py
[2026-03-27T01:20:12.648+0000] {processor.py:840} INFO - DAG(s) '00_etl_basico_opa' retrieved from /opt/airflow/dags/00_etl_basico_opa.py
[2026-03-27T01:20:12.681+0000] {logging_mixin.py:188} INFO - [2026-03-27T01:20:12.681+0000] {dag.py:3036} INFO - Sync 1 DAGs
[2026-03-27T01:20:12.709+0000] {logging_mixin.py:188} INFO - [2026-03-27T01:20:12.709+0000] {dag.py:3823} INFO - Setting next_dagrun for 00_etl_basico_opa to 2026-03-26 00:00:00+00:00, run_after=2026-03-27 00:00:00+00:00
[2026-03-27T01:20:13.005+0000] {processor.py:183} INFO - Processing /opt/airflow/dags/00_etl_basico_opa.py took 0.777 seconds
[2026-03-27T01:20:43.606+0000] {processor.py:161} INFO - Started process (PID=726) to work on /opt/airflow/dags/00_etl_basico_opa.py
[2026-03-27T01:20:43.607+0000] {processor.py:830} INFO - Processing file /opt/airflow/dags/00_etl_basico_opa.py for tasks to queue
[2026-03-27T01:20:43.608+0000] {logging_mixin.py:188} INFO - [2026-03-27T01:20:43.608+0000] {dagbag.py:538} INFO - Filling up the DagBag from /opt/airflow/dags/00_etl_basico_opa.py
[2026-03-27T01:20:44.014+0000] {processor.py:840} INFO - DAG(s) '00_etl_basico_opa' retrieved from /opt/airflow/dags/00_etl_basico_opa.py
[2026-03-27T01:20:44.056+0000] {logging_mixin.py:188} INFO - [2026-03-27T01:20:44.055+0000] {dag.py:3036} INFO - Sync 1 DAGs
[2026-03-27T01:20:44.100+0000] {logging_mixin.py:188} INFO - [2026-03-27T01:20:44.100+0000] {dag.py:3823} INFO - Setting next_dagrun for 00_etl_basico_opa to 2026-03-26 00:00:00+00:00, run_after=2026-03-27 00:00:00+00:00
[2026-03-27T01:20:44.160+0000] {processor.py:183} INFO - Processing /opt/airflow/dags/00_etl_basico_opa.py took 0.560 seconds
[2026-03-27T01:21:14.270+0000] {processor.py:161} INFO - Started process (PID=754) to work on /opt/airflow/dags/00_etl_basico_opa.py
[2026-03-27T01:21:14.271+0000] {processor.py:830} INFO - Processing file /opt/airflow/dags/00_etl_basico_opa.py for tasks to queue
[2026-03-27T01:21:14.272+0000] {logging_mixin.py:188} INFO - [2026-03-27T01:21:14.272+0000] {dagbag.py:538} INFO - Filling up the DagBag from /opt/airflow/dags/00_etl_basico_opa.py
[2026-03-27T01:21:14.692+0000] {processor.py:840} INFO - DAG(s) '00_etl_basico_opa' retrieved from /opt/airflow/dags/00_etl_basico_opa.py
[2026-03-27T01:21:14.802+0000] {logging_mixin.py:188} INFO - [2026-03-27T01:21:14.801+0000] {dag.py:3036} INFO - Sync 1 DAGs
[2026-03-27T01:21:14.836+0000] {logging_mixin.py:188} INFO - [2026-03-27T01:21:14.836+0000] {dag.py:3823} INFO - Setting next_dagrun for 00_etl_basico_opa to 2026-03-26 00:00:00+00:00, run_after=2026-03-27 00:00:00+00:00
[2026-03-27T01:21:14.890+0000] {processor.py:183} INFO - Processing /opt/airflow/dags/00_etl_basico_opa.py took 0.624 seconds
[2026-03-27T01:21:44.951+0000] {processor.py:161} INFO - Started process (PID=775) to work on /opt/airflow/dags/00_etl_basico_opa.py
[2026-03-27T01:21:44.952+0000] {processor.py:830} INFO - Processing file /opt/airflow/dags/00_etl_basico_opa.py for tasks to queue
[2026-03-27T01:21:44.954+0000] {logging_mixin.py:188} INFO - [2026-03-27T01:21:44.954+0000] {dagbag.py:538} INFO - Filling up the DagBag from /opt/airflow/dags/00_etl_basico_opa.py
[2026-03-27T01:21:45.373+0000] {processor.py:840} INFO - DAG(s) '00_etl_basico_opa' retrieved from /opt/airflow/dags/00_etl_basico_opa.py
[2026-03-27T01:21:45.406+0000] {logging_mixin.py:188} INFO - [2026-03-27T01:21:45.405+0000] {dag.py:3036} INFO - Sync 1 DAGs
[2026-03-27T01:21:45.437+0000] {logging_mixin.py:188} INFO - [2026-03-27T01:21:45.437+0000] {dag.py:3823} INFO - Setting next_dagrun for 00_etl_basico_opa to 2026-03-26 00:00:00+00:00, run_after=2026-03-27 00:00:00+00:00
[2026-03-27T01:21:45.497+0000] {processor.py:183} INFO - Processing /opt/airflow/dags/00_etl_basico_opa.py took 0.552 seconds
[2026-03-27T01:22:16.060+0000] {processor.py:161} INFO - Started process (PID=797) to work on /opt/airflow/dags/00_etl_basico_opa.py
[2026-03-27T01:22:16.061+0000] {processor.py:830} INFO - Processing file /opt/airflow/dags/00_etl_basico_opa.py for tasks to queue
[2026-03-27T01:22:16.062+0000] {logging_mixin.py:188} INFO - [2026-03-27T01:22:16.062+0000] {dagbag.py:538} INFO - Filling up the DagBag from /opt/airflow/dags/00_etl_basico_opa.py
[2026-03-27T01:22:16.502+0000] {processor.py:840} INFO - DAG(s) '00_etl_basico_opa' retrieved from /opt/airflow/dags/00_etl_basico_opa.py
[2026-03-27T01:22:16.534+0000] {logging_mixin.py:188} INFO - [2026-03-27T01:22:16.534+0000] {dag.py:3036} INFO - Sync 1 DAGs
[2026-03-27T01:22:16.562+0000] {logging_mixin.py:188} INFO - [2026-03-27T01:22:16.562+0000] {dag.py:3823} INFO - Setting next_dagrun for 00_etl_basico_opa to 2026-03-26 00:00:00+00:00, run_after=2026-03-27 00:00:00+00:00
[2026-03-27T01:22:17.648+0000] {processor.py:183} INFO - Processing /opt/airflow/dags/00_etl_basico_opa.py took 1.592 seconds
[2026-03-27T01:22:47.982+0000] {processor.py:161} INFO - Started process (PID=820) to work on /opt/airflow/dags/00_etl_basico_opa.py
[2026-03-27T01:22:47.983+0000] {processor.py:830} INFO - Processing file /opt/airflow/dags/00_etl_basico_opa.py for tasks to queue
[2026-03-27T01:22:47.984+0000] {logging_mixin.py:188} INFO - [2026-03-27T01:22:47.984+0000] {dagbag.py:538} INFO - Filling up the DagBag from /opt/airflow/dags/00_etl_basico_opa.py
[2026-03-27T01:22:48.390+0000] {processor.py:840} INFO - DAG(s) '00_etl_basico_opa' retrieved from /opt/airflow/dags/00_etl_basico_opa.py
[2026-03-27T01:22:48.428+0000] {logging_mixin.py:188} INFO - [2026-03-27T01:22:48.428+0000] {dag.py:3036} INFO - Sync 1 DAGs
[2026-03-27T01:22:48.465+0000] {logging_mixin.py:188} INFO - [2026-03-27T01:22:48.465+0000] {dag.py:3823} INFO - Setting next_dagrun for 00_etl_basico_opa to 2026-03-26 00:00:00+00:00, run_after=2026-03-27 00:00:00+00:00
[2026-03-27T01:22:48.552+0000] {processor.py:183} INFO - Processing /opt/airflow/dags/00_etl_basico_opa.py took 0.573 seconds
[2026-03-27T01:23:19.002+0000] {processor.py:161} INFO - Started process (PID=843) to work on /opt/airflow/dags/00_etl_basico_opa.py
[2026-03-27T01:23:19.003+0000] {processor.py:830} INFO - Processing file /opt/airflow/dags/00_etl_basico_opa.py for tasks to queue
[2026-03-27T01:23:19.005+0000] {logging_mixin.py:188} INFO - [2026-03-27T01:23:19.004+0000] {dagbag.py:538} INFO - Filling up the DagBag from /opt/airflow/dags/00_etl_basico_opa.py
[2026-03-27T01:23:19.432+0000] {processor.py:840} INFO - DAG(s) '00_etl_basico_opa' retrieved from /opt/airflow/dags/00_etl_basico_opa.py
[2026-03-27T01:23:19.487+0000] {logging_mixin.py:188} INFO - [2026-03-27T01:23:19.486+0000] {dag.py:3036} INFO - Sync 1 DAGs
[2026-03-27T01:23:19.520+0000] {logging_mixin.py:188} INFO - [2026-03-27T01:23:19.520+0000] {dag.py:3823} INFO - Setting next_dagrun for 00_etl_basico_opa to 2026-03-26 00:00:00+00:00, run_after=2026-03-27 00:00:00+00:00
[2026-03-27T01:23:19.605+0000] {processor.py:183} INFO - Processing /opt/airflow/dags/00_etl_basico_opa.py took 0.608 seconds
[2026-03-27T01:23:50.144+0000] {processor.py:161} INFO - Started process (PID=865) to work on /opt/airflow/dags/00_etl_basico_opa.py
[2026-03-27T01:23:50.146+0000] {processor.py:830} INFO - Processing file /opt/airflow/dags/00_etl_basico_opa.py for tasks to queue
[2026-03-27T01:23:50.147+0000] {logging_mixin.py:188} INFO - [2026-03-27T01:23:50.146+0000] {dagbag.py:538} INFO - Filling up the DagBag from /opt/airflow/dags/00_etl_basico_opa.py
[2026-03-27T01:23:50.613+0000] {processor.py:840} INFO - DAG(s) '00_etl_basico_opa' retrieved from /opt/airflow/dags/00_etl_basico_opa.py
[2026-03-27T01:23:50.649+0000] {logging_mixin.py:188} INFO - [2026-03-27T01:23:50.648+0000] {dag.py:3036} INFO - Sync 1 DAGs
[2026-03-27T01:23:50.677+0000] {logging_mixin.py:188} INFO - [2026-03-27T01:23:50.677+0000] {dag.py:3823} INFO - Setting next_dagrun for 00_etl_basico_opa to 2026-03-26 00:00:00+00:00, run_after=2026-03-27 00:00:00+00:00
[2026-03-27T01:23:50.768+0000] {processor.py:183} INFO - Processing /opt/airflow/dags/00_etl_basico_opa.py took 0.627 seconds
[2026-03-27T01:24:20.926+0000] {processor.py:161} INFO - Started process (PID=886) to work on /opt/airflow/dags/00_etl_basico_opa.py
[2026-03-27T01:24:20.986+0000] {processor.py:830} INFO - Processing file /opt/airflow/dags/00_etl_basico_opa.py for tasks to queue
[2026-03-27T01:24:20.987+0000] {logging_mixin.py:188} INFO - [2026-03-27T01:24:20.987+0000] {dagbag.py:538} INFO - Filling up the DagBag from /opt/airflow/dags/00_etl_basico_opa.py
[2026-03-27T01:24:21.389+0000] {processor.py:840} INFO - DAG(s) '00_etl_basico_opa' retrieved from /opt/airflow/dags/00_etl_basico_opa.py
[2026-03-27T01:24:21.425+0000] {logging_mixin.py:188} INFO - [2026-03-27T01:24:21.424+0000] {dag.py:3036} INFO - Sync 1 DAGs
[2026-03-27T01:24:21.465+0000] {logging_mixin.py:188} INFO - [2026-03-27T01:24:21.465+0000] {dag.py:3823} INFO - Setting next_dagrun for 00_etl_basico_opa to 2026-03-26 00:00:00+00:00, run_after=2026-03-27 00:00:00+00:00
[2026-03-27T01:24:21.727+0000] {processor.py:183} INFO - Processing /opt/airflow/dags/00_etl_basico_opa.py took 0.807 seconds
