[2026-03-27T01:08:10.144+0000] {processor.py:161} INFO - Started process (PID=197) to work on /opt/airflow/dags/dag_dbt_taller.py
[2026-03-27T01:08:10.147+0000] {processor.py:830} INFO - Processing file /opt/airflow/dags/dag_dbt_taller.py for tasks to queue
[2026-03-27T01:08:10.150+0000] {logging_mixin.py:188} INFO - [2026-03-27T01:08:10.150+0000] {dagbag.py:538} INFO - Filling up the DagBag from /opt/airflow/dags/dag_dbt_taller.py
[2026-03-27T01:08:10.855+0000] {processor.py:840} INFO - DAG(s) 'dag_dbt_taller' retrieved from /opt/airflow/dags/dag_dbt_taller.py
[2026-03-27T01:08:11.742+0000] {logging_mixin.py:188} INFO - [2026-03-27T01:08:11.742+0000] {dag.py:3036} INFO - Sync 1 DAGs
[2026-03-27T01:08:11.759+0000] {logging_mixin.py:188} INFO - [2026-03-27T01:08:11.759+0000] {dag.py:3823} INFO - Setting next_dagrun for dag_dbt_taller to None, run_after=None
[2026-03-27T01:08:11.817+0000] {processor.py:183} INFO - Processing /opt/airflow/dags/dag_dbt_taller.py took 1.683 seconds
[2026-03-27T01:08:42.582+0000] {processor.py:161} INFO - Started process (PID=218) to work on /opt/airflow/dags/dag_dbt_taller.py
[2026-03-27T01:08:42.584+0000] {processor.py:830} INFO - Processing file /opt/airflow/dags/dag_dbt_taller.py for tasks to queue
[2026-03-27T01:08:42.586+0000] {logging_mixin.py:188} INFO - [2026-03-27T01:08:42.585+0000] {dagbag.py:538} INFO - Filling up the DagBag from /opt/airflow/dags/dag_dbt_taller.py
[2026-03-27T01:08:42.616+0000] {processor.py:840} INFO - DAG(s) 'dag_dbt_taller' retrieved from /opt/airflow/dags/dag_dbt_taller.py
[2026-03-27T01:08:42.656+0000] {logging_mixin.py:188} INFO - [2026-03-27T01:08:42.656+0000] {dag.py:3036} INFO - Sync 1 DAGs
[2026-03-27T01:08:42.677+0000] {logging_mixin.py:188} INFO - [2026-03-27T01:08:42.677+0000] {dag.py:3823} INFO - Setting next_dagrun for dag_dbt_taller to None, run_after=None
[2026-03-27T01:08:42.759+0000] {processor.py:183} INFO - Processing /opt/airflow/dags/dag_dbt_taller.py took 0.182 seconds
[2026-03-27T01:09:12.851+0000] {processor.py:161} INFO - Started process (PID=240) to work on /opt/airflow/dags/dag_dbt_taller.py
[2026-03-27T01:09:12.852+0000] {processor.py:830} INFO - Processing file /opt/airflow/dags/dag_dbt_taller.py for tasks to queue
[2026-03-27T01:09:12.854+0000] {logging_mixin.py:188} INFO - [2026-03-27T01:09:12.854+0000] {dagbag.py:538} INFO - Filling up the DagBag from /opt/airflow/dags/dag_dbt_taller.py
[2026-03-27T01:09:12.888+0000] {processor.py:840} INFO - DAG(s) 'dag_dbt_taller' retrieved from /opt/airflow/dags/dag_dbt_taller.py
[2026-03-27T01:09:12.949+0000] {logging_mixin.py:188} INFO - [2026-03-27T01:09:12.948+0000] {dag.py:3036} INFO - Sync 1 DAGs
[2026-03-27T01:09:12.976+0000] {logging_mixin.py:188} INFO - [2026-03-27T01:09:12.975+0000] {dag.py:3823} INFO - Setting next_dagrun for dag_dbt_taller to None, run_after=None
[2026-03-27T01:09:13.056+0000] {processor.py:183} INFO - Processing /opt/airflow/dags/dag_dbt_taller.py took 0.215 seconds
[2026-03-27T01:09:43.504+0000] {processor.py:161} INFO - Started process (PID=262) to work on /opt/airflow/dags/dag_dbt_taller.py
[2026-03-27T01:09:43.506+0000] {processor.py:830} INFO - Processing file /opt/airflow/dags/dag_dbt_taller.py for tasks to queue
[2026-03-27T01:09:43.508+0000] {logging_mixin.py:188} INFO - [2026-03-27T01:09:43.507+0000] {dagbag.py:538} INFO - Filling up the DagBag from /opt/airflow/dags/dag_dbt_taller.py
[2026-03-27T01:09:43.536+0000] {processor.py:840} INFO - DAG(s) 'dag_dbt_taller' retrieved from /opt/airflow/dags/dag_dbt_taller.py
[2026-03-27T01:09:43.573+0000] {logging_mixin.py:188} INFO - [2026-03-27T01:09:43.573+0000] {dag.py:3036} INFO - Sync 1 DAGs
[2026-03-27T01:09:43.590+0000] {logging_mixin.py:188} INFO - [2026-03-27T01:09:43.590+0000] {dag.py:3823} INFO - Setting next_dagrun for dag_dbt_taller to None, run_after=None
[2026-03-27T01:09:43.680+0000] {processor.py:183} INFO - Processing /opt/airflow/dags/dag_dbt_taller.py took 0.183 seconds
[2026-03-27T01:10:13.917+0000] {processor.py:161} INFO - Started process (PID=285) to work on /opt/airflow/dags/dag_dbt_taller.py
[2026-03-27T01:10:13.918+0000] {processor.py:830} INFO - Processing file /opt/airflow/dags/dag_dbt_taller.py for tasks to queue
[2026-03-27T01:10:13.921+0000] {logging_mixin.py:188} INFO - [2026-03-27T01:10:13.920+0000] {dagbag.py:538} INFO - Filling up the DagBag from /opt/airflow/dags/dag_dbt_taller.py
[2026-03-27T01:10:13.948+0000] {processor.py:840} INFO - DAG(s) 'dag_dbt_taller' retrieved from /opt/airflow/dags/dag_dbt_taller.py
[2026-03-27T01:10:13.998+0000] {logging_mixin.py:188} INFO - [2026-03-27T01:10:13.997+0000] {dag.py:3036} INFO - Sync 1 DAGs
[2026-03-27T01:10:14.017+0000] {logging_mixin.py:188} INFO - [2026-03-27T01:10:14.016+0000] {dag.py:3823} INFO - Setting next_dagrun for dag_dbt_taller to None, run_after=None
[2026-03-27T01:10:14.069+0000] {processor.py:183} INFO - Processing /opt/airflow/dags/dag_dbt_taller.py took 0.157 seconds
[2026-03-27T01:10:44.218+0000] {processor.py:161} INFO - Started process (PID=306) to work on /opt/airflow/dags/dag_dbt_taller.py
[2026-03-27T01:10:44.220+0000] {processor.py:830} INFO - Processing file /opt/airflow/dags/dag_dbt_taller.py for tasks to queue
[2026-03-27T01:10:44.225+0000] {logging_mixin.py:188} INFO - [2026-03-27T01:10:44.224+0000] {dagbag.py:538} INFO - Filling up the DagBag from /opt/airflow/dags/dag_dbt_taller.py
[2026-03-27T01:10:44.256+0000] {processor.py:840} INFO - DAG(s) 'dag_dbt_taller' retrieved from /opt/airflow/dags/dag_dbt_taller.py
[2026-03-27T01:10:44.295+0000] {logging_mixin.py:188} INFO - [2026-03-27T01:10:44.294+0000] {dag.py:3036} INFO - Sync 1 DAGs
[2026-03-27T01:10:44.317+0000] {logging_mixin.py:188} INFO - [2026-03-27T01:10:44.317+0000] {dag.py:3823} INFO - Setting next_dagrun for dag_dbt_taller to None, run_after=None
[2026-03-27T01:10:44.357+0000] {processor.py:183} INFO - Processing /opt/airflow/dags/dag_dbt_taller.py took 0.144 seconds
[2026-03-27T01:11:14.483+0000] {processor.py:161} INFO - Started process (PID=327) to work on /opt/airflow/dags/dag_dbt_taller.py
[2026-03-27T01:11:14.484+0000] {processor.py:830} INFO - Processing file /opt/airflow/dags/dag_dbt_taller.py for tasks to queue
[2026-03-27T01:11:14.485+0000] {logging_mixin.py:188} INFO - [2026-03-27T01:11:14.484+0000] {dagbag.py:538} INFO - Filling up the DagBag from /opt/airflow/dags/dag_dbt_taller.py
[2026-03-27T01:11:14.510+0000] {processor.py:840} INFO - DAG(s) 'dag_dbt_taller' retrieved from /opt/airflow/dags/dag_dbt_taller.py
[2026-03-27T01:11:14.558+0000] {logging_mixin.py:188} INFO - [2026-03-27T01:11:14.558+0000] {dag.py:3036} INFO - Sync 1 DAGs
[2026-03-27T01:11:14.576+0000] {logging_mixin.py:188} INFO - [2026-03-27T01:11:14.576+0000] {dag.py:3823} INFO - Setting next_dagrun for dag_dbt_taller to None, run_after=None
[2026-03-27T01:11:14.634+0000] {processor.py:183} INFO - Processing /opt/airflow/dags/dag_dbt_taller.py took 0.157 seconds
[2026-03-27T01:11:44.862+0000] {processor.py:161} INFO - Started process (PID=346) to work on /opt/airflow/dags/dag_dbt_taller.py
[2026-03-27T01:11:44.863+0000] {processor.py:830} INFO - Processing file /opt/airflow/dags/dag_dbt_taller.py for tasks to queue
[2026-03-27T01:11:44.864+0000] {logging_mixin.py:188} INFO - [2026-03-27T01:11:44.864+0000] {dagbag.py:538} INFO - Filling up the DagBag from /opt/airflow/dags/dag_dbt_taller.py
[2026-03-27T01:11:44.889+0000] {processor.py:840} INFO - DAG(s) 'dag_dbt_taller' retrieved from /opt/airflow/dags/dag_dbt_taller.py
[2026-03-27T01:11:44.961+0000] {logging_mixin.py:188} INFO - [2026-03-27T01:11:44.960+0000] {dag.py:3036} INFO - Sync 1 DAGs
[2026-03-27T01:11:44.994+0000] {logging_mixin.py:188} INFO - [2026-03-27T01:11:44.994+0000] {dag.py:3823} INFO - Setting next_dagrun for dag_dbt_taller to None, run_after=None
[2026-03-27T01:11:45.068+0000] {processor.py:183} INFO - Processing /opt/airflow/dags/dag_dbt_taller.py took 0.213 seconds
[2026-03-27T01:12:15.291+0000] {processor.py:161} INFO - Started process (PID=367) to work on /opt/airflow/dags/dag_dbt_taller.py
[2026-03-27T01:12:15.292+0000] {processor.py:830} INFO - Processing file /opt/airflow/dags/dag_dbt_taller.py for tasks to queue
[2026-03-27T01:12:15.294+0000] {logging_mixin.py:188} INFO - [2026-03-27T01:12:15.293+0000] {dagbag.py:538} INFO - Filling up the DagBag from /opt/airflow/dags/dag_dbt_taller.py
[2026-03-27T01:12:15.322+0000] {processor.py:840} INFO - DAG(s) 'dag_dbt_taller' retrieved from /opt/airflow/dags/dag_dbt_taller.py
[2026-03-27T01:12:15.369+0000] {logging_mixin.py:188} INFO - [2026-03-27T01:12:15.368+0000] {dag.py:3036} INFO - Sync 1 DAGs
[2026-03-27T01:12:15.395+0000] {logging_mixin.py:188} INFO - [2026-03-27T01:12:15.395+0000] {dag.py:3823} INFO - Setting next_dagrun for dag_dbt_taller to None, run_after=None
[2026-03-27T01:12:15.553+0000] {processor.py:183} INFO - Processing /opt/airflow/dags/dag_dbt_taller.py took 0.267 seconds
[2026-03-27T01:12:46.305+0000] {processor.py:161} INFO - Started process (PID=390) to work on /opt/airflow/dags/dag_dbt_taller.py
[2026-03-27T01:12:46.306+0000] {processor.py:830} INFO - Processing file /opt/airflow/dags/dag_dbt_taller.py for tasks to queue
[2026-03-27T01:12:46.308+0000] {logging_mixin.py:188} INFO - [2026-03-27T01:12:46.307+0000] {dagbag.py:538} INFO - Filling up the DagBag from /opt/airflow/dags/dag_dbt_taller.py
[2026-03-27T01:12:46.335+0000] {processor.py:840} INFO - DAG(s) 'dag_dbt_taller' retrieved from /opt/airflow/dags/dag_dbt_taller.py
[2026-03-27T01:12:46.381+0000] {logging_mixin.py:188} INFO - [2026-03-27T01:12:46.381+0000] {dag.py:3036} INFO - Sync 1 DAGs
[2026-03-27T01:12:46.404+0000] {logging_mixin.py:188} INFO - [2026-03-27T01:12:46.404+0000] {dag.py:3823} INFO - Setting next_dagrun for dag_dbt_taller to None, run_after=None
[2026-03-27T01:12:46.461+0000] {processor.py:183} INFO - Processing /opt/airflow/dags/dag_dbt_taller.py took 0.161 seconds
[2026-03-27T01:13:16.843+0000] {processor.py:161} INFO - Started process (PID=412) to work on /opt/airflow/dags/dag_dbt_taller.py
[2026-03-27T01:13:16.847+0000] {processor.py:830} INFO - Processing file /opt/airflow/dags/dag_dbt_taller.py for tasks to queue
[2026-03-27T01:13:16.850+0000] {logging_mixin.py:188} INFO - [2026-03-27T01:13:16.849+0000] {dagbag.py:538} INFO - Filling up the DagBag from /opt/airflow/dags/dag_dbt_taller.py
[2026-03-27T01:13:16.897+0000] {processor.py:840} INFO - DAG(s) 'dag_dbt_taller' retrieved from /opt/airflow/dags/dag_dbt_taller.py
[2026-03-27T01:13:16.961+0000] {logging_mixin.py:188} INFO - [2026-03-27T01:13:16.961+0000] {dag.py:3036} INFO - Sync 1 DAGs
[2026-03-27T01:13:16.987+0000] {logging_mixin.py:188} INFO - [2026-03-27T01:13:16.986+0000] {dag.py:3823} INFO - Setting next_dagrun for dag_dbt_taller to None, run_after=None
[2026-03-27T01:13:17.086+0000] {processor.py:183} INFO - Processing /opt/airflow/dags/dag_dbt_taller.py took 0.251 seconds
[2026-03-27T01:13:47.480+0000] {processor.py:161} INFO - Started process (PID=433) to work on /opt/airflow/dags/dag_dbt_taller.py
[2026-03-27T01:13:47.481+0000] {processor.py:830} INFO - Processing file /opt/airflow/dags/dag_dbt_taller.py for tasks to queue
[2026-03-27T01:13:47.483+0000] {logging_mixin.py:188} INFO - [2026-03-27T01:13:47.482+0000] {dagbag.py:538} INFO - Filling up the DagBag from /opt/airflow/dags/dag_dbt_taller.py
[2026-03-27T01:13:47.511+0000] {processor.py:840} INFO - DAG(s) 'dag_dbt_taller' retrieved from /opt/airflow/dags/dag_dbt_taller.py
[2026-03-27T01:13:47.573+0000] {logging_mixin.py:188} INFO - [2026-03-27T01:13:47.573+0000] {dag.py:3036} INFO - Sync 1 DAGs
[2026-03-27T01:13:47.603+0000] {logging_mixin.py:188} INFO - [2026-03-27T01:13:47.602+0000] {dag.py:3823} INFO - Setting next_dagrun for dag_dbt_taller to None, run_after=None
[2026-03-27T01:13:47.715+0000] {processor.py:183} INFO - Processing /opt/airflow/dags/dag_dbt_taller.py took 0.241 seconds
[2026-03-27T01:14:17.806+0000] {processor.py:161} INFO - Started process (PID=455) to work on /opt/airflow/dags/dag_dbt_taller.py
[2026-03-27T01:14:17.807+0000] {processor.py:830} INFO - Processing file /opt/airflow/dags/dag_dbt_taller.py for tasks to queue
[2026-03-27T01:14:17.810+0000] {logging_mixin.py:188} INFO - [2026-03-27T01:14:17.809+0000] {dagbag.py:538} INFO - Filling up the DagBag from /opt/airflow/dags/dag_dbt_taller.py
[2026-03-27T01:14:17.863+0000] {processor.py:840} INFO - DAG(s) 'dag_dbt_taller' retrieved from /opt/airflow/dags/dag_dbt_taller.py
[2026-03-27T01:14:17.914+0000] {logging_mixin.py:188} INFO - [2026-03-27T01:14:17.913+0000] {dag.py:3036} INFO - Sync 1 DAGs
[2026-03-27T01:14:17.941+0000] {logging_mixin.py:188} INFO - [2026-03-27T01:14:17.941+0000] {dag.py:3823} INFO - Setting next_dagrun for dag_dbt_taller to None, run_after=None
[2026-03-27T01:14:18.034+0000] {processor.py:183} INFO - Processing /opt/airflow/dags/dag_dbt_taller.py took 0.234 seconds
[2026-03-27T01:14:48.236+0000] {processor.py:161} INFO - Started process (PID=476) to work on /opt/airflow/dags/dag_dbt_taller.py
[2026-03-27T01:14:48.238+0000] {processor.py:830} INFO - Processing file /opt/airflow/dags/dag_dbt_taller.py for tasks to queue
[2026-03-27T01:14:48.240+0000] {logging_mixin.py:188} INFO - [2026-03-27T01:14:48.239+0000] {dagbag.py:538} INFO - Filling up the DagBag from /opt/airflow/dags/dag_dbt_taller.py
[2026-03-27T01:14:48.272+0000] {processor.py:840} INFO - DAG(s) 'dag_dbt_taller' retrieved from /opt/airflow/dags/dag_dbt_taller.py
[2026-03-27T01:14:48.325+0000] {logging_mixin.py:188} INFO - [2026-03-27T01:14:48.324+0000] {dag.py:3036} INFO - Sync 1 DAGs
[2026-03-27T01:14:48.349+0000] {logging_mixin.py:188} INFO - [2026-03-27T01:14:48.349+0000] {dag.py:3823} INFO - Setting next_dagrun for dag_dbt_taller to None, run_after=None
[2026-03-27T01:14:48.462+0000] {processor.py:183} INFO - Processing /opt/airflow/dags/dag_dbt_taller.py took 0.233 seconds
[2026-03-27T01:15:18.645+0000] {processor.py:161} INFO - Started process (PID=498) to work on /opt/airflow/dags/dag_dbt_taller.py
[2026-03-27T01:15:18.646+0000] {processor.py:830} INFO - Processing file /opt/airflow/dags/dag_dbt_taller.py for tasks to queue
[2026-03-27T01:15:18.648+0000] {logging_mixin.py:188} INFO - [2026-03-27T01:15:18.647+0000] {dagbag.py:538} INFO - Filling up the DagBag from /opt/airflow/dags/dag_dbt_taller.py
[2026-03-27T01:15:18.680+0000] {processor.py:840} INFO - DAG(s) 'dag_dbt_taller' retrieved from /opt/airflow/dags/dag_dbt_taller.py
[2026-03-27T01:15:18.727+0000] {logging_mixin.py:188} INFO - [2026-03-27T01:15:18.727+0000] {dag.py:3036} INFO - Sync 1 DAGs
[2026-03-27T01:15:18.747+0000] {logging_mixin.py:188} INFO - [2026-03-27T01:15:18.747+0000] {dag.py:3823} INFO - Setting next_dagrun for dag_dbt_taller to None, run_after=None
[2026-03-27T01:15:18.828+0000] {processor.py:183} INFO - Processing /opt/airflow/dags/dag_dbt_taller.py took 0.187 seconds
[2026-03-27T01:15:48.933+0000] {processor.py:161} INFO - Started process (PID=521) to work on /opt/airflow/dags/dag_dbt_taller.py
[2026-03-27T01:15:48.934+0000] {processor.py:830} INFO - Processing file /opt/airflow/dags/dag_dbt_taller.py for tasks to queue
[2026-03-27T01:15:48.936+0000] {logging_mixin.py:188} INFO - [2026-03-27T01:15:48.935+0000] {dagbag.py:538} INFO - Filling up the DagBag from /opt/airflow/dags/dag_dbt_taller.py
[2026-03-27T01:15:48.962+0000] {processor.py:840} INFO - DAG(s) 'dag_dbt_taller' retrieved from /opt/airflow/dags/dag_dbt_taller.py
[2026-03-27T01:15:49.009+0000] {logging_mixin.py:188} INFO - [2026-03-27T01:15:49.009+0000] {dag.py:3036} INFO - Sync 1 DAGs
[2026-03-27T01:15:49.025+0000] {logging_mixin.py:188} INFO - [2026-03-27T01:15:49.025+0000] {dag.py:3823} INFO - Setting next_dagrun for dag_dbt_taller to None, run_after=None
[2026-03-27T01:15:49.108+0000] {processor.py:183} INFO - Processing /opt/airflow/dags/dag_dbt_taller.py took 0.180 seconds
[2026-03-27T01:16:19.236+0000] {processor.py:161} INFO - Started process (PID=543) to work on /opt/airflow/dags/dag_dbt_taller.py
[2026-03-27T01:16:19.238+0000] {processor.py:830} INFO - Processing file /opt/airflow/dags/dag_dbt_taller.py for tasks to queue
[2026-03-27T01:16:19.239+0000] {logging_mixin.py:188} INFO - [2026-03-27T01:16:19.239+0000] {dagbag.py:538} INFO - Filling up the DagBag from /opt/airflow/dags/dag_dbt_taller.py
[2026-03-27T01:16:19.271+0000] {processor.py:840} INFO - DAG(s) 'dag_dbt_taller' retrieved from /opt/airflow/dags/dag_dbt_taller.py
[2026-03-27T01:16:19.306+0000] {logging_mixin.py:188} INFO - [2026-03-27T01:16:19.306+0000] {dag.py:3036} INFO - Sync 1 DAGs
[2026-03-27T01:16:19.324+0000] {logging_mixin.py:188} INFO - [2026-03-27T01:16:19.324+0000] {dag.py:3823} INFO - Setting next_dagrun for dag_dbt_taller to None, run_after=None
[2026-03-27T01:16:19.414+0000] {processor.py:183} INFO - Processing /opt/airflow/dags/dag_dbt_taller.py took 0.183 seconds
[2026-03-27T01:16:49.577+0000] {processor.py:161} INFO - Started process (PID=564) to work on /opt/airflow/dags/dag_dbt_taller.py
[2026-03-27T01:16:49.579+0000] {processor.py:830} INFO - Processing file /opt/airflow/dags/dag_dbt_taller.py for tasks to queue
[2026-03-27T01:16:49.582+0000] {logging_mixin.py:188} INFO - [2026-03-27T01:16:49.581+0000] {dagbag.py:538} INFO - Filling up the DagBag from /opt/airflow/dags/dag_dbt_taller.py
[2026-03-27T01:16:49.638+0000] {processor.py:840} INFO - DAG(s) 'dag_dbt_taller' retrieved from /opt/airflow/dags/dag_dbt_taller.py
[2026-03-27T01:16:49.702+0000] {logging_mixin.py:188} INFO - [2026-03-27T01:16:49.701+0000] {dag.py:3036} INFO - Sync 1 DAGs
[2026-03-27T01:16:49.750+0000] {logging_mixin.py:188} INFO - [2026-03-27T01:16:49.750+0000] {dag.py:3823} INFO - Setting next_dagrun for dag_dbt_taller to None, run_after=None
[2026-03-27T01:16:49.824+0000] {processor.py:183} INFO - Processing /opt/airflow/dags/dag_dbt_taller.py took 0.265 seconds
[2026-03-27T01:17:20.014+0000] {processor.py:161} INFO - Started process (PID=585) to work on /opt/airflow/dags/dag_dbt_taller.py
[2026-03-27T01:17:20.016+0000] {processor.py:830} INFO - Processing file /opt/airflow/dags/dag_dbt_taller.py for tasks to queue
[2026-03-27T01:17:20.018+0000] {logging_mixin.py:188} INFO - [2026-03-27T01:17:20.017+0000] {dagbag.py:538} INFO - Filling up the DagBag from /opt/airflow/dags/dag_dbt_taller.py
[2026-03-27T01:17:20.105+0000] {processor.py:840} INFO - DAG(s) 'dag_dbt_taller' retrieved from /opt/airflow/dags/dag_dbt_taller.py
[2026-03-27T01:17:20.186+0000] {logging_mixin.py:188} INFO - [2026-03-27T01:17:20.186+0000] {dag.py:3036} INFO - Sync 1 DAGs
[2026-03-27T01:17:20.210+0000] {logging_mixin.py:188} INFO - [2026-03-27T01:17:20.210+0000] {dag.py:3823} INFO - Setting next_dagrun for dag_dbt_taller to None, run_after=None
[2026-03-27T01:17:20.275+0000] {processor.py:183} INFO - Processing /opt/airflow/dags/dag_dbt_taller.py took 0.266 seconds
[2026-03-27T01:17:50.356+0000] {processor.py:161} INFO - Started process (PID=606) to work on /opt/airflow/dags/dag_dbt_taller.py
[2026-03-27T01:17:50.358+0000] {processor.py:830} INFO - Processing file /opt/airflow/dags/dag_dbt_taller.py for tasks to queue
[2026-03-27T01:17:50.360+0000] {logging_mixin.py:188} INFO - [2026-03-27T01:17:50.359+0000] {dagbag.py:538} INFO - Filling up the DagBag from /opt/airflow/dags/dag_dbt_taller.py
[2026-03-27T01:17:50.382+0000] {processor.py:840} INFO - DAG(s) 'dag_dbt_taller' retrieved from /opt/airflow/dags/dag_dbt_taller.py
[2026-03-27T01:17:50.415+0000] {logging_mixin.py:188} INFO - [2026-03-27T01:17:50.415+0000] {dag.py:3036} INFO - Sync 1 DAGs
[2026-03-27T01:17:50.429+0000] {logging_mixin.py:188} INFO - [2026-03-27T01:17:50.429+0000] {dag.py:3823} INFO - Setting next_dagrun for dag_dbt_taller to None, run_after=None
[2026-03-27T01:17:50.470+0000] {processor.py:183} INFO - Processing /opt/airflow/dags/dag_dbt_taller.py took 0.120 seconds
[2026-03-27T01:18:20.777+0000] {processor.py:161} INFO - Started process (PID=627) to work on /opt/airflow/dags/dag_dbt_taller.py
[2026-03-27T01:18:20.779+0000] {processor.py:830} INFO - Processing file /opt/airflow/dags/dag_dbt_taller.py for tasks to queue
[2026-03-27T01:18:20.780+0000] {logging_mixin.py:188} INFO - [2026-03-27T01:18:20.780+0000] {dagbag.py:538} INFO - Filling up the DagBag from /opt/airflow/dags/dag_dbt_taller.py
[2026-03-27T01:18:20.806+0000] {processor.py:840} INFO - DAG(s) 'dag_dbt_taller' retrieved from /opt/airflow/dags/dag_dbt_taller.py
[2026-03-27T01:18:20.847+0000] {logging_mixin.py:188} INFO - [2026-03-27T01:18:20.846+0000] {dag.py:3036} INFO - Sync 1 DAGs
[2026-03-27T01:18:20.863+0000] {logging_mixin.py:188} INFO - [2026-03-27T01:18:20.863+0000] {dag.py:3823} INFO - Setting next_dagrun for dag_dbt_taller to None, run_after=None
[2026-03-27T01:18:21.187+0000] {processor.py:183} INFO - Processing /opt/airflow/dags/dag_dbt_taller.py took 0.416 seconds
[2026-03-27T01:18:51.283+0000] {processor.py:161} INFO - Started process (PID=648) to work on /opt/airflow/dags/dag_dbt_taller.py
[2026-03-27T01:18:51.284+0000] {processor.py:830} INFO - Processing file /opt/airflow/dags/dag_dbt_taller.py for tasks to queue
[2026-03-27T01:18:51.285+0000] {logging_mixin.py:188} INFO - [2026-03-27T01:18:51.285+0000] {dagbag.py:538} INFO - Filling up the DagBag from /opt/airflow/dags/dag_dbt_taller.py
[2026-03-27T01:18:51.309+0000] {processor.py:840} INFO - DAG(s) 'dag_dbt_taller' retrieved from /opt/airflow/dags/dag_dbt_taller.py
[2026-03-27T01:18:51.353+0000] {logging_mixin.py:188} INFO - [2026-03-27T01:18:51.352+0000] {dag.py:3036} INFO - Sync 1 DAGs
[2026-03-27T01:18:51.368+0000] {logging_mixin.py:188} INFO - [2026-03-27T01:18:51.367+0000] {dag.py:3823} INFO - Setting next_dagrun for dag_dbt_taller to None, run_after=None
[2026-03-27T01:18:51.444+0000] {processor.py:183} INFO - Processing /opt/airflow/dags/dag_dbt_taller.py took 0.166 seconds
[2026-03-27T01:19:21.993+0000] {processor.py:161} INFO - Started process (PID=669) to work on /opt/airflow/dags/dag_dbt_taller.py
[2026-03-27T01:19:21.994+0000] {processor.py:830} INFO - Processing file /opt/airflow/dags/dag_dbt_taller.py for tasks to queue
[2026-03-27T01:19:21.996+0000] {logging_mixin.py:188} INFO - [2026-03-27T01:19:21.995+0000] {dagbag.py:538} INFO - Filling up the DagBag from /opt/airflow/dags/dag_dbt_taller.py
[2026-03-27T01:19:22.026+0000] {processor.py:840} INFO - DAG(s) 'dag_dbt_taller' retrieved from /opt/airflow/dags/dag_dbt_taller.py
[2026-03-27T01:19:22.073+0000] {logging_mixin.py:188} INFO - [2026-03-27T01:19:22.073+0000] {dag.py:3036} INFO - Sync 1 DAGs
[2026-03-27T01:19:22.097+0000] {logging_mixin.py:188} INFO - [2026-03-27T01:19:22.097+0000] {dag.py:3823} INFO - Setting next_dagrun for dag_dbt_taller to None, run_after=None
[2026-03-27T01:19:22.186+0000] {processor.py:183} INFO - Processing /opt/airflow/dags/dag_dbt_taller.py took 0.197 seconds
[2026-03-27T01:19:52.737+0000] {processor.py:161} INFO - Started process (PID=690) to work on /opt/airflow/dags/dag_dbt_taller.py
[2026-03-27T01:19:52.738+0000] {processor.py:830} INFO - Processing file /opt/airflow/dags/dag_dbt_taller.py for tasks to queue
[2026-03-27T01:19:52.739+0000] {logging_mixin.py:188} INFO - [2026-03-27T01:19:52.739+0000] {dagbag.py:538} INFO - Filling up the DagBag from /opt/airflow/dags/dag_dbt_taller.py
[2026-03-27T01:19:52.784+0000] {processor.py:840} INFO - DAG(s) 'dag_dbt_taller' retrieved from /opt/airflow/dags/dag_dbt_taller.py
[2026-03-27T01:19:52.829+0000] {logging_mixin.py:188} INFO - [2026-03-27T01:19:52.828+0000] {dag.py:3036} INFO - Sync 1 DAGs
[2026-03-27T01:19:52.844+0000] {logging_mixin.py:188} INFO - [2026-03-27T01:19:52.844+0000] {dag.py:3823} INFO - Setting next_dagrun for dag_dbt_taller to None, run_after=None
[2026-03-27T01:19:52.927+0000] {processor.py:183} INFO - Processing /opt/airflow/dags/dag_dbt_taller.py took 0.196 seconds
[2026-03-27T01:20:23.166+0000] {processor.py:161} INFO - Started process (PID=711) to work on /opt/airflow/dags/dag_dbt_taller.py
[2026-03-27T01:20:23.167+0000] {processor.py:830} INFO - Processing file /opt/airflow/dags/dag_dbt_taller.py for tasks to queue
[2026-03-27T01:20:23.169+0000] {logging_mixin.py:188} INFO - [2026-03-27T01:20:23.168+0000] {dagbag.py:538} INFO - Filling up the DagBag from /opt/airflow/dags/dag_dbt_taller.py
[2026-03-27T01:20:23.198+0000] {processor.py:840} INFO - DAG(s) 'dag_dbt_taller' retrieved from /opt/airflow/dags/dag_dbt_taller.py
[2026-03-27T01:20:23.243+0000] {logging_mixin.py:188} INFO - [2026-03-27T01:20:23.243+0000] {dag.py:3036} INFO - Sync 1 DAGs
[2026-03-27T01:20:23.260+0000] {logging_mixin.py:188} INFO - [2026-03-27T01:20:23.259+0000] {dag.py:3823} INFO - Setting next_dagrun for dag_dbt_taller to None, run_after=None
[2026-03-27T01:20:23.386+0000] {processor.py:183} INFO - Processing /opt/airflow/dags/dag_dbt_taller.py took 0.227 seconds
[2026-03-27T01:20:53.849+0000] {processor.py:161} INFO - Started process (PID=738) to work on /opt/airflow/dags/dag_dbt_taller.py
[2026-03-27T01:20:53.851+0000] {processor.py:830} INFO - Processing file /opt/airflow/dags/dag_dbt_taller.py for tasks to queue
[2026-03-27T01:20:53.853+0000] {logging_mixin.py:188} INFO - [2026-03-27T01:20:53.852+0000] {dagbag.py:538} INFO - Filling up the DagBag from /opt/airflow/dags/dag_dbt_taller.py
[2026-03-27T01:20:53.885+0000] {processor.py:840} INFO - DAG(s) 'dag_dbt_taller' retrieved from /opt/airflow/dags/dag_dbt_taller.py
[2026-03-27T01:20:53.930+0000] {logging_mixin.py:188} INFO - [2026-03-27T01:20:53.930+0000] {dag.py:3036} INFO - Sync 1 DAGs
[2026-03-27T01:20:53.952+0000] {logging_mixin.py:188} INFO - [2026-03-27T01:20:53.952+0000] {dag.py:3823} INFO - Setting next_dagrun for dag_dbt_taller to None, run_after=None
[2026-03-27T01:20:54.006+0000] {processor.py:183} INFO - Processing /opt/airflow/dags/dag_dbt_taller.py took 0.162 seconds
[2026-03-27T01:21:24.298+0000] {processor.py:161} INFO - Started process (PID=760) to work on /opt/airflow/dags/dag_dbt_taller.py
[2026-03-27T01:21:24.299+0000] {processor.py:830} INFO - Processing file /opt/airflow/dags/dag_dbt_taller.py for tasks to queue
[2026-03-27T01:21:24.301+0000] {logging_mixin.py:188} INFO - [2026-03-27T01:21:24.301+0000] {dagbag.py:538} INFO - Filling up the DagBag from /opt/airflow/dags/dag_dbt_taller.py
[2026-03-27T01:21:24.328+0000] {processor.py:840} INFO - DAG(s) 'dag_dbt_taller' retrieved from /opt/airflow/dags/dag_dbt_taller.py
[2026-03-27T01:21:24.371+0000] {logging_mixin.py:188} INFO - [2026-03-27T01:21:24.370+0000] {dag.py:3036} INFO - Sync 1 DAGs
[2026-03-27T01:21:24.394+0000] {logging_mixin.py:188} INFO - [2026-03-27T01:21:24.394+0000] {dag.py:3823} INFO - Setting next_dagrun for dag_dbt_taller to None, run_after=None
[2026-03-27T01:21:24.476+0000] {processor.py:183} INFO - Processing /opt/airflow/dags/dag_dbt_taller.py took 0.183 seconds
[2026-03-27T01:21:54.636+0000] {processor.py:161} INFO - Started process (PID=782) to work on /opt/airflow/dags/dag_dbt_taller.py
[2026-03-27T01:21:54.637+0000] {processor.py:830} INFO - Processing file /opt/airflow/dags/dag_dbt_taller.py for tasks to queue
[2026-03-27T01:21:54.639+0000] {logging_mixin.py:188} INFO - [2026-03-27T01:21:54.638+0000] {dagbag.py:538} INFO - Filling up the DagBag from /opt/airflow/dags/dag_dbt_taller.py
[2026-03-27T01:21:54.672+0000] {processor.py:840} INFO - DAG(s) 'dag_dbt_taller' retrieved from /opt/airflow/dags/dag_dbt_taller.py
[2026-03-27T01:21:54.714+0000] {logging_mixin.py:188} INFO - [2026-03-27T01:21:54.713+0000] {dag.py:3036} INFO - Sync 1 DAGs
[2026-03-27T01:21:54.730+0000] {logging_mixin.py:188} INFO - [2026-03-27T01:21:54.729+0000] {dag.py:3823} INFO - Setting next_dagrun for dag_dbt_taller to None, run_after=None
[2026-03-27T01:21:54.804+0000] {processor.py:183} INFO - Processing /opt/airflow/dags/dag_dbt_taller.py took 0.176 seconds
[2026-03-27T01:22:25.561+0000] {processor.py:161} INFO - Started process (PID=804) to work on /opt/airflow/dags/dag_dbt_taller.py
[2026-03-27T01:22:25.562+0000] {processor.py:830} INFO - Processing file /opt/airflow/dags/dag_dbt_taller.py for tasks to queue
[2026-03-27T01:22:25.563+0000] {logging_mixin.py:188} INFO - [2026-03-27T01:22:25.563+0000] {dagbag.py:538} INFO - Filling up the DagBag from /opt/airflow/dags/dag_dbt_taller.py
[2026-03-27T01:22:25.591+0000] {processor.py:840} INFO - DAG(s) 'dag_dbt_taller' retrieved from /opt/airflow/dags/dag_dbt_taller.py
[2026-03-27T01:22:25.633+0000] {logging_mixin.py:188} INFO - [2026-03-27T01:22:25.633+0000] {dag.py:3036} INFO - Sync 1 DAGs
[2026-03-27T01:22:25.652+0000] {logging_mixin.py:188} INFO - [2026-03-27T01:22:25.652+0000] {dag.py:3823} INFO - Setting next_dagrun for dag_dbt_taller to None, run_after=None
[2026-03-27T01:22:25.739+0000] {processor.py:183} INFO - Processing /opt/airflow/dags/dag_dbt_taller.py took 0.183 seconds
[2026-03-27T01:22:56.254+0000] {processor.py:161} INFO - Started process (PID=827) to work on /opt/airflow/dags/dag_dbt_taller.py
[2026-03-27T01:22:56.255+0000] {processor.py:830} INFO - Processing file /opt/airflow/dags/dag_dbt_taller.py for tasks to queue
[2026-03-27T01:22:56.257+0000] {logging_mixin.py:188} INFO - [2026-03-27T01:22:56.256+0000] {dagbag.py:538} INFO - Filling up the DagBag from /opt/airflow/dags/dag_dbt_taller.py
[2026-03-27T01:22:56.284+0000] {processor.py:840} INFO - DAG(s) 'dag_dbt_taller' retrieved from /opt/airflow/dags/dag_dbt_taller.py
[2026-03-27T01:22:56.332+0000] {logging_mixin.py:188} INFO - [2026-03-27T01:22:56.332+0000] {dag.py:3036} INFO - Sync 1 DAGs
[2026-03-27T01:22:56.357+0000] {logging_mixin.py:188} INFO - [2026-03-27T01:22:56.357+0000] {dag.py:3823} INFO - Setting next_dagrun for dag_dbt_taller to None, run_after=None
[2026-03-27T01:22:56.458+0000] {processor.py:183} INFO - Processing /opt/airflow/dags/dag_dbt_taller.py took 0.209 seconds
[2026-03-27T01:23:26.723+0000] {processor.py:161} INFO - Started process (PID=850) to work on /opt/airflow/dags/dag_dbt_taller.py
[2026-03-27T01:23:26.724+0000] {processor.py:830} INFO - Processing file /opt/airflow/dags/dag_dbt_taller.py for tasks to queue
[2026-03-27T01:23:26.726+0000] {logging_mixin.py:188} INFO - [2026-03-27T01:23:26.726+0000] {dagbag.py:538} INFO - Filling up the DagBag from /opt/airflow/dags/dag_dbt_taller.py
[2026-03-27T01:23:26.758+0000] {processor.py:840} INFO - DAG(s) 'dag_dbt_taller' retrieved from /opt/airflow/dags/dag_dbt_taller.py
[2026-03-27T01:23:26.794+0000] {logging_mixin.py:188} INFO - [2026-03-27T01:23:26.794+0000] {dag.py:3036} INFO - Sync 1 DAGs
[2026-03-27T01:23:26.812+0000] {logging_mixin.py:188} INFO - [2026-03-27T01:23:26.811+0000] {dag.py:3823} INFO - Setting next_dagrun for dag_dbt_taller to None, run_after=None
[2026-03-27T01:23:26.865+0000] {processor.py:183} INFO - Processing /opt/airflow/dags/dag_dbt_taller.py took 0.146 seconds
[2026-03-27T01:23:57.436+0000] {processor.py:161} INFO - Started process (PID=871) to work on /opt/airflow/dags/dag_dbt_taller.py
[2026-03-27T01:23:57.437+0000] {processor.py:830} INFO - Processing file /opt/airflow/dags/dag_dbt_taller.py for tasks to queue
[2026-03-27T01:23:57.439+0000] {logging_mixin.py:188} INFO - [2026-03-27T01:23:57.439+0000] {dagbag.py:538} INFO - Filling up the DagBag from /opt/airflow/dags/dag_dbt_taller.py
[2026-03-27T01:23:57.498+0000] {processor.py:840} INFO - DAG(s) 'dag_dbt_taller' retrieved from /opt/airflow/dags/dag_dbt_taller.py
[2026-03-27T01:23:57.560+0000] {logging_mixin.py:188} INFO - [2026-03-27T01:23:57.560+0000] {dag.py:3036} INFO - Sync 1 DAGs
[2026-03-27T01:23:57.579+0000] {logging_mixin.py:188} INFO - [2026-03-27T01:23:57.578+0000] {dag.py:3823} INFO - Setting next_dagrun for dag_dbt_taller to None, run_after=None
[2026-03-27T01:23:57.662+0000] {processor.py:183} INFO - Processing /opt/airflow/dags/dag_dbt_taller.py took 0.240 seconds
[2026-03-27T01:24:27.854+0000] {processor.py:161} INFO - Started process (PID=892) to work on /opt/airflow/dags/dag_dbt_taller.py
[2026-03-27T01:24:27.855+0000] {processor.py:830} INFO - Processing file /opt/airflow/dags/dag_dbt_taller.py for tasks to queue
[2026-03-27T01:24:27.856+0000] {logging_mixin.py:188} INFO - [2026-03-27T01:24:27.856+0000] {dagbag.py:538} INFO - Filling up the DagBag from /opt/airflow/dags/dag_dbt_taller.py
[2026-03-27T01:24:27.880+0000] {processor.py:840} INFO - DAG(s) 'dag_dbt_taller' retrieved from /opt/airflow/dags/dag_dbt_taller.py
[2026-03-27T01:24:27.922+0000] {logging_mixin.py:188} INFO - [2026-03-27T01:24:27.922+0000] {dag.py:3036} INFO - Sync 1 DAGs
[2026-03-27T01:24:27.940+0000] {logging_mixin.py:188} INFO - [2026-03-27T01:24:27.940+0000] {dag.py:3823} INFO - Setting next_dagrun for dag_dbt_taller to None, run_after=None
[2026-03-27T01:24:28.013+0000] {processor.py:183} INFO - Processing /opt/airflow/dags/dag_dbt_taller.py took 0.164 seconds
[2026-03-27T01:24:58.586+0000] {processor.py:161} INFO - Started process (PID=916) to work on /opt/airflow/dags/dag_dbt_taller.py
[2026-03-27T01:24:58.587+0000] {processor.py:830} INFO - Processing file /opt/airflow/dags/dag_dbt_taller.py for tasks to queue
[2026-03-27T01:24:58.589+0000] {logging_mixin.py:188} INFO - [2026-03-27T01:24:58.588+0000] {dagbag.py:538} INFO - Filling up the DagBag from /opt/airflow/dags/dag_dbt_taller.py
[2026-03-27T01:24:58.618+0000] {processor.py:840} INFO - DAG(s) 'dag_dbt_taller' retrieved from /opt/airflow/dags/dag_dbt_taller.py
[2026-03-27T01:24:58.664+0000] {logging_mixin.py:188} INFO - [2026-03-27T01:24:58.663+0000] {dag.py:3036} INFO - Sync 1 DAGs
[2026-03-27T01:24:58.682+0000] {logging_mixin.py:188} INFO - [2026-03-27T01:24:58.682+0000] {dag.py:3823} INFO - Setting next_dagrun for dag_dbt_taller to None, run_after=None
[2026-03-27T01:24:58.789+0000] {processor.py:183} INFO - Processing /opt/airflow/dags/dag_dbt_taller.py took 0.207 seconds
[2026-03-27T01:25:29.299+0000] {processor.py:161} INFO - Started process (PID=937) to work on /opt/airflow/dags/dag_dbt_taller.py
[2026-03-27T01:25:29.300+0000] {processor.py:830} INFO - Processing file /opt/airflow/dags/dag_dbt_taller.py for tasks to queue
[2026-03-27T01:25:29.301+0000] {logging_mixin.py:188} INFO - [2026-03-27T01:25:29.301+0000] {dagbag.py:538} INFO - Filling up the DagBag from /opt/airflow/dags/dag_dbt_taller.py
[2026-03-27T01:25:29.353+0000] {processor.py:840} INFO - DAG(s) 'dag_dbt_taller' retrieved from /opt/airflow/dags/dag_dbt_taller.py
[2026-03-27T01:25:29.402+0000] {logging_mixin.py:188} INFO - [2026-03-27T01:25:29.401+0000] {dag.py:3036} INFO - Sync 1 DAGs
[2026-03-27T01:25:29.430+0000] {logging_mixin.py:188} INFO - [2026-03-27T01:25:29.430+0000] {dag.py:3823} INFO - Setting next_dagrun for dag_dbt_taller to None, run_after=None
[2026-03-27T01:25:29.542+0000] {processor.py:183} INFO - Processing /opt/airflow/dags/dag_dbt_taller.py took 0.248 seconds
[2026-03-27T01:26:00.088+0000] {processor.py:161} INFO - Started process (PID=960) to work on /opt/airflow/dags/dag_dbt_taller.py
[2026-03-27T01:26:00.089+0000] {processor.py:830} INFO - Processing file /opt/airflow/dags/dag_dbt_taller.py for tasks to queue
[2026-03-27T01:26:00.091+0000] {logging_mixin.py:188} INFO - [2026-03-27T01:26:00.091+0000] {dagbag.py:538} INFO - Filling up the DagBag from /opt/airflow/dags/dag_dbt_taller.py
[2026-03-27T01:26:00.125+0000] {processor.py:840} INFO - DAG(s) 'dag_dbt_taller' retrieved from /opt/airflow/dags/dag_dbt_taller.py
[2026-03-27T01:26:00.176+0000] {logging_mixin.py:188} INFO - [2026-03-27T01:26:00.176+0000] {dag.py:3036} INFO - Sync 1 DAGs
[2026-03-27T01:26:00.199+0000] {logging_mixin.py:188} INFO - [2026-03-27T01:26:00.199+0000] {dag.py:3823} INFO - Setting next_dagrun for dag_dbt_taller to None, run_after=None
[2026-03-27T01:26:00.305+0000] {processor.py:183} INFO - Processing /opt/airflow/dags/dag_dbt_taller.py took 0.225 seconds
[2026-03-27T01:26:30.955+0000] {processor.py:161} INFO - Started process (PID=988) to work on /opt/airflow/dags/dag_dbt_taller.py
[2026-03-27T01:26:30.956+0000] {processor.py:830} INFO - Processing file /opt/airflow/dags/dag_dbt_taller.py for tasks to queue
[2026-03-27T01:26:30.958+0000] {logging_mixin.py:188} INFO - [2026-03-27T01:26:30.957+0000] {dagbag.py:538} INFO - Filling up the DagBag from /opt/airflow/dags/dag_dbt_taller.py
[2026-03-27T01:26:30.987+0000] {processor.py:840} INFO - DAG(s) 'dag_dbt_taller' retrieved from /opt/airflow/dags/dag_dbt_taller.py
[2026-03-27T01:26:31.029+0000] {logging_mixin.py:188} INFO - [2026-03-27T01:26:31.029+0000] {dag.py:3036} INFO - Sync 1 DAGs
[2026-03-27T01:26:31.059+0000] {logging_mixin.py:188} INFO - [2026-03-27T01:26:31.059+0000] {dag.py:3823} INFO - Setting next_dagrun for dag_dbt_taller to None, run_after=None
[2026-03-27T01:26:31.147+0000] {processor.py:183} INFO - Processing /opt/airflow/dags/dag_dbt_taller.py took 0.198 seconds
[2026-03-27T01:27:01.659+0000] {processor.py:161} INFO - Started process (PID=1009) to work on /opt/airflow/dags/dag_dbt_taller.py
[2026-03-27T01:27:01.661+0000] {processor.py:830} INFO - Processing file /opt/airflow/dags/dag_dbt_taller.py for tasks to queue
[2026-03-27T01:27:01.663+0000] {logging_mixin.py:188} INFO - [2026-03-27T01:27:01.663+0000] {dagbag.py:538} INFO - Filling up the DagBag from /opt/airflow/dags/dag_dbt_taller.py
[2026-03-27T01:27:01.688+0000] {processor.py:840} INFO - DAG(s) 'dag_dbt_taller' retrieved from /opt/airflow/dags/dag_dbt_taller.py
[2026-03-27T01:27:01.738+0000] {logging_mixin.py:188} INFO - [2026-03-27T01:27:01.738+0000] {dag.py:3036} INFO - Sync 1 DAGs
[2026-03-27T01:27:01.755+0000] {logging_mixin.py:188} INFO - [2026-03-27T01:27:01.754+0000] {dag.py:3823} INFO - Setting next_dagrun for dag_dbt_taller to None, run_after=None
[2026-03-27T01:27:01.833+0000] {processor.py:183} INFO - Processing /opt/airflow/dags/dag_dbt_taller.py took 0.179 seconds
