[2026-03-24T20:30:35.673+0000] {taskinstance.py:1956} INFO - Dependencies all met for dep_context=non-requeueable deps ti=<TaskInstance: dag_dbt_calidad_aire.sembrar_calidad_aire manual__2026-03-24T20:30:31.788400+00:00 [queued]>
[2026-03-24T20:30:35.690+0000] {taskinstance.py:1956} INFO - Dependencies all met for dep_context=requeueable deps ti=<TaskInstance: dag_dbt_calidad_aire.sembrar_calidad_aire manual__2026-03-24T20:30:31.788400+00:00 [queued]>
[2026-03-24T20:30:35.691+0000] {taskinstance.py:2170} INFO - Starting attempt 1 of 1
[2026-03-24T20:30:35.828+0000] {taskinstance.py:2191} INFO - Executing <Task(_PythonDecoratedOperator): sembrar_calidad_aire> on 2026-03-24 20:30:31.788400+00:00
[2026-03-24T20:30:35.839+0000] {standard_task_runner.py:60} INFO - Started process 5646 to run task
[2026-03-24T20:30:35.850+0000] {standard_task_runner.py:87} INFO - Running: ['***', 'tasks', 'run', 'dag_dbt_calidad_aire', 'sembrar_calidad_aire', 'manual__2026-03-24T20:30:31.788400+00:00', '--job-id', '167', '--raw', '--subdir', 'DAGS_FOLDER/dag_dbt_calidad_aire.py', '--cfg-path', '/tmp/tmpjv1o5jr2']
[2026-03-24T20:30:35.855+0000] {standard_task_runner.py:88} INFO - Job 167: Subtask sembrar_calidad_aire
[2026-03-24T20:30:35.923+0000] {logging_mixin.py:188} WARNING - /home/***/.local/lib/python3.8/site-packages/***/settings.py:194 DeprecationWarning: The sql_alchemy_conn option in [core] has been moved to the sql_alchemy_conn option in [database] - the old setting has been used, but please update your config.
[2026-03-24T20:30:35.991+0000] {task_command.py:423} INFO - Running <TaskInstance: dag_dbt_calidad_aire.sembrar_calidad_aire manual__2026-03-24T20:30:31.788400+00:00 [running]> on host 5f43b8fdce6c
[2026-03-24T20:30:36.290+0000] {taskinstance.py:2480} INFO - Exporting env vars: AIRFLOW_CTX_DAG_OWNER='***' AIRFLOW_CTX_DAG_ID='dag_dbt_calidad_aire' AIRFLOW_CTX_TASK_ID='sembrar_calidad_aire' AIRFLOW_CTX_EXECUTION_DATE='2026-03-24T20:30:31.788400+00:00' AIRFLOW_CTX_TRY_NUMBER='1' AIRFLOW_CTX_DAG_RUN_ID='manual__2026-03-24T20:30:31.788400+00:00'
[2026-03-24T20:30:36.292+0000] {logging_mixin.py:188} INFO - Ejecutando: dbt seed --select calidad_aire en /opt/***/dbt/proyecto_stalin
[2026-03-24T20:30:47.024+0000] {logging_mixin.py:188} INFO - Éxito:
20:30:42  Running with dbt=1.9.0-b2
20:30:42  Registered adapter: postgres=1.8.2
20:30:44  Found 5 models, 4 data tests, 2 seeds, 2 sources, 424 macros
20:30:44  
20:30:44  Concurrency: 1 threads (target='dev')
20:30:44  
20:30:45  1 of 1 START seed file public.calidad_aire ..................................... [RUN]
20:30:45  1 of 1 OK loaded seed file public.calidad_aire ................................. [INSERT 4 in 0.38s]
20:30:45  
20:30:45  Finished running 1 seed in 0 hours 0 minutes and 0.72 seconds (0.72s).
20:30:45  
20:30:45  Completed successfully
20:30:45  
20:30:45  Done. PASS=1 WARN=0 ERROR=0 SKIP=0 TOTAL=1
[2026-03-24T20:30:47.026+0000] {python.py:201} INFO - Done. Returned value was: None
[2026-03-24T20:30:47.059+0000] {taskinstance.py:1138} INFO - Marking task as SUCCESS. dag_id=dag_dbt_calidad_aire, task_id=sembrar_calidad_aire, execution_date=20260324T203031, start_date=20260324T203035, end_date=20260324T203047
[2026-03-24T20:30:47.184+0000] {local_task_job_runner.py:234} INFO - Task exited with return code 0
[2026-03-24T20:30:47.253+0000] {taskinstance.py:3280} INFO - 1 downstream tasks scheduled from follow-on schedule check
