[2026-03-24T20:54:47.407+0000] {taskinstance.py:1956} INFO - Dependencies all met for dep_context=non-requeueable deps ti=<TaskInstance: dag_dbt_calidad_aire.crear_staging_calidad_aire manual__2026-03-24T20:54:28.333664+00:00 [queued]>
[2026-03-24T20:54:47.427+0000] {taskinstance.py:1956} INFO - Dependencies all met for dep_context=requeueable deps ti=<TaskInstance: dag_dbt_calidad_aire.crear_staging_calidad_aire manual__2026-03-24T20:54:28.333664+00:00 [queued]>
[2026-03-24T20:54:47.428+0000] {taskinstance.py:2170} INFO - Starting attempt 1 of 1
[2026-03-24T20:54:47.483+0000] {taskinstance.py:2191} INFO - Executing <Task(_PythonDecoratedOperator): crear_staging_calidad_aire> on 2026-03-24 20:54:28.333664+00:00
[2026-03-24T20:54:47.493+0000] {standard_task_runner.py:60} INFO - Started process 6777 to run task
[2026-03-24T20:54:47.500+0000] {standard_task_runner.py:87} INFO - Running: ['***', 'tasks', 'run', 'dag_dbt_calidad_aire', 'crear_staging_calidad_aire', 'manual__2026-03-24T20:54:28.333664+00:00', '--job-id', '184', '--raw', '--subdir', 'DAGS_FOLDER/dag_dbt_calidad_aire.py', '--cfg-path', '/tmp/tmpdowj4sgu']
[2026-03-24T20:54:47.505+0000] {standard_task_runner.py:88} INFO - Job 184: Subtask crear_staging_calidad_aire
[2026-03-24T20:54:47.560+0000] {logging_mixin.py:188} WARNING - /home/***/.local/lib/python3.8/site-packages/***/settings.py:194 DeprecationWarning: The sql_alchemy_conn option in [core] has been moved to the sql_alchemy_conn option in [database] - the old setting has been used, but please update your config.
[2026-03-24T20:54:47.688+0000] {task_command.py:423} INFO - Running <TaskInstance: dag_dbt_calidad_aire.crear_staging_calidad_aire manual__2026-03-24T20:54:28.333664+00:00 [running]> on host 5f43b8fdce6c
[2026-03-24T20:54:48.081+0000] {taskinstance.py:2480} INFO - Exporting env vars: AIRFLOW_CTX_DAG_OWNER='***' AIRFLOW_CTX_DAG_ID='dag_dbt_calidad_aire' AIRFLOW_CTX_TASK_ID='crear_staging_calidad_aire' AIRFLOW_CTX_EXECUTION_DATE='2026-03-24T20:54:28.333664+00:00' AIRFLOW_CTX_TRY_NUMBER='1' AIRFLOW_CTX_DAG_RUN_ID='manual__2026-03-24T20:54:28.333664+00:00'
[2026-03-24T20:54:48.088+0000] {logging_mixin.py:188} INFO - Ejecutando: dbt run --models staging.* en /opt/***/dbt/proyecto_stalin
[2026-03-24T20:54:57.846+0000] {logging_mixin.py:188} INFO - Éxito:
20:54:51  Running with dbt=1.9.0-b2
20:54:52  Registered adapter: postgres=1.8.2
20:54:54  Found 6 models, 4 data tests, 2 seeds, 2 sources, 424 macros
20:54:54  
20:54:54  Concurrency: 1 threads (target='dev')
20:54:54  
20:54:54  1 of 2 START sql view model public.stg_calidad_aire ............................ [RUN]
20:54:55  1 of 2 OK created sql view model public.stg_calidad_aire ....................... [CREATE VIEW in 0.40s]
20:54:55  2 of 2 START sql view model public.stg_clima ................................... [RUN]
20:54:55  2 of 2 OK created sql view model public.stg_clima .............................. [CREATE VIEW in 0.27s]
20:54:55  
20:54:55  Finished running 2 view models in 0 hours 0 minutes and 1.15 seconds (1.15s).
20:54:56  
20:54:56  Completed successfully
20:54:56  
20:54:56  Done. PASS=2 WARN=0 ERROR=0 SKIP=0 TOTAL=2
[2026-03-24T20:54:57.848+0000] {python.py:201} INFO - Done. Returned value was: None
[2026-03-24T20:54:57.872+0000] {taskinstance.py:1138} INFO - Marking task as SUCCESS. dag_id=dag_dbt_calidad_aire, task_id=crear_staging_calidad_aire, execution_date=20260324T205428, start_date=20260324T205447, end_date=20260324T205457
[2026-03-24T20:54:57.986+0000] {local_task_job_runner.py:234} INFO - Task exited with return code 0
[2026-03-24T20:54:58.034+0000] {taskinstance.py:3280} INFO - 1 downstream tasks scheduled from follow-on schedule check
