[2026-03-24T20:02:56.628+0000] {taskinstance.py:1956} INFO - Dependencies all met for dep_context=non-requeueable deps ti=<TaskInstance: dag_dbt_taller.sembrar_datos manual__2026-03-24T20:02:51.703451+00:00 [queued]>
[2026-03-24T20:02:56.685+0000] {taskinstance.py:1956} INFO - Dependencies all met for dep_context=requeueable deps ti=<TaskInstance: dag_dbt_taller.sembrar_datos manual__2026-03-24T20:02:51.703451+00:00 [queued]>
[2026-03-24T20:02:56.691+0000] {taskinstance.py:2170} INFO - Starting attempt 1 of 1
[2026-03-24T20:02:57.004+0000] {taskinstance.py:2191} INFO - Executing <Task(_PythonDecoratedOperator): sembrar_datos> on 2026-03-24 20:02:51.703451+00:00
[2026-03-24T20:02:57.014+0000] {standard_task_runner.py:60} INFO - Started process 4529 to run task
[2026-03-24T20:02:57.021+0000] {standard_task_runner.py:87} INFO - Running: ['***', 'tasks', 'run', 'dag_dbt_taller', 'sembrar_datos', 'manual__2026-03-24T20:02:51.703451+00:00', '--job-id', '158', '--raw', '--subdir', 'DAGS_FOLDER/dag_dbt_taller.py', '--cfg-path', '/tmp/tmpyqda0fzs']
[2026-03-24T20:02:57.025+0000] {standard_task_runner.py:88} INFO - Job 158: Subtask sembrar_datos
[2026-03-24T20:02:57.170+0000] {logging_mixin.py:188} WARNING - /home/***/.local/lib/python3.8/site-packages/***/settings.py:194 DeprecationWarning: The sql_alchemy_conn option in [core] has been moved to the sql_alchemy_conn option in [database] - the old setting has been used, but please update your config.
[2026-03-24T20:02:57.324+0000] {task_command.py:423} INFO - Running <TaskInstance: dag_dbt_taller.sembrar_datos manual__2026-03-24T20:02:51.703451+00:00 [running]> on host 5f43b8fdce6c
[2026-03-24T20:02:58.431+0000] {taskinstance.py:2480} INFO - Exporting env vars: AIRFLOW_CTX_DAG_OWNER='***' AIRFLOW_CTX_DAG_ID='dag_dbt_taller' AIRFLOW_CTX_TASK_ID='sembrar_datos' AIRFLOW_CTX_EXECUTION_DATE='2026-03-24T20:02:51.703451+00:00' AIRFLOW_CTX_TRY_NUMBER='1' AIRFLOW_CTX_DAG_RUN_ID='manual__2026-03-24T20:02:51.703451+00:00'
[2026-03-24T20:02:58.454+0000] {logging_mixin.py:188} INFO - Ejecutando: dbt seed en /opt/***/dbt/proyecto_stalin
[2026-03-24T20:03:10.977+0000] {logging_mixin.py:188} INFO - Éxito:
20:03:03  Running with dbt=1.9.0-b2
20:03:03  Registered adapter: postgres=1.8.2
20:03:07  Found 4 models, 4 data tests, 1 seed, 1 source, 424 macros
20:03:07  
20:03:07  Concurrency: 1 threads (target='dev')
20:03:07  
20:03:08  1 of 1 START seed file public.datos_clima ...................................... [RUN]
20:03:09  1 of 1 OK loaded seed file public.datos_clima .................................. [INSERT 4 in 1.37s]
20:03:09  
20:03:09  Finished running 1 seed in 0 hours 0 minutes and 1.67 seconds (1.67s).
20:03:09  
20:03:09  Completed successfully
20:03:09  
20:03:09  Done. PASS=1 WARN=0 ERROR=0 SKIP=0 TOTAL=1
[2026-03-24T20:03:10.979+0000] {python.py:201} INFO - Done. Returned value was: None
[2026-03-24T20:03:10.996+0000] {taskinstance.py:1138} INFO - Marking task as SUCCESS. dag_id=dag_dbt_taller, task_id=sembrar_datos, execution_date=20260324T200251, start_date=20260324T200256, end_date=20260324T200310
[2026-03-24T20:03:11.127+0000] {local_task_job_runner.py:234} INFO - Task exited with return code 0
[2026-03-24T20:03:11.170+0000] {taskinstance.py:3280} INFO - 1 downstream tasks scheduled from follow-on schedule check
