[2026-03-25T00:00:29.988+0000] {processor.py:161} INFO - Started process (PID=14469) to work on /opt/airflow/dags/dag_dbt_taller.py
[2026-03-25T00:00:29.989+0000] {processor.py:830} INFO - Processing file /opt/airflow/dags/dag_dbt_taller.py for tasks to queue
[2026-03-25T00:00:29.991+0000] {logging_mixin.py:188} INFO - [2026-03-25T00:00:29.990+0000] {dagbag.py:538} INFO - Filling up the DagBag from /opt/airflow/dags/dag_dbt_taller.py
[2026-03-25T00:00:30.351+0000] {processor.py:840} INFO - DAG(s) 'dag_dbt_taller' retrieved from /opt/airflow/dags/dag_dbt_taller.py
[2026-03-25T00:00:30.445+0000] {logging_mixin.py:188} INFO - [2026-03-25T00:00:30.445+0000] {dag.py:3036} INFO - Sync 1 DAGs
[2026-03-25T00:00:30.479+0000] {logging_mixin.py:188} INFO - [2026-03-25T00:00:30.478+0000] {dag.py:3823} INFO - Setting next_dagrun for dag_dbt_taller to None, run_after=None
[2026-03-25T00:00:30.526+0000] {processor.py:183} INFO - Processing /opt/airflow/dags/dag_dbt_taller.py took 0.544 seconds
[2026-03-25T00:01:00.682+0000] {processor.py:161} INFO - Started process (PID=14490) to work on /opt/airflow/dags/dag_dbt_taller.py
[2026-03-25T00:01:00.684+0000] {processor.py:830} INFO - Processing file /opt/airflow/dags/dag_dbt_taller.py for tasks to queue
[2026-03-25T00:01:00.686+0000] {logging_mixin.py:188} INFO - [2026-03-25T00:01:00.685+0000] {dagbag.py:538} INFO - Filling up the DagBag from /opt/airflow/dags/dag_dbt_taller.py
[2026-03-25T00:01:00.713+0000] {processor.py:840} INFO - DAG(s) 'dag_dbt_taller' retrieved from /opt/airflow/dags/dag_dbt_taller.py
[2026-03-25T00:01:00.749+0000] {logging_mixin.py:188} INFO - [2026-03-25T00:01:00.749+0000] {dag.py:3036} INFO - Sync 1 DAGs
[2026-03-25T00:01:00.767+0000] {logging_mixin.py:188} INFO - [2026-03-25T00:01:00.766+0000] {dag.py:3823} INFO - Setting next_dagrun for dag_dbt_taller to None, run_after=None
[2026-03-25T00:01:00.859+0000] {processor.py:183} INFO - Processing /opt/airflow/dags/dag_dbt_taller.py took 0.182 seconds
[2026-03-25T00:01:31.193+0000] {processor.py:161} INFO - Started process (PID=14511) to work on /opt/airflow/dags/dag_dbt_taller.py
[2026-03-25T00:01:31.194+0000] {processor.py:830} INFO - Processing file /opt/airflow/dags/dag_dbt_taller.py for tasks to queue
[2026-03-25T00:01:31.195+0000] {logging_mixin.py:188} INFO - [2026-03-25T00:01:31.195+0000] {dagbag.py:538} INFO - Filling up the DagBag from /opt/airflow/dags/dag_dbt_taller.py
[2026-03-25T00:01:31.224+0000] {processor.py:840} INFO - DAG(s) 'dag_dbt_taller' retrieved from /opt/airflow/dags/dag_dbt_taller.py
[2026-03-25T00:01:31.261+0000] {logging_mixin.py:188} INFO - [2026-03-25T00:01:31.260+0000] {dag.py:3036} INFO - Sync 1 DAGs
[2026-03-25T00:01:31.279+0000] {logging_mixin.py:188} INFO - [2026-03-25T00:01:31.278+0000] {dag.py:3823} INFO - Setting next_dagrun for dag_dbt_taller to None, run_after=None
[2026-03-25T00:01:31.365+0000] {processor.py:183} INFO - Processing /opt/airflow/dags/dag_dbt_taller.py took 0.176 seconds
[2026-03-25T00:02:01.861+0000] {processor.py:161} INFO - Started process (PID=14532) to work on /opt/airflow/dags/dag_dbt_taller.py
[2026-03-25T00:02:01.862+0000] {processor.py:830} INFO - Processing file /opt/airflow/dags/dag_dbt_taller.py for tasks to queue
[2026-03-25T00:02:01.863+0000] {logging_mixin.py:188} INFO - [2026-03-25T00:02:01.863+0000] {dagbag.py:538} INFO - Filling up the DagBag from /opt/airflow/dags/dag_dbt_taller.py
[2026-03-25T00:02:01.887+0000] {processor.py:840} INFO - DAG(s) 'dag_dbt_taller' retrieved from /opt/airflow/dags/dag_dbt_taller.py
[2026-03-25T00:02:01.925+0000] {logging_mixin.py:188} INFO - [2026-03-25T00:02:01.925+0000] {dag.py:3036} INFO - Sync 1 DAGs
[2026-03-25T00:02:01.944+0000] {logging_mixin.py:188} INFO - [2026-03-25T00:02:01.944+0000] {dag.py:3823} INFO - Setting next_dagrun for dag_dbt_taller to None, run_after=None
[2026-03-25T00:02:02.043+0000] {processor.py:183} INFO - Processing /opt/airflow/dags/dag_dbt_taller.py took 0.187 seconds
[2026-03-25T00:02:32.392+0000] {processor.py:161} INFO - Started process (PID=14553) to work on /opt/airflow/dags/dag_dbt_taller.py
[2026-03-25T00:02:32.393+0000] {processor.py:830} INFO - Processing file /opt/airflow/dags/dag_dbt_taller.py for tasks to queue
[2026-03-25T00:02:32.395+0000] {logging_mixin.py:188} INFO - [2026-03-25T00:02:32.394+0000] {dagbag.py:538} INFO - Filling up the DagBag from /opt/airflow/dags/dag_dbt_taller.py
[2026-03-25T00:02:32.422+0000] {processor.py:840} INFO - DAG(s) 'dag_dbt_taller' retrieved from /opt/airflow/dags/dag_dbt_taller.py
[2026-03-25T00:02:32.467+0000] {logging_mixin.py:188} INFO - [2026-03-25T00:02:32.467+0000] {dag.py:3036} INFO - Sync 1 DAGs
[2026-03-25T00:02:32.485+0000] {logging_mixin.py:188} INFO - [2026-03-25T00:02:32.485+0000] {dag.py:3823} INFO - Setting next_dagrun for dag_dbt_taller to None, run_after=None
[2026-03-25T00:02:32.539+0000] {processor.py:183} INFO - Processing /opt/airflow/dags/dag_dbt_taller.py took 0.151 seconds
[2026-03-25T00:03:02.917+0000] {processor.py:161} INFO - Started process (PID=14574) to work on /opt/airflow/dags/dag_dbt_taller.py
[2026-03-25T00:03:02.918+0000] {processor.py:830} INFO - Processing file /opt/airflow/dags/dag_dbt_taller.py for tasks to queue
[2026-03-25T00:03:02.920+0000] {logging_mixin.py:188} INFO - [2026-03-25T00:03:02.920+0000] {dagbag.py:538} INFO - Filling up the DagBag from /opt/airflow/dags/dag_dbt_taller.py
[2026-03-25T00:03:02.943+0000] {processor.py:840} INFO - DAG(s) 'dag_dbt_taller' retrieved from /opt/airflow/dags/dag_dbt_taller.py
[2026-03-25T00:03:02.982+0000] {logging_mixin.py:188} INFO - [2026-03-25T00:03:02.982+0000] {dag.py:3036} INFO - Sync 1 DAGs
[2026-03-25T00:03:03.005+0000] {logging_mixin.py:188} INFO - [2026-03-25T00:03:03.004+0000] {dag.py:3823} INFO - Setting next_dagrun for dag_dbt_taller to None, run_after=None
[2026-03-25T00:03:03.082+0000] {processor.py:183} INFO - Processing /opt/airflow/dags/dag_dbt_taller.py took 0.171 seconds
[2026-03-25T00:03:33.233+0000] {processor.py:161} INFO - Started process (PID=14595) to work on /opt/airflow/dags/dag_dbt_taller.py
[2026-03-25T00:03:33.234+0000] {processor.py:830} INFO - Processing file /opt/airflow/dags/dag_dbt_taller.py for tasks to queue
[2026-03-25T00:03:33.236+0000] {logging_mixin.py:188} INFO - [2026-03-25T00:03:33.235+0000] {dagbag.py:538} INFO - Filling up the DagBag from /opt/airflow/dags/dag_dbt_taller.py
[2026-03-25T00:03:33.265+0000] {processor.py:840} INFO - DAG(s) 'dag_dbt_taller' retrieved from /opt/airflow/dags/dag_dbt_taller.py
[2026-03-25T00:03:33.308+0000] {logging_mixin.py:188} INFO - [2026-03-25T00:03:33.307+0000] {dag.py:3036} INFO - Sync 1 DAGs
[2026-03-25T00:03:33.325+0000] {logging_mixin.py:188} INFO - [2026-03-25T00:03:33.324+0000] {dag.py:3823} INFO - Setting next_dagrun for dag_dbt_taller to None, run_after=None
[2026-03-25T00:03:33.411+0000] {processor.py:183} INFO - Processing /opt/airflow/dags/dag_dbt_taller.py took 0.182 seconds
[2026-03-25T00:04:03.543+0000] {processor.py:161} INFO - Started process (PID=14616) to work on /opt/airflow/dags/dag_dbt_taller.py
[2026-03-25T00:04:03.544+0000] {processor.py:830} INFO - Processing file /opt/airflow/dags/dag_dbt_taller.py for tasks to queue
[2026-03-25T00:04:03.545+0000] {logging_mixin.py:188} INFO - [2026-03-25T00:04:03.545+0000] {dagbag.py:538} INFO - Filling up the DagBag from /opt/airflow/dags/dag_dbt_taller.py
[2026-03-25T00:04:03.566+0000] {processor.py:840} INFO - DAG(s) 'dag_dbt_taller' retrieved from /opt/airflow/dags/dag_dbt_taller.py
[2026-03-25T00:04:03.606+0000] {logging_mixin.py:188} INFO - [2026-03-25T00:04:03.606+0000] {dag.py:3036} INFO - Sync 1 DAGs
[2026-03-25T00:04:03.622+0000] {logging_mixin.py:188} INFO - [2026-03-25T00:04:03.621+0000] {dag.py:3823} INFO - Setting next_dagrun for dag_dbt_taller to None, run_after=None
[2026-03-25T00:04:03.704+0000] {processor.py:183} INFO - Processing /opt/airflow/dags/dag_dbt_taller.py took 0.166 seconds
[2026-03-25T00:04:34.022+0000] {processor.py:161} INFO - Started process (PID=14637) to work on /opt/airflow/dags/dag_dbt_taller.py
[2026-03-25T00:04:34.023+0000] {processor.py:830} INFO - Processing file /opt/airflow/dags/dag_dbt_taller.py for tasks to queue
[2026-03-25T00:04:34.025+0000] {logging_mixin.py:188} INFO - [2026-03-25T00:04:34.025+0000] {dagbag.py:538} INFO - Filling up the DagBag from /opt/airflow/dags/dag_dbt_taller.py
[2026-03-25T00:04:34.053+0000] {processor.py:840} INFO - DAG(s) 'dag_dbt_taller' retrieved from /opt/airflow/dags/dag_dbt_taller.py
[2026-03-25T00:04:34.092+0000] {logging_mixin.py:188} INFO - [2026-03-25T00:04:34.092+0000] {dag.py:3036} INFO - Sync 1 DAGs
[2026-03-25T00:04:34.106+0000] {logging_mixin.py:188} INFO - [2026-03-25T00:04:34.106+0000] {dag.py:3823} INFO - Setting next_dagrun for dag_dbt_taller to None, run_after=None
[2026-03-25T00:04:34.187+0000] {processor.py:183} INFO - Processing /opt/airflow/dags/dag_dbt_taller.py took 0.168 seconds
[2026-03-25T00:05:04.674+0000] {processor.py:161} INFO - Started process (PID=14658) to work on /opt/airflow/dags/dag_dbt_taller.py
[2026-03-25T00:05:04.676+0000] {processor.py:830} INFO - Processing file /opt/airflow/dags/dag_dbt_taller.py for tasks to queue
[2026-03-25T00:05:04.677+0000] {logging_mixin.py:188} INFO - [2026-03-25T00:05:04.677+0000] {dagbag.py:538} INFO - Filling up the DagBag from /opt/airflow/dags/dag_dbt_taller.py
[2026-03-25T00:05:04.699+0000] {processor.py:840} INFO - DAG(s) 'dag_dbt_taller' retrieved from /opt/airflow/dags/dag_dbt_taller.py
[2026-03-25T00:05:04.740+0000] {logging_mixin.py:188} INFO - [2026-03-25T00:05:04.739+0000] {dag.py:3036} INFO - Sync 1 DAGs
[2026-03-25T00:05:04.753+0000] {logging_mixin.py:188} INFO - [2026-03-25T00:05:04.753+0000] {dag.py:3823} INFO - Setting next_dagrun for dag_dbt_taller to None, run_after=None
[2026-03-25T00:05:04.840+0000] {processor.py:183} INFO - Processing /opt/airflow/dags/dag_dbt_taller.py took 0.172 seconds
[2026-03-25T00:05:35.843+0000] {processor.py:161} INFO - Started process (PID=14679) to work on /opt/airflow/dags/dag_dbt_taller.py
[2026-03-25T00:05:35.844+0000] {processor.py:830} INFO - Processing file /opt/airflow/dags/dag_dbt_taller.py for tasks to queue
[2026-03-25T00:05:35.845+0000] {logging_mixin.py:188} INFO - [2026-03-25T00:05:35.845+0000] {dagbag.py:538} INFO - Filling up the DagBag from /opt/airflow/dags/dag_dbt_taller.py
[2026-03-25T00:05:35.867+0000] {processor.py:840} INFO - DAG(s) 'dag_dbt_taller' retrieved from /opt/airflow/dags/dag_dbt_taller.py
[2026-03-25T00:05:35.904+0000] {logging_mixin.py:188} INFO - [2026-03-25T00:05:35.904+0000] {dag.py:3036} INFO - Sync 1 DAGs
[2026-03-25T00:05:35.918+0000] {logging_mixin.py:188} INFO - [2026-03-25T00:05:35.918+0000] {dag.py:3823} INFO - Setting next_dagrun for dag_dbt_taller to None, run_after=None
[2026-03-25T00:05:35.998+0000] {processor.py:183} INFO - Processing /opt/airflow/dags/dag_dbt_taller.py took 0.158 seconds
[2026-03-25T00:06:06.712+0000] {processor.py:161} INFO - Started process (PID=14700) to work on /opt/airflow/dags/dag_dbt_taller.py
[2026-03-25T00:06:06.713+0000] {processor.py:830} INFO - Processing file /opt/airflow/dags/dag_dbt_taller.py for tasks to queue
[2026-03-25T00:06:06.714+0000] {logging_mixin.py:188} INFO - [2026-03-25T00:06:06.714+0000] {dagbag.py:538} INFO - Filling up the DagBag from /opt/airflow/dags/dag_dbt_taller.py
[2026-03-25T00:06:06.743+0000] {processor.py:840} INFO - DAG(s) 'dag_dbt_taller' retrieved from /opt/airflow/dags/dag_dbt_taller.py
[2026-03-25T00:06:06.776+0000] {logging_mixin.py:188} INFO - [2026-03-25T00:06:06.776+0000] {dag.py:3036} INFO - Sync 1 DAGs
[2026-03-25T00:06:06.792+0000] {logging_mixin.py:188} INFO - [2026-03-25T00:06:06.792+0000] {dag.py:3823} INFO - Setting next_dagrun for dag_dbt_taller to None, run_after=None
[2026-03-25T00:06:06.840+0000] {processor.py:183} INFO - Processing /opt/airflow/dags/dag_dbt_taller.py took 0.132 seconds
[2026-03-25T00:06:37.367+0000] {processor.py:161} INFO - Started process (PID=14721) to work on /opt/airflow/dags/dag_dbt_taller.py
[2026-03-25T00:06:37.368+0000] {processor.py:830} INFO - Processing file /opt/airflow/dags/dag_dbt_taller.py for tasks to queue
[2026-03-25T00:06:37.369+0000] {logging_mixin.py:188} INFO - [2026-03-25T00:06:37.369+0000] {dagbag.py:538} INFO - Filling up the DagBag from /opt/airflow/dags/dag_dbt_taller.py
[2026-03-25T00:06:37.394+0000] {processor.py:840} INFO - DAG(s) 'dag_dbt_taller' retrieved from /opt/airflow/dags/dag_dbt_taller.py
[2026-03-25T00:06:37.436+0000] {logging_mixin.py:188} INFO - [2026-03-25T00:06:37.436+0000] {dag.py:3036} INFO - Sync 1 DAGs
[2026-03-25T00:06:37.453+0000] {logging_mixin.py:188} INFO - [2026-03-25T00:06:37.452+0000] {dag.py:3823} INFO - Setting next_dagrun for dag_dbt_taller to None, run_after=None
[2026-03-25T00:06:37.534+0000] {processor.py:183} INFO - Processing /opt/airflow/dags/dag_dbt_taller.py took 0.171 seconds
[2026-03-25T00:07:08.063+0000] {processor.py:161} INFO - Started process (PID=14742) to work on /opt/airflow/dags/dag_dbt_taller.py
[2026-03-25T00:07:08.064+0000] {processor.py:830} INFO - Processing file /opt/airflow/dags/dag_dbt_taller.py for tasks to queue
[2026-03-25T00:07:08.066+0000] {logging_mixin.py:188} INFO - [2026-03-25T00:07:08.065+0000] {dagbag.py:538} INFO - Filling up the DagBag from /opt/airflow/dags/dag_dbt_taller.py
[2026-03-25T00:07:08.086+0000] {processor.py:840} INFO - DAG(s) 'dag_dbt_taller' retrieved from /opt/airflow/dags/dag_dbt_taller.py
[2026-03-25T00:07:08.126+0000] {logging_mixin.py:188} INFO - [2026-03-25T00:07:08.126+0000] {dag.py:3036} INFO - Sync 1 DAGs
[2026-03-25T00:07:08.139+0000] {logging_mixin.py:188} INFO - [2026-03-25T00:07:08.139+0000] {dag.py:3823} INFO - Setting next_dagrun for dag_dbt_taller to None, run_after=None
[2026-03-25T00:07:08.219+0000] {processor.py:183} INFO - Processing /opt/airflow/dags/dag_dbt_taller.py took 0.160 seconds
[2026-03-25T00:07:38.304+0000] {processor.py:161} INFO - Started process (PID=14763) to work on /opt/airflow/dags/dag_dbt_taller.py
[2026-03-25T00:07:38.305+0000] {processor.py:830} INFO - Processing file /opt/airflow/dags/dag_dbt_taller.py for tasks to queue
[2026-03-25T00:07:38.306+0000] {logging_mixin.py:188} INFO - [2026-03-25T00:07:38.305+0000] {dagbag.py:538} INFO - Filling up the DagBag from /opt/airflow/dags/dag_dbt_taller.py
[2026-03-25T00:07:38.333+0000] {processor.py:840} INFO - DAG(s) 'dag_dbt_taller' retrieved from /opt/airflow/dags/dag_dbt_taller.py
[2026-03-25T00:07:38.370+0000] {logging_mixin.py:188} INFO - [2026-03-25T00:07:38.370+0000] {dag.py:3036} INFO - Sync 1 DAGs
[2026-03-25T00:07:38.389+0000] {logging_mixin.py:188} INFO - [2026-03-25T00:07:38.388+0000] {dag.py:3823} INFO - Setting next_dagrun for dag_dbt_taller to None, run_after=None
[2026-03-25T00:07:38.443+0000] {processor.py:183} INFO - Processing /opt/airflow/dags/dag_dbt_taller.py took 0.143 seconds
[2026-03-25T00:08:09.065+0000] {processor.py:161} INFO - Started process (PID=14784) to work on /opt/airflow/dags/dag_dbt_taller.py
[2026-03-25T00:08:09.066+0000] {processor.py:830} INFO - Processing file /opt/airflow/dags/dag_dbt_taller.py for tasks to queue
[2026-03-25T00:08:09.068+0000] {logging_mixin.py:188} INFO - [2026-03-25T00:08:09.067+0000] {dagbag.py:538} INFO - Filling up the DagBag from /opt/airflow/dags/dag_dbt_taller.py
[2026-03-25T00:08:09.090+0000] {processor.py:840} INFO - DAG(s) 'dag_dbt_taller' retrieved from /opt/airflow/dags/dag_dbt_taller.py
[2026-03-25T00:08:09.138+0000] {logging_mixin.py:188} INFO - [2026-03-25T00:08:09.138+0000] {dag.py:3036} INFO - Sync 1 DAGs
[2026-03-25T00:08:09.162+0000] {logging_mixin.py:188} INFO - [2026-03-25T00:08:09.161+0000] {dag.py:3823} INFO - Setting next_dagrun for dag_dbt_taller to None, run_after=None
[2026-03-25T00:08:09.233+0000] {processor.py:183} INFO - Processing /opt/airflow/dags/dag_dbt_taller.py took 0.171 seconds
[2026-03-25T00:08:39.771+0000] {processor.py:161} INFO - Started process (PID=14805) to work on /opt/airflow/dags/dag_dbt_taller.py
[2026-03-25T00:08:39.772+0000] {processor.py:830} INFO - Processing file /opt/airflow/dags/dag_dbt_taller.py for tasks to queue
[2026-03-25T00:08:39.773+0000] {logging_mixin.py:188} INFO - [2026-03-25T00:08:39.773+0000] {dagbag.py:538} INFO - Filling up the DagBag from /opt/airflow/dags/dag_dbt_taller.py
[2026-03-25T00:08:39.798+0000] {processor.py:840} INFO - DAG(s) 'dag_dbt_taller' retrieved from /opt/airflow/dags/dag_dbt_taller.py
[2026-03-25T00:08:39.831+0000] {logging_mixin.py:188} INFO - [2026-03-25T00:08:39.831+0000] {dag.py:3036} INFO - Sync 1 DAGs
[2026-03-25T00:08:39.850+0000] {logging_mixin.py:188} INFO - [2026-03-25T00:08:39.850+0000] {dag.py:3823} INFO - Setting next_dagrun for dag_dbt_taller to None, run_after=None
[2026-03-25T00:08:39.931+0000] {processor.py:183} INFO - Processing /opt/airflow/dags/dag_dbt_taller.py took 0.166 seconds
[2026-03-25T00:09:10.568+0000] {processor.py:161} INFO - Started process (PID=14826) to work on /opt/airflow/dags/dag_dbt_taller.py
[2026-03-25T00:09:10.569+0000] {processor.py:830} INFO - Processing file /opt/airflow/dags/dag_dbt_taller.py for tasks to queue
[2026-03-25T00:09:10.571+0000] {logging_mixin.py:188} INFO - [2026-03-25T00:09:10.570+0000] {dagbag.py:538} INFO - Filling up the DagBag from /opt/airflow/dags/dag_dbt_taller.py
[2026-03-25T00:09:10.592+0000] {processor.py:840} INFO - DAG(s) 'dag_dbt_taller' retrieved from /opt/airflow/dags/dag_dbt_taller.py
[2026-03-25T00:09:10.627+0000] {logging_mixin.py:188} INFO - [2026-03-25T00:09:10.627+0000] {dag.py:3036} INFO - Sync 1 DAGs
[2026-03-25T00:09:10.640+0000] {logging_mixin.py:188} INFO - [2026-03-25T00:09:10.640+0000] {dag.py:3823} INFO - Setting next_dagrun for dag_dbt_taller to None, run_after=None
[2026-03-25T00:09:10.695+0000] {processor.py:183} INFO - Processing /opt/airflow/dags/dag_dbt_taller.py took 0.133 seconds
[2026-03-25T00:09:41.156+0000] {processor.py:161} INFO - Started process (PID=14847) to work on /opt/airflow/dags/dag_dbt_taller.py
[2026-03-25T00:09:41.157+0000] {processor.py:830} INFO - Processing file /opt/airflow/dags/dag_dbt_taller.py for tasks to queue
[2026-03-25T00:09:41.158+0000] {logging_mixin.py:188} INFO - [2026-03-25T00:09:41.157+0000] {dagbag.py:538} INFO - Filling up the DagBag from /opt/airflow/dags/dag_dbt_taller.py
[2026-03-25T00:09:41.183+0000] {processor.py:840} INFO - DAG(s) 'dag_dbt_taller' retrieved from /opt/airflow/dags/dag_dbt_taller.py
[2026-03-25T00:09:41.218+0000] {logging_mixin.py:188} INFO - [2026-03-25T00:09:41.218+0000] {dag.py:3036} INFO - Sync 1 DAGs
[2026-03-25T00:09:41.239+0000] {logging_mixin.py:188} INFO - [2026-03-25T00:09:41.238+0000] {dag.py:3823} INFO - Setting next_dagrun for dag_dbt_taller to None, run_after=None
[2026-03-25T00:09:41.321+0000] {processor.py:183} INFO - Processing /opt/airflow/dags/dag_dbt_taller.py took 0.169 seconds
[2026-03-25T00:10:11.547+0000] {processor.py:161} INFO - Started process (PID=14868) to work on /opt/airflow/dags/dag_dbt_taller.py
[2026-03-25T00:10:11.548+0000] {processor.py:830} INFO - Processing file /opt/airflow/dags/dag_dbt_taller.py for tasks to queue
[2026-03-25T00:10:11.550+0000] {logging_mixin.py:188} INFO - [2026-03-25T00:10:11.550+0000] {dagbag.py:538} INFO - Filling up the DagBag from /opt/airflow/dags/dag_dbt_taller.py
[2026-03-25T00:10:11.573+0000] {processor.py:840} INFO - DAG(s) 'dag_dbt_taller' retrieved from /opt/airflow/dags/dag_dbt_taller.py
[2026-03-25T00:10:11.612+0000] {logging_mixin.py:188} INFO - [2026-03-25T00:10:11.611+0000] {dag.py:3036} INFO - Sync 1 DAGs
[2026-03-25T00:10:11.632+0000] {logging_mixin.py:188} INFO - [2026-03-25T00:10:11.631+0000] {dag.py:3823} INFO - Setting next_dagrun for dag_dbt_taller to None, run_after=None
[2026-03-25T00:10:11.726+0000] {processor.py:183} INFO - Processing /opt/airflow/dags/dag_dbt_taller.py took 0.184 seconds
[2026-03-25T00:10:42.187+0000] {processor.py:161} INFO - Started process (PID=14889) to work on /opt/airflow/dags/dag_dbt_taller.py
[2026-03-25T00:10:42.188+0000] {processor.py:830} INFO - Processing file /opt/airflow/dags/dag_dbt_taller.py for tasks to queue
[2026-03-25T00:10:42.190+0000] {logging_mixin.py:188} INFO - [2026-03-25T00:10:42.189+0000] {dagbag.py:538} INFO - Filling up the DagBag from /opt/airflow/dags/dag_dbt_taller.py
[2026-03-25T00:10:42.214+0000] {processor.py:840} INFO - DAG(s) 'dag_dbt_taller' retrieved from /opt/airflow/dags/dag_dbt_taller.py
[2026-03-25T00:10:42.245+0000] {logging_mixin.py:188} INFO - [2026-03-25T00:10:42.244+0000] {dag.py:3036} INFO - Sync 1 DAGs
[2026-03-25T00:10:42.271+0000] {logging_mixin.py:188} INFO - [2026-03-25T00:10:42.271+0000] {dag.py:3823} INFO - Setting next_dagrun for dag_dbt_taller to None, run_after=None
[2026-03-25T00:10:42.331+0000] {processor.py:183} INFO - Processing /opt/airflow/dags/dag_dbt_taller.py took 0.148 seconds
[2026-03-25T00:11:13.008+0000] {processor.py:161} INFO - Started process (PID=14910) to work on /opt/airflow/dags/dag_dbt_taller.py
[2026-03-25T00:11:13.009+0000] {processor.py:830} INFO - Processing file /opt/airflow/dags/dag_dbt_taller.py for tasks to queue
[2026-03-25T00:11:13.010+0000] {logging_mixin.py:188} INFO - [2026-03-25T00:11:13.010+0000] {dagbag.py:538} INFO - Filling up the DagBag from /opt/airflow/dags/dag_dbt_taller.py
[2026-03-25T00:11:13.037+0000] {processor.py:840} INFO - DAG(s) 'dag_dbt_taller' retrieved from /opt/airflow/dags/dag_dbt_taller.py
[2026-03-25T00:11:13.079+0000] {logging_mixin.py:188} INFO - [2026-03-25T00:11:13.079+0000] {dag.py:3036} INFO - Sync 1 DAGs
[2026-03-25T00:11:13.094+0000] {logging_mixin.py:188} INFO - [2026-03-25T00:11:13.094+0000] {dag.py:3823} INFO - Setting next_dagrun for dag_dbt_taller to None, run_after=None
[2026-03-25T00:11:13.184+0000] {processor.py:183} INFO - Processing /opt/airflow/dags/dag_dbt_taller.py took 0.180 seconds
[2026-03-25T00:11:43.531+0000] {processor.py:161} INFO - Started process (PID=14931) to work on /opt/airflow/dags/dag_dbt_taller.py
[2026-03-25T00:11:43.532+0000] {processor.py:830} INFO - Processing file /opt/airflow/dags/dag_dbt_taller.py for tasks to queue
[2026-03-25T00:11:43.534+0000] {logging_mixin.py:188} INFO - [2026-03-25T00:11:43.533+0000] {dagbag.py:538} INFO - Filling up the DagBag from /opt/airflow/dags/dag_dbt_taller.py
[2026-03-25T00:11:43.555+0000] {processor.py:840} INFO - DAG(s) 'dag_dbt_taller' retrieved from /opt/airflow/dags/dag_dbt_taller.py
[2026-03-25T00:11:43.594+0000] {logging_mixin.py:188} INFO - [2026-03-25T00:11:43.594+0000] {dag.py:3036} INFO - Sync 1 DAGs
[2026-03-25T00:11:43.621+0000] {logging_mixin.py:188} INFO - [2026-03-25T00:11:43.620+0000] {dag.py:3823} INFO - Setting next_dagrun for dag_dbt_taller to None, run_after=None
[2026-03-25T00:11:43.710+0000] {processor.py:183} INFO - Processing /opt/airflow/dags/dag_dbt_taller.py took 0.183 seconds
[2026-03-25T00:12:14.244+0000] {processor.py:161} INFO - Started process (PID=14952) to work on /opt/airflow/dags/dag_dbt_taller.py
[2026-03-25T00:12:14.245+0000] {processor.py:830} INFO - Processing file /opt/airflow/dags/dag_dbt_taller.py for tasks to queue
[2026-03-25T00:12:14.246+0000] {logging_mixin.py:188} INFO - [2026-03-25T00:12:14.246+0000] {dagbag.py:538} INFO - Filling up the DagBag from /opt/airflow/dags/dag_dbt_taller.py
[2026-03-25T00:12:14.272+0000] {processor.py:840} INFO - DAG(s) 'dag_dbt_taller' retrieved from /opt/airflow/dags/dag_dbt_taller.py
[2026-03-25T00:12:14.310+0000] {logging_mixin.py:188} INFO - [2026-03-25T00:12:14.310+0000] {dag.py:3036} INFO - Sync 1 DAGs
[2026-03-25T00:12:14.325+0000] {logging_mixin.py:188} INFO - [2026-03-25T00:12:14.325+0000] {dag.py:3823} INFO - Setting next_dagrun for dag_dbt_taller to None, run_after=None
[2026-03-25T00:12:14.401+0000] {processor.py:183} INFO - Processing /opt/airflow/dags/dag_dbt_taller.py took 0.161 seconds
[2026-03-25T00:12:45.425+0000] {processor.py:161} INFO - Started process (PID=14973) to work on /opt/airflow/dags/dag_dbt_taller.py
[2026-03-25T00:12:45.426+0000] {processor.py:830} INFO - Processing file /opt/airflow/dags/dag_dbt_taller.py for tasks to queue
[2026-03-25T00:12:45.427+0000] {logging_mixin.py:188} INFO - [2026-03-25T00:12:45.427+0000] {dagbag.py:538} INFO - Filling up the DagBag from /opt/airflow/dags/dag_dbt_taller.py
[2026-03-25T00:12:45.454+0000] {processor.py:840} INFO - DAG(s) 'dag_dbt_taller' retrieved from /opt/airflow/dags/dag_dbt_taller.py
[2026-03-25T00:12:45.490+0000] {logging_mixin.py:188} INFO - [2026-03-25T00:12:45.490+0000] {dag.py:3036} INFO - Sync 1 DAGs
[2026-03-25T00:12:45.504+0000] {logging_mixin.py:188} INFO - [2026-03-25T00:12:45.504+0000] {dag.py:3823} INFO - Setting next_dagrun for dag_dbt_taller to None, run_after=None
[2026-03-25T00:12:45.589+0000] {processor.py:183} INFO - Processing /opt/airflow/dags/dag_dbt_taller.py took 0.169 seconds
[2026-03-25T00:13:15.657+0000] {processor.py:161} INFO - Started process (PID=14994) to work on /opt/airflow/dags/dag_dbt_taller.py
[2026-03-25T00:13:15.658+0000] {processor.py:830} INFO - Processing file /opt/airflow/dags/dag_dbt_taller.py for tasks to queue
[2026-03-25T00:13:15.660+0000] {logging_mixin.py:188} INFO - [2026-03-25T00:13:15.659+0000] {dagbag.py:538} INFO - Filling up the DagBag from /opt/airflow/dags/dag_dbt_taller.py
[2026-03-25T00:13:15.684+0000] {processor.py:840} INFO - DAG(s) 'dag_dbt_taller' retrieved from /opt/airflow/dags/dag_dbt_taller.py
[2026-03-25T00:13:15.738+0000] {logging_mixin.py:188} INFO - [2026-03-25T00:13:15.738+0000] {dag.py:3036} INFO - Sync 1 DAGs
[2026-03-25T00:13:15.759+0000] {logging_mixin.py:188} INFO - [2026-03-25T00:13:15.759+0000] {dag.py:3823} INFO - Setting next_dagrun for dag_dbt_taller to None, run_after=None
[2026-03-25T00:13:15.850+0000] {processor.py:183} INFO - Processing /opt/airflow/dags/dag_dbt_taller.py took 0.200 seconds
[2026-03-25T00:13:46.012+0000] {processor.py:161} INFO - Started process (PID=15015) to work on /opt/airflow/dags/dag_dbt_taller.py
[2026-03-25T00:13:46.013+0000] {processor.py:830} INFO - Processing file /opt/airflow/dags/dag_dbt_taller.py for tasks to queue
[2026-03-25T00:13:46.015+0000] {logging_mixin.py:188} INFO - [2026-03-25T00:13:46.014+0000] {dagbag.py:538} INFO - Filling up the DagBag from /opt/airflow/dags/dag_dbt_taller.py
[2026-03-25T00:13:46.043+0000] {processor.py:840} INFO - DAG(s) 'dag_dbt_taller' retrieved from /opt/airflow/dags/dag_dbt_taller.py
[2026-03-25T00:13:46.087+0000] {logging_mixin.py:188} INFO - [2026-03-25T00:13:46.086+0000] {dag.py:3036} INFO - Sync 1 DAGs
[2026-03-25T00:13:46.123+0000] {logging_mixin.py:188} INFO - [2026-03-25T00:13:46.123+0000] {dag.py:3823} INFO - Setting next_dagrun for dag_dbt_taller to None, run_after=None
[2026-03-25T00:13:46.171+0000] {processor.py:183} INFO - Processing /opt/airflow/dags/dag_dbt_taller.py took 0.166 seconds
[2026-03-25T00:14:16.477+0000] {processor.py:161} INFO - Started process (PID=15036) to work on /opt/airflow/dags/dag_dbt_taller.py
[2026-03-25T00:14:16.478+0000] {processor.py:830} INFO - Processing file /opt/airflow/dags/dag_dbt_taller.py for tasks to queue
[2026-03-25T00:14:16.479+0000] {logging_mixin.py:188} INFO - [2026-03-25T00:14:16.479+0000] {dagbag.py:538} INFO - Filling up the DagBag from /opt/airflow/dags/dag_dbt_taller.py
[2026-03-25T00:14:16.500+0000] {processor.py:840} INFO - DAG(s) 'dag_dbt_taller' retrieved from /opt/airflow/dags/dag_dbt_taller.py
[2026-03-25T00:14:16.541+0000] {logging_mixin.py:188} INFO - [2026-03-25T00:14:16.540+0000] {dag.py:3036} INFO - Sync 1 DAGs
[2026-03-25T00:14:16.555+0000] {logging_mixin.py:188} INFO - [2026-03-25T00:14:16.555+0000] {dag.py:3823} INFO - Setting next_dagrun for dag_dbt_taller to None, run_after=None
[2026-03-25T00:14:16.658+0000] {processor.py:183} INFO - Processing /opt/airflow/dags/dag_dbt_taller.py took 0.188 seconds
[2026-03-25T00:14:46.870+0000] {processor.py:161} INFO - Started process (PID=15057) to work on /opt/airflow/dags/dag_dbt_taller.py
[2026-03-25T00:14:46.871+0000] {processor.py:830} INFO - Processing file /opt/airflow/dags/dag_dbt_taller.py for tasks to queue
[2026-03-25T00:14:46.872+0000] {logging_mixin.py:188} INFO - [2026-03-25T00:14:46.872+0000] {dagbag.py:538} INFO - Filling up the DagBag from /opt/airflow/dags/dag_dbt_taller.py
[2026-03-25T00:14:46.901+0000] {processor.py:840} INFO - DAG(s) 'dag_dbt_taller' retrieved from /opt/airflow/dags/dag_dbt_taller.py
[2026-03-25T00:14:46.945+0000] {logging_mixin.py:188} INFO - [2026-03-25T00:14:46.945+0000] {dag.py:3036} INFO - Sync 1 DAGs
[2026-03-25T00:14:46.970+0000] {logging_mixin.py:188} INFO - [2026-03-25T00:14:46.970+0000] {dag.py:3823} INFO - Setting next_dagrun for dag_dbt_taller to None, run_after=None
[2026-03-25T00:14:47.068+0000] {processor.py:183} INFO - Processing /opt/airflow/dags/dag_dbt_taller.py took 0.202 seconds
[2026-03-25T00:15:17.361+0000] {processor.py:161} INFO - Started process (PID=15078) to work on /opt/airflow/dags/dag_dbt_taller.py
[2026-03-25T00:15:17.363+0000] {processor.py:830} INFO - Processing file /opt/airflow/dags/dag_dbt_taller.py for tasks to queue
[2026-03-25T00:15:17.364+0000] {logging_mixin.py:188} INFO - [2026-03-25T00:15:17.364+0000] {dagbag.py:538} INFO - Filling up the DagBag from /opt/airflow/dags/dag_dbt_taller.py
[2026-03-25T00:15:17.394+0000] {processor.py:840} INFO - DAG(s) 'dag_dbt_taller' retrieved from /opt/airflow/dags/dag_dbt_taller.py
[2026-03-25T00:15:17.436+0000] {logging_mixin.py:188} INFO - [2026-03-25T00:15:17.436+0000] {dag.py:3036} INFO - Sync 1 DAGs
[2026-03-25T00:15:17.457+0000] {logging_mixin.py:188} INFO - [2026-03-25T00:15:17.456+0000] {dag.py:3823} INFO - Setting next_dagrun for dag_dbt_taller to None, run_after=None
[2026-03-25T00:15:17.535+0000] {processor.py:183} INFO - Processing /opt/airflow/dags/dag_dbt_taller.py took 0.178 seconds
[2026-03-25T00:15:47.957+0000] {processor.py:161} INFO - Started process (PID=15099) to work on /opt/airflow/dags/dag_dbt_taller.py
[2026-03-25T00:15:47.958+0000] {processor.py:830} INFO - Processing file /opt/airflow/dags/dag_dbt_taller.py for tasks to queue
[2026-03-25T00:15:47.960+0000] {logging_mixin.py:188} INFO - [2026-03-25T00:15:47.959+0000] {dagbag.py:538} INFO - Filling up the DagBag from /opt/airflow/dags/dag_dbt_taller.py
[2026-03-25T00:15:47.984+0000] {processor.py:840} INFO - DAG(s) 'dag_dbt_taller' retrieved from /opt/airflow/dags/dag_dbt_taller.py
[2026-03-25T00:15:48.020+0000] {logging_mixin.py:188} INFO - [2026-03-25T00:15:48.020+0000] {dag.py:3036} INFO - Sync 1 DAGs
[2026-03-25T00:15:48.036+0000] {logging_mixin.py:188} INFO - [2026-03-25T00:15:48.036+0000] {dag.py:3823} INFO - Setting next_dagrun for dag_dbt_taller to None, run_after=None
[2026-03-25T00:15:48.122+0000] {processor.py:183} INFO - Processing /opt/airflow/dags/dag_dbt_taller.py took 0.168 seconds
[2026-03-25T00:16:18.236+0000] {processor.py:161} INFO - Started process (PID=15120) to work on /opt/airflow/dags/dag_dbt_taller.py
[2026-03-25T00:16:18.237+0000] {processor.py:830} INFO - Processing file /opt/airflow/dags/dag_dbt_taller.py for tasks to queue
[2026-03-25T00:16:18.239+0000] {logging_mixin.py:188} INFO - [2026-03-25T00:16:18.239+0000] {dagbag.py:538} INFO - Filling up the DagBag from /opt/airflow/dags/dag_dbt_taller.py
[2026-03-25T00:16:18.271+0000] {processor.py:840} INFO - DAG(s) 'dag_dbt_taller' retrieved from /opt/airflow/dags/dag_dbt_taller.py
[2026-03-25T00:16:18.323+0000] {logging_mixin.py:188} INFO - [2026-03-25T00:16:18.322+0000] {dag.py:3036} INFO - Sync 1 DAGs
[2026-03-25T00:16:18.342+0000] {logging_mixin.py:188} INFO - [2026-03-25T00:16:18.342+0000] {dag.py:3823} INFO - Setting next_dagrun for dag_dbt_taller to None, run_after=None
[2026-03-25T00:16:18.440+0000] {processor.py:183} INFO - Processing /opt/airflow/dags/dag_dbt_taller.py took 0.211 seconds
[2026-03-25T00:16:48.944+0000] {processor.py:161} INFO - Started process (PID=15141) to work on /opt/airflow/dags/dag_dbt_taller.py
[2026-03-25T00:16:48.945+0000] {processor.py:830} INFO - Processing file /opt/airflow/dags/dag_dbt_taller.py for tasks to queue
[2026-03-25T00:16:48.946+0000] {logging_mixin.py:188} INFO - [2026-03-25T00:16:48.945+0000] {dagbag.py:538} INFO - Filling up the DagBag from /opt/airflow/dags/dag_dbt_taller.py
[2026-03-25T00:16:48.975+0000] {processor.py:840} INFO - DAG(s) 'dag_dbt_taller' retrieved from /opt/airflow/dags/dag_dbt_taller.py
[2026-03-25T00:16:49.013+0000] {logging_mixin.py:188} INFO - [2026-03-25T00:16:49.013+0000] {dag.py:3036} INFO - Sync 1 DAGs
[2026-03-25T00:16:49.035+0000] {logging_mixin.py:188} INFO - [2026-03-25T00:16:49.035+0000] {dag.py:3823} INFO - Setting next_dagrun for dag_dbt_taller to None, run_after=None
[2026-03-25T00:16:49.111+0000] {processor.py:183} INFO - Processing /opt/airflow/dags/dag_dbt_taller.py took 0.173 seconds
[2026-03-25T00:17:20.004+0000] {processor.py:161} INFO - Started process (PID=15162) to work on /opt/airflow/dags/dag_dbt_taller.py
[2026-03-25T00:17:20.005+0000] {processor.py:830} INFO - Processing file /opt/airflow/dags/dag_dbt_taller.py for tasks to queue
[2026-03-25T00:17:20.007+0000] {logging_mixin.py:188} INFO - [2026-03-25T00:17:20.006+0000] {dagbag.py:538} INFO - Filling up the DagBag from /opt/airflow/dags/dag_dbt_taller.py
[2026-03-25T00:17:20.040+0000] {processor.py:840} INFO - DAG(s) 'dag_dbt_taller' retrieved from /opt/airflow/dags/dag_dbt_taller.py
[2026-03-25T00:17:20.091+0000] {logging_mixin.py:188} INFO - [2026-03-25T00:17:20.090+0000] {dag.py:3036} INFO - Sync 1 DAGs
[2026-03-25T00:17:20.122+0000] {logging_mixin.py:188} INFO - [2026-03-25T00:17:20.122+0000] {dag.py:3823} INFO - Setting next_dagrun for dag_dbt_taller to None, run_after=None
[2026-03-25T00:17:20.186+0000] {processor.py:183} INFO - Processing /opt/airflow/dags/dag_dbt_taller.py took 0.188 seconds
[2026-03-25T00:17:50.337+0000] {processor.py:161} INFO - Started process (PID=15183) to work on /opt/airflow/dags/dag_dbt_taller.py
[2026-03-25T00:17:50.339+0000] {processor.py:830} INFO - Processing file /opt/airflow/dags/dag_dbt_taller.py for tasks to queue
[2026-03-25T00:17:50.340+0000] {logging_mixin.py:188} INFO - [2026-03-25T00:17:50.340+0000] {dagbag.py:538} INFO - Filling up the DagBag from /opt/airflow/dags/dag_dbt_taller.py
[2026-03-25T00:17:50.363+0000] {processor.py:840} INFO - DAG(s) 'dag_dbt_taller' retrieved from /opt/airflow/dags/dag_dbt_taller.py
[2026-03-25T00:17:50.404+0000] {logging_mixin.py:188} INFO - [2026-03-25T00:17:50.404+0000] {dag.py:3036} INFO - Sync 1 DAGs
[2026-03-25T00:17:50.419+0000] {logging_mixin.py:188} INFO - [2026-03-25T00:17:50.419+0000] {dag.py:3823} INFO - Setting next_dagrun for dag_dbt_taller to None, run_after=None
[2026-03-25T00:17:50.467+0000] {processor.py:183} INFO - Processing /opt/airflow/dags/dag_dbt_taller.py took 0.134 seconds
[2026-03-25T00:18:20.959+0000] {processor.py:161} INFO - Started process (PID=15204) to work on /opt/airflow/dags/dag_dbt_taller.py
[2026-03-25T00:18:20.960+0000] {processor.py:830} INFO - Processing file /opt/airflow/dags/dag_dbt_taller.py for tasks to queue
[2026-03-25T00:18:20.962+0000] {logging_mixin.py:188} INFO - [2026-03-25T00:18:20.961+0000] {dagbag.py:538} INFO - Filling up the DagBag from /opt/airflow/dags/dag_dbt_taller.py
[2026-03-25T00:18:20.985+0000] {processor.py:840} INFO - DAG(s) 'dag_dbt_taller' retrieved from /opt/airflow/dags/dag_dbt_taller.py
[2026-03-25T00:18:21.023+0000] {logging_mixin.py:188} INFO - [2026-03-25T00:18:21.022+0000] {dag.py:3036} INFO - Sync 1 DAGs
[2026-03-25T00:18:21.042+0000] {logging_mixin.py:188} INFO - [2026-03-25T00:18:21.041+0000] {dag.py:3823} INFO - Setting next_dagrun for dag_dbt_taller to None, run_after=None
[2026-03-25T00:18:21.102+0000] {processor.py:183} INFO - Processing /opt/airflow/dags/dag_dbt_taller.py took 0.147 seconds
[2026-03-25T00:18:51.245+0000] {processor.py:161} INFO - Started process (PID=15225) to work on /opt/airflow/dags/dag_dbt_taller.py
[2026-03-25T00:18:51.246+0000] {processor.py:830} INFO - Processing file /opt/airflow/dags/dag_dbt_taller.py for tasks to queue
[2026-03-25T00:18:51.247+0000] {logging_mixin.py:188} INFO - [2026-03-25T00:18:51.247+0000] {dagbag.py:538} INFO - Filling up the DagBag from /opt/airflow/dags/dag_dbt_taller.py
[2026-03-25T00:18:51.270+0000] {processor.py:840} INFO - DAG(s) 'dag_dbt_taller' retrieved from /opt/airflow/dags/dag_dbt_taller.py
[2026-03-25T00:18:51.305+0000] {logging_mixin.py:188} INFO - [2026-03-25T00:18:51.305+0000] {dag.py:3036} INFO - Sync 1 DAGs
[2026-03-25T00:18:51.322+0000] {logging_mixin.py:188} INFO - [2026-03-25T00:18:51.321+0000] {dag.py:3823} INFO - Setting next_dagrun for dag_dbt_taller to None, run_after=None
[2026-03-25T00:18:51.379+0000] {processor.py:183} INFO - Processing /opt/airflow/dags/dag_dbt_taller.py took 0.138 seconds
[2026-03-25T00:19:21.505+0000] {processor.py:161} INFO - Started process (PID=15246) to work on /opt/airflow/dags/dag_dbt_taller.py
[2026-03-25T00:19:21.506+0000] {processor.py:830} INFO - Processing file /opt/airflow/dags/dag_dbt_taller.py for tasks to queue
[2026-03-25T00:19:21.508+0000] {logging_mixin.py:188} INFO - [2026-03-25T00:19:21.507+0000] {dagbag.py:538} INFO - Filling up the DagBag from /opt/airflow/dags/dag_dbt_taller.py
[2026-03-25T00:19:21.534+0000] {processor.py:840} INFO - DAG(s) 'dag_dbt_taller' retrieved from /opt/airflow/dags/dag_dbt_taller.py
[2026-03-25T00:19:21.573+0000] {logging_mixin.py:188} INFO - [2026-03-25T00:19:21.573+0000] {dag.py:3036} INFO - Sync 1 DAGs
[2026-03-25T00:19:21.595+0000] {logging_mixin.py:188} INFO - [2026-03-25T00:19:21.595+0000] {dag.py:3823} INFO - Setting next_dagrun for dag_dbt_taller to None, run_after=None
[2026-03-25T00:19:21.642+0000] {processor.py:183} INFO - Processing /opt/airflow/dags/dag_dbt_taller.py took 0.141 seconds
[2026-03-25T00:19:51.724+0000] {processor.py:161} INFO - Started process (PID=15267) to work on /opt/airflow/dags/dag_dbt_taller.py
[2026-03-25T00:19:51.725+0000] {processor.py:830} INFO - Processing file /opt/airflow/dags/dag_dbt_taller.py for tasks to queue
[2026-03-25T00:19:51.727+0000] {logging_mixin.py:188} INFO - [2026-03-25T00:19:51.726+0000] {dagbag.py:538} INFO - Filling up the DagBag from /opt/airflow/dags/dag_dbt_taller.py
[2026-03-25T00:19:51.749+0000] {processor.py:840} INFO - DAG(s) 'dag_dbt_taller' retrieved from /opt/airflow/dags/dag_dbt_taller.py
[2026-03-25T00:19:51.798+0000] {logging_mixin.py:188} INFO - [2026-03-25T00:19:51.798+0000] {dag.py:3036} INFO - Sync 1 DAGs
[2026-03-25T00:19:51.812+0000] {logging_mixin.py:188} INFO - [2026-03-25T00:19:51.812+0000] {dag.py:3823} INFO - Setting next_dagrun for dag_dbt_taller to None, run_after=None
[2026-03-25T00:19:51.863+0000] {processor.py:183} INFO - Processing /opt/airflow/dags/dag_dbt_taller.py took 0.145 seconds
[2026-03-25T00:20:21.966+0000] {processor.py:161} INFO - Started process (PID=15282) to work on /opt/airflow/dags/dag_dbt_taller.py
[2026-03-25T00:20:21.967+0000] {processor.py:830} INFO - Processing file /opt/airflow/dags/dag_dbt_taller.py for tasks to queue
[2026-03-25T00:20:21.969+0000] {logging_mixin.py:188} INFO - [2026-03-25T00:20:21.968+0000] {dagbag.py:538} INFO - Filling up the DagBag from /opt/airflow/dags/dag_dbt_taller.py
[2026-03-25T00:20:21.996+0000] {processor.py:840} INFO - DAG(s) 'dag_dbt_taller' retrieved from /opt/airflow/dags/dag_dbt_taller.py
[2026-03-25T00:20:22.055+0000] {logging_mixin.py:188} INFO - [2026-03-25T00:20:22.054+0000] {dag.py:3036} INFO - Sync 1 DAGs
[2026-03-25T00:20:22.079+0000] {logging_mixin.py:188} INFO - [2026-03-25T00:20:22.079+0000] {dag.py:3823} INFO - Setting next_dagrun for dag_dbt_taller to None, run_after=None
[2026-03-25T00:20:22.185+0000] {processor.py:183} INFO - Processing /opt/airflow/dags/dag_dbt_taller.py took 0.223 seconds
[2026-03-25T00:20:52.378+0000] {processor.py:161} INFO - Started process (PID=15303) to work on /opt/airflow/dags/dag_dbt_taller.py
[2026-03-25T00:20:52.379+0000] {processor.py:830} INFO - Processing file /opt/airflow/dags/dag_dbt_taller.py for tasks to queue
[2026-03-25T00:20:52.381+0000] {logging_mixin.py:188} INFO - [2026-03-25T00:20:52.380+0000] {dagbag.py:538} INFO - Filling up the DagBag from /opt/airflow/dags/dag_dbt_taller.py
[2026-03-25T00:20:52.424+0000] {processor.py:840} INFO - DAG(s) 'dag_dbt_taller' retrieved from /opt/airflow/dags/dag_dbt_taller.py
[2026-03-25T00:20:52.495+0000] {logging_mixin.py:188} INFO - [2026-03-25T00:20:52.495+0000] {dag.py:3036} INFO - Sync 1 DAGs
[2026-03-25T00:20:52.517+0000] {logging_mixin.py:188} INFO - [2026-03-25T00:20:52.517+0000] {dag.py:3823} INFO - Setting next_dagrun for dag_dbt_taller to None, run_after=None
[2026-03-25T00:20:52.575+0000] {processor.py:183} INFO - Processing /opt/airflow/dags/dag_dbt_taller.py took 0.203 seconds
[2026-03-25T00:21:22.756+0000] {processor.py:161} INFO - Started process (PID=15324) to work on /opt/airflow/dags/dag_dbt_taller.py
[2026-03-25T00:21:22.757+0000] {processor.py:830} INFO - Processing file /opt/airflow/dags/dag_dbt_taller.py for tasks to queue
[2026-03-25T00:21:22.759+0000] {logging_mixin.py:188} INFO - [2026-03-25T00:21:22.758+0000] {dagbag.py:538} INFO - Filling up the DagBag from /opt/airflow/dags/dag_dbt_taller.py
[2026-03-25T00:21:22.782+0000] {processor.py:840} INFO - DAG(s) 'dag_dbt_taller' retrieved from /opt/airflow/dags/dag_dbt_taller.py
[2026-03-25T00:21:22.814+0000] {logging_mixin.py:188} INFO - [2026-03-25T00:21:22.814+0000] {dag.py:3036} INFO - Sync 1 DAGs
[2026-03-25T00:21:22.834+0000] {logging_mixin.py:188} INFO - [2026-03-25T00:21:22.833+0000] {dag.py:3823} INFO - Setting next_dagrun for dag_dbt_taller to None, run_after=None
[2026-03-25T00:21:22.892+0000] {processor.py:183} INFO - Processing /opt/airflow/dags/dag_dbt_taller.py took 0.142 seconds
[2026-03-25T00:21:52.995+0000] {processor.py:161} INFO - Started process (PID=15345) to work on /opt/airflow/dags/dag_dbt_taller.py
[2026-03-25T00:21:52.996+0000] {processor.py:830} INFO - Processing file /opt/airflow/dags/dag_dbt_taller.py for tasks to queue
[2026-03-25T00:21:52.998+0000] {logging_mixin.py:188} INFO - [2026-03-25T00:21:52.997+0000] {dagbag.py:538} INFO - Filling up the DagBag from /opt/airflow/dags/dag_dbt_taller.py
[2026-03-25T00:21:53.021+0000] {processor.py:840} INFO - DAG(s) 'dag_dbt_taller' retrieved from /opt/airflow/dags/dag_dbt_taller.py
[2026-03-25T00:21:53.068+0000] {logging_mixin.py:188} INFO - [2026-03-25T00:21:53.068+0000] {dag.py:3036} INFO - Sync 1 DAGs
[2026-03-25T00:21:53.086+0000] {logging_mixin.py:188} INFO - [2026-03-25T00:21:53.085+0000] {dag.py:3823} INFO - Setting next_dagrun for dag_dbt_taller to None, run_after=None
[2026-03-25T00:21:53.136+0000] {processor.py:183} INFO - Processing /opt/airflow/dags/dag_dbt_taller.py took 0.144 seconds
[2026-03-25T00:22:23.455+0000] {processor.py:161} INFO - Started process (PID=15366) to work on /opt/airflow/dags/dag_dbt_taller.py
[2026-03-25T00:22:23.456+0000] {processor.py:830} INFO - Processing file /opt/airflow/dags/dag_dbt_taller.py for tasks to queue
[2026-03-25T00:22:23.457+0000] {logging_mixin.py:188} INFO - [2026-03-25T00:22:23.457+0000] {dagbag.py:538} INFO - Filling up the DagBag from /opt/airflow/dags/dag_dbt_taller.py
[2026-03-25T00:22:23.486+0000] {processor.py:840} INFO - DAG(s) 'dag_dbt_taller' retrieved from /opt/airflow/dags/dag_dbt_taller.py
[2026-03-25T00:22:23.519+0000] {logging_mixin.py:188} INFO - [2026-03-25T00:22:23.519+0000] {dag.py:3036} INFO - Sync 1 DAGs
[2026-03-25T00:22:23.534+0000] {logging_mixin.py:188} INFO - [2026-03-25T00:22:23.534+0000] {dag.py:3823} INFO - Setting next_dagrun for dag_dbt_taller to None, run_after=None
[2026-03-25T00:22:23.586+0000] {processor.py:183} INFO - Processing /opt/airflow/dags/dag_dbt_taller.py took 0.135 seconds
[2026-03-25T00:22:53.923+0000] {processor.py:161} INFO - Started process (PID=15387) to work on /opt/airflow/dags/dag_dbt_taller.py
[2026-03-25T00:22:53.924+0000] {processor.py:830} INFO - Processing file /opt/airflow/dags/dag_dbt_taller.py for tasks to queue
[2026-03-25T00:22:53.925+0000] {logging_mixin.py:188} INFO - [2026-03-25T00:22:53.925+0000] {dagbag.py:538} INFO - Filling up the DagBag from /opt/airflow/dags/dag_dbt_taller.py
[2026-03-25T00:22:53.951+0000] {processor.py:840} INFO - DAG(s) 'dag_dbt_taller' retrieved from /opt/airflow/dags/dag_dbt_taller.py
[2026-03-25T00:22:53.983+0000] {logging_mixin.py:188} INFO - [2026-03-25T00:22:53.983+0000] {dag.py:3036} INFO - Sync 1 DAGs
[2026-03-25T00:22:53.998+0000] {logging_mixin.py:188} INFO - [2026-03-25T00:22:53.998+0000] {dag.py:3823} INFO - Setting next_dagrun for dag_dbt_taller to None, run_after=None
[2026-03-25T00:22:54.046+0000] {processor.py:183} INFO - Processing /opt/airflow/dags/dag_dbt_taller.py took 0.129 seconds
[2026-03-25T00:23:24.870+0000] {processor.py:161} INFO - Started process (PID=15408) to work on /opt/airflow/dags/dag_dbt_taller.py
[2026-03-25T00:23:24.872+0000] {processor.py:830} INFO - Processing file /opt/airflow/dags/dag_dbt_taller.py for tasks to queue
[2026-03-25T00:23:24.873+0000] {logging_mixin.py:188} INFO - [2026-03-25T00:23:24.873+0000] {dagbag.py:538} INFO - Filling up the DagBag from /opt/airflow/dags/dag_dbt_taller.py
[2026-03-25T00:23:24.897+0000] {processor.py:840} INFO - DAG(s) 'dag_dbt_taller' retrieved from /opt/airflow/dags/dag_dbt_taller.py
[2026-03-25T00:23:24.931+0000] {logging_mixin.py:188} INFO - [2026-03-25T00:23:24.931+0000] {dag.py:3036} INFO - Sync 1 DAGs
[2026-03-25T00:23:24.948+0000] {logging_mixin.py:188} INFO - [2026-03-25T00:23:24.948+0000] {dag.py:3823} INFO - Setting next_dagrun for dag_dbt_taller to None, run_after=None
[2026-03-25T00:23:25.014+0000] {processor.py:183} INFO - Processing /opt/airflow/dags/dag_dbt_taller.py took 0.149 seconds
[2026-03-25T00:23:55.990+0000] {processor.py:161} INFO - Started process (PID=15429) to work on /opt/airflow/dags/dag_dbt_taller.py
[2026-03-25T00:23:55.990+0000] {processor.py:830} INFO - Processing file /opt/airflow/dags/dag_dbt_taller.py for tasks to queue
[2026-03-25T00:23:55.991+0000] {logging_mixin.py:188} INFO - [2026-03-25T00:23:55.991+0000] {dagbag.py:538} INFO - Filling up the DagBag from /opt/airflow/dags/dag_dbt_taller.py
[2026-03-25T00:23:56.017+0000] {processor.py:840} INFO - DAG(s) 'dag_dbt_taller' retrieved from /opt/airflow/dags/dag_dbt_taller.py
[2026-03-25T00:23:56.053+0000] {logging_mixin.py:188} INFO - [2026-03-25T00:23:56.053+0000] {dag.py:3036} INFO - Sync 1 DAGs
[2026-03-25T00:23:56.073+0000] {logging_mixin.py:188} INFO - [2026-03-25T00:23:56.073+0000] {dag.py:3823} INFO - Setting next_dagrun for dag_dbt_taller to None, run_after=None
[2026-03-25T00:23:56.143+0000] {processor.py:183} INFO - Processing /opt/airflow/dags/dag_dbt_taller.py took 0.157 seconds
[2026-03-25T00:24:26.241+0000] {processor.py:161} INFO - Started process (PID=15450) to work on /opt/airflow/dags/dag_dbt_taller.py
[2026-03-25T00:24:26.242+0000] {processor.py:830} INFO - Processing file /opt/airflow/dags/dag_dbt_taller.py for tasks to queue
[2026-03-25T00:24:26.243+0000] {logging_mixin.py:188} INFO - [2026-03-25T00:24:26.243+0000] {dagbag.py:538} INFO - Filling up the DagBag from /opt/airflow/dags/dag_dbt_taller.py
[2026-03-25T00:24:26.265+0000] {processor.py:840} INFO - DAG(s) 'dag_dbt_taller' retrieved from /opt/airflow/dags/dag_dbt_taller.py
[2026-03-25T00:24:26.315+0000] {logging_mixin.py:188} INFO - [2026-03-25T00:24:26.314+0000] {dag.py:3036} INFO - Sync 1 DAGs
[2026-03-25T00:24:26.338+0000] {logging_mixin.py:188} INFO - [2026-03-25T00:24:26.338+0000] {dag.py:3823} INFO - Setting next_dagrun for dag_dbt_taller to None, run_after=None
[2026-03-25T00:24:26.398+0000] {processor.py:183} INFO - Processing /opt/airflow/dags/dag_dbt_taller.py took 0.164 seconds
[2026-03-25T00:24:56.982+0000] {processor.py:161} INFO - Started process (PID=15471) to work on /opt/airflow/dags/dag_dbt_taller.py
[2026-03-25T00:24:56.983+0000] {processor.py:830} INFO - Processing file /opt/airflow/dags/dag_dbt_taller.py for tasks to queue
[2026-03-25T00:24:56.984+0000] {logging_mixin.py:188} INFO - [2026-03-25T00:24:56.984+0000] {dagbag.py:538} INFO - Filling up the DagBag from /opt/airflow/dags/dag_dbt_taller.py
[2026-03-25T00:24:57.012+0000] {processor.py:840} INFO - DAG(s) 'dag_dbt_taller' retrieved from /opt/airflow/dags/dag_dbt_taller.py
[2026-03-25T00:24:57.052+0000] {logging_mixin.py:188} INFO - [2026-03-25T00:24:57.052+0000] {dag.py:3036} INFO - Sync 1 DAGs
[2026-03-25T00:24:57.068+0000] {logging_mixin.py:188} INFO - [2026-03-25T00:24:57.068+0000] {dag.py:3823} INFO - Setting next_dagrun for dag_dbt_taller to None, run_after=None
[2026-03-25T00:24:57.120+0000] {processor.py:183} INFO - Processing /opt/airflow/dags/dag_dbt_taller.py took 0.142 seconds
[2026-03-25T00:25:27.449+0000] {processor.py:161} INFO - Started process (PID=15492) to work on /opt/airflow/dags/dag_dbt_taller.py
[2026-03-25T00:25:27.450+0000] {processor.py:830} INFO - Processing file /opt/airflow/dags/dag_dbt_taller.py for tasks to queue
[2026-03-25T00:25:27.452+0000] {logging_mixin.py:188} INFO - [2026-03-25T00:25:27.452+0000] {dagbag.py:538} INFO - Filling up the DagBag from /opt/airflow/dags/dag_dbt_taller.py
[2026-03-25T00:25:27.479+0000] {processor.py:840} INFO - DAG(s) 'dag_dbt_taller' retrieved from /opt/airflow/dags/dag_dbt_taller.py
[2026-03-25T00:25:27.511+0000] {logging_mixin.py:188} INFO - [2026-03-25T00:25:27.511+0000] {dag.py:3036} INFO - Sync 1 DAGs
[2026-03-25T00:25:27.526+0000] {logging_mixin.py:188} INFO - [2026-03-25T00:25:27.526+0000] {dag.py:3823} INFO - Setting next_dagrun for dag_dbt_taller to None, run_after=None
[2026-03-25T00:25:27.580+0000] {processor.py:183} INFO - Processing /opt/airflow/dags/dag_dbt_taller.py took 0.137 seconds
[2026-03-25T00:25:57.928+0000] {processor.py:161} INFO - Started process (PID=15513) to work on /opt/airflow/dags/dag_dbt_taller.py
[2026-03-25T00:25:57.979+0000] {processor.py:830} INFO - Processing file /opt/airflow/dags/dag_dbt_taller.py for tasks to queue
[2026-03-25T00:25:58.024+0000] {logging_mixin.py:188} INFO - [2026-03-25T00:25:58.023+0000] {dagbag.py:538} INFO - Filling up the DagBag from /opt/airflow/dags/dag_dbt_taller.py
[2026-03-25T00:25:58.289+0000] {processor.py:840} INFO - DAG(s) 'dag_dbt_taller' retrieved from /opt/airflow/dags/dag_dbt_taller.py
[2026-03-25T00:25:58.361+0000] {logging_mixin.py:188} INFO - [2026-03-25T00:25:58.360+0000] {dag.py:3036} INFO - Sync 1 DAGs
[2026-03-25T00:25:58.384+0000] {logging_mixin.py:188} INFO - [2026-03-25T00:25:58.384+0000] {dag.py:3823} INFO - Setting next_dagrun for dag_dbt_taller to None, run_after=None
[2026-03-25T00:25:58.466+0000] {processor.py:183} INFO - Processing /opt/airflow/dags/dag_dbt_taller.py took 0.543 seconds
[2026-03-25T00:26:29.213+0000] {processor.py:161} INFO - Started process (PID=15534) to work on /opt/airflow/dags/dag_dbt_taller.py
[2026-03-25T00:26:29.214+0000] {processor.py:830} INFO - Processing file /opt/airflow/dags/dag_dbt_taller.py for tasks to queue
[2026-03-25T00:26:29.216+0000] {logging_mixin.py:188} INFO - [2026-03-25T00:26:29.215+0000] {dagbag.py:538} INFO - Filling up the DagBag from /opt/airflow/dags/dag_dbt_taller.py
[2026-03-25T00:26:29.243+0000] {processor.py:840} INFO - DAG(s) 'dag_dbt_taller' retrieved from /opt/airflow/dags/dag_dbt_taller.py
[2026-03-25T00:26:29.279+0000] {logging_mixin.py:188} INFO - [2026-03-25T00:26:29.279+0000] {dag.py:3036} INFO - Sync 1 DAGs
[2026-03-25T00:26:29.292+0000] {logging_mixin.py:188} INFO - [2026-03-25T00:26:29.292+0000] {dag.py:3823} INFO - Setting next_dagrun for dag_dbt_taller to None, run_after=None
[2026-03-25T00:26:29.348+0000] {processor.py:183} INFO - Processing /opt/airflow/dags/dag_dbt_taller.py took 0.141 seconds
[2026-03-25T00:26:59.918+0000] {processor.py:161} INFO - Started process (PID=15555) to work on /opt/airflow/dags/dag_dbt_taller.py
[2026-03-25T00:26:59.919+0000] {processor.py:830} INFO - Processing file /opt/airflow/dags/dag_dbt_taller.py for tasks to queue
[2026-03-25T00:26:59.921+0000] {logging_mixin.py:188} INFO - [2026-03-25T00:26:59.920+0000] {dagbag.py:538} INFO - Filling up the DagBag from /opt/airflow/dags/dag_dbt_taller.py
[2026-03-25T00:26:59.949+0000] {processor.py:840} INFO - DAG(s) 'dag_dbt_taller' retrieved from /opt/airflow/dags/dag_dbt_taller.py
[2026-03-25T00:26:59.983+0000] {logging_mixin.py:188} INFO - [2026-03-25T00:26:59.983+0000] {dag.py:3036} INFO - Sync 1 DAGs
[2026-03-25T00:27:00.002+0000] {logging_mixin.py:188} INFO - [2026-03-25T00:27:00.002+0000] {dag.py:3823} INFO - Setting next_dagrun for dag_dbt_taller to None, run_after=None
[2026-03-25T00:27:00.081+0000] {processor.py:183} INFO - Processing /opt/airflow/dags/dag_dbt_taller.py took 0.169 seconds
[2026-03-25T00:27:30.155+0000] {processor.py:161} INFO - Started process (PID=15576) to work on /opt/airflow/dags/dag_dbt_taller.py
[2026-03-25T00:27:30.156+0000] {processor.py:830} INFO - Processing file /opt/airflow/dags/dag_dbt_taller.py for tasks to queue
[2026-03-25T00:27:30.157+0000] {logging_mixin.py:188} INFO - [2026-03-25T00:27:30.157+0000] {dagbag.py:538} INFO - Filling up the DagBag from /opt/airflow/dags/dag_dbt_taller.py
[2026-03-25T00:27:30.181+0000] {processor.py:840} INFO - DAG(s) 'dag_dbt_taller' retrieved from /opt/airflow/dags/dag_dbt_taller.py
[2026-03-25T00:27:30.218+0000] {logging_mixin.py:188} INFO - [2026-03-25T00:27:30.217+0000] {dag.py:3036} INFO - Sync 1 DAGs
[2026-03-25T00:27:30.240+0000] {logging_mixin.py:188} INFO - [2026-03-25T00:27:30.239+0000] {dag.py:3823} INFO - Setting next_dagrun for dag_dbt_taller to None, run_after=None
[2026-03-25T00:27:30.323+0000] {processor.py:183} INFO - Processing /opt/airflow/dags/dag_dbt_taller.py took 0.175 seconds
[2026-03-25T00:28:00.531+0000] {processor.py:161} INFO - Started process (PID=15597) to work on /opt/airflow/dags/dag_dbt_taller.py
[2026-03-25T00:28:00.532+0000] {processor.py:830} INFO - Processing file /opt/airflow/dags/dag_dbt_taller.py for tasks to queue
[2026-03-25T00:28:00.534+0000] {logging_mixin.py:188} INFO - [2026-03-25T00:28:00.534+0000] {dagbag.py:538} INFO - Filling up the DagBag from /opt/airflow/dags/dag_dbt_taller.py
[2026-03-25T00:28:00.556+0000] {processor.py:840} INFO - DAG(s) 'dag_dbt_taller' retrieved from /opt/airflow/dags/dag_dbt_taller.py
[2026-03-25T00:28:00.604+0000] {logging_mixin.py:188} INFO - [2026-03-25T00:28:00.604+0000] {dag.py:3036} INFO - Sync 1 DAGs
[2026-03-25T00:28:00.623+0000] {logging_mixin.py:188} INFO - [2026-03-25T00:28:00.623+0000] {dag.py:3823} INFO - Setting next_dagrun for dag_dbt_taller to None, run_after=None
[2026-03-25T00:28:00.681+0000] {processor.py:183} INFO - Processing /opt/airflow/dags/dag_dbt_taller.py took 0.154 seconds
[2026-03-25T00:28:31.149+0000] {processor.py:161} INFO - Started process (PID=15618) to work on /opt/airflow/dags/dag_dbt_taller.py
[2026-03-25T00:28:31.149+0000] {processor.py:830} INFO - Processing file /opt/airflow/dags/dag_dbt_taller.py for tasks to queue
[2026-03-25T00:28:31.150+0000] {logging_mixin.py:188} INFO - [2026-03-25T00:28:31.150+0000] {dagbag.py:538} INFO - Filling up the DagBag from /opt/airflow/dags/dag_dbt_taller.py
[2026-03-25T00:28:31.174+0000] {processor.py:840} INFO - DAG(s) 'dag_dbt_taller' retrieved from /opt/airflow/dags/dag_dbt_taller.py
[2026-03-25T00:28:31.212+0000] {logging_mixin.py:188} INFO - [2026-03-25T00:28:31.211+0000] {dag.py:3036} INFO - Sync 1 DAGs
[2026-03-25T00:28:31.231+0000] {logging_mixin.py:188} INFO - [2026-03-25T00:28:31.231+0000] {dag.py:3823} INFO - Setting next_dagrun for dag_dbt_taller to None, run_after=None
[2026-03-25T00:28:31.309+0000] {processor.py:183} INFO - Processing /opt/airflow/dags/dag_dbt_taller.py took 0.165 seconds
[2026-03-25T00:29:02.029+0000] {processor.py:161} INFO - Started process (PID=15639) to work on /opt/airflow/dags/dag_dbt_taller.py
[2026-03-25T00:29:02.030+0000] {processor.py:830} INFO - Processing file /opt/airflow/dags/dag_dbt_taller.py for tasks to queue
[2026-03-25T00:29:02.031+0000] {logging_mixin.py:188} INFO - [2026-03-25T00:29:02.031+0000] {dagbag.py:538} INFO - Filling up the DagBag from /opt/airflow/dags/dag_dbt_taller.py
[2026-03-25T00:29:02.059+0000] {processor.py:840} INFO - DAG(s) 'dag_dbt_taller' retrieved from /opt/airflow/dags/dag_dbt_taller.py
[2026-03-25T00:29:02.093+0000] {logging_mixin.py:188} INFO - [2026-03-25T00:29:02.093+0000] {dag.py:3036} INFO - Sync 1 DAGs
[2026-03-25T00:29:02.118+0000] {logging_mixin.py:188} INFO - [2026-03-25T00:29:02.118+0000] {dag.py:3823} INFO - Setting next_dagrun for dag_dbt_taller to None, run_after=None
[2026-03-25T00:29:02.165+0000] {processor.py:183} INFO - Processing /opt/airflow/dags/dag_dbt_taller.py took 0.140 seconds
[2026-03-25T00:29:32.220+0000] {processor.py:161} INFO - Started process (PID=15660) to work on /opt/airflow/dags/dag_dbt_taller.py
[2026-03-25T00:29:32.221+0000] {processor.py:830} INFO - Processing file /opt/airflow/dags/dag_dbt_taller.py for tasks to queue
[2026-03-25T00:29:32.223+0000] {logging_mixin.py:188} INFO - [2026-03-25T00:29:32.223+0000] {dagbag.py:538} INFO - Filling up the DagBag from /opt/airflow/dags/dag_dbt_taller.py
[2026-03-25T00:29:32.246+0000] {processor.py:840} INFO - DAG(s) 'dag_dbt_taller' retrieved from /opt/airflow/dags/dag_dbt_taller.py
[2026-03-25T00:29:32.286+0000] {logging_mixin.py:188} INFO - [2026-03-25T00:29:32.285+0000] {dag.py:3036} INFO - Sync 1 DAGs
[2026-03-25T00:29:32.310+0000] {logging_mixin.py:188} INFO - [2026-03-25T00:29:32.310+0000] {dag.py:3823} INFO - Setting next_dagrun for dag_dbt_taller to None, run_after=None
[2026-03-25T00:29:32.359+0000] {processor.py:183} INFO - Processing /opt/airflow/dags/dag_dbt_taller.py took 0.144 seconds
[2026-03-25T00:30:02.689+0000] {processor.py:161} INFO - Started process (PID=15681) to work on /opt/airflow/dags/dag_dbt_taller.py
[2026-03-25T00:30:02.690+0000] {processor.py:830} INFO - Processing file /opt/airflow/dags/dag_dbt_taller.py for tasks to queue
[2026-03-25T00:30:02.692+0000] {logging_mixin.py:188} INFO - [2026-03-25T00:30:02.691+0000] {dagbag.py:538} INFO - Filling up the DagBag from /opt/airflow/dags/dag_dbt_taller.py
[2026-03-25T00:30:02.715+0000] {processor.py:840} INFO - DAG(s) 'dag_dbt_taller' retrieved from /opt/airflow/dags/dag_dbt_taller.py
[2026-03-25T00:30:02.752+0000] {logging_mixin.py:188} INFO - [2026-03-25T00:30:02.752+0000] {dag.py:3036} INFO - Sync 1 DAGs
[2026-03-25T00:30:02.778+0000] {logging_mixin.py:188} INFO - [2026-03-25T00:30:02.777+0000] {dag.py:3823} INFO - Setting next_dagrun for dag_dbt_taller to None, run_after=None
[2026-03-25T00:30:02.880+0000] {processor.py:183} INFO - Processing /opt/airflow/dags/dag_dbt_taller.py took 0.194 seconds
[2026-03-25T00:30:33.042+0000] {processor.py:161} INFO - Started process (PID=15702) to work on /opt/airflow/dags/dag_dbt_taller.py
[2026-03-25T00:30:33.043+0000] {processor.py:830} INFO - Processing file /opt/airflow/dags/dag_dbt_taller.py for tasks to queue
[2026-03-25T00:30:33.044+0000] {logging_mixin.py:188} INFO - [2026-03-25T00:30:33.044+0000] {dagbag.py:538} INFO - Filling up the DagBag from /opt/airflow/dags/dag_dbt_taller.py
[2026-03-25T00:30:33.071+0000] {processor.py:840} INFO - DAG(s) 'dag_dbt_taller' retrieved from /opt/airflow/dags/dag_dbt_taller.py
[2026-03-25T00:30:33.102+0000] {logging_mixin.py:188} INFO - [2026-03-25T00:30:33.101+0000] {dag.py:3036} INFO - Sync 1 DAGs
[2026-03-25T00:30:33.115+0000] {logging_mixin.py:188} INFO - [2026-03-25T00:30:33.115+0000] {dag.py:3823} INFO - Setting next_dagrun for dag_dbt_taller to None, run_after=None
[2026-03-25T00:30:33.199+0000] {processor.py:183} INFO - Processing /opt/airflow/dags/dag_dbt_taller.py took 0.164 seconds
[2026-03-25T00:31:03.285+0000] {processor.py:161} INFO - Started process (PID=15723) to work on /opt/airflow/dags/dag_dbt_taller.py
[2026-03-25T00:31:03.286+0000] {processor.py:830} INFO - Processing file /opt/airflow/dags/dag_dbt_taller.py for tasks to queue
[2026-03-25T00:31:03.288+0000] {logging_mixin.py:188} INFO - [2026-03-25T00:31:03.287+0000] {dagbag.py:538} INFO - Filling up the DagBag from /opt/airflow/dags/dag_dbt_taller.py
[2026-03-25T00:31:03.314+0000] {processor.py:840} INFO - DAG(s) 'dag_dbt_taller' retrieved from /opt/airflow/dags/dag_dbt_taller.py
[2026-03-25T00:31:03.362+0000] {logging_mixin.py:188} INFO - [2026-03-25T00:31:03.361+0000] {dag.py:3036} INFO - Sync 1 DAGs
[2026-03-25T00:31:03.376+0000] {logging_mixin.py:188} INFO - [2026-03-25T00:31:03.375+0000] {dag.py:3823} INFO - Setting next_dagrun for dag_dbt_taller to None, run_after=None
[2026-03-25T00:31:03.464+0000] {processor.py:183} INFO - Processing /opt/airflow/dags/dag_dbt_taller.py took 0.185 seconds
[2026-03-25T00:31:33.980+0000] {processor.py:161} INFO - Started process (PID=15744) to work on /opt/airflow/dags/dag_dbt_taller.py
[2026-03-25T00:31:33.981+0000] {processor.py:830} INFO - Processing file /opt/airflow/dags/dag_dbt_taller.py for tasks to queue
[2026-03-25T00:31:33.983+0000] {logging_mixin.py:188} INFO - [2026-03-25T00:31:33.983+0000] {dagbag.py:538} INFO - Filling up the DagBag from /opt/airflow/dags/dag_dbt_taller.py
[2026-03-25T00:31:34.013+0000] {processor.py:840} INFO - DAG(s) 'dag_dbt_taller' retrieved from /opt/airflow/dags/dag_dbt_taller.py
[2026-03-25T00:31:34.070+0000] {logging_mixin.py:188} INFO - [2026-03-25T00:31:34.069+0000] {dag.py:3036} INFO - Sync 1 DAGs
[2026-03-25T00:31:34.091+0000] {logging_mixin.py:188} INFO - [2026-03-25T00:31:34.091+0000] {dag.py:3823} INFO - Setting next_dagrun for dag_dbt_taller to None, run_after=None
[2026-03-25T00:31:34.145+0000] {processor.py:183} INFO - Processing /opt/airflow/dags/dag_dbt_taller.py took 0.171 seconds
[2026-03-25T00:32:04.320+0000] {processor.py:161} INFO - Started process (PID=15765) to work on /opt/airflow/dags/dag_dbt_taller.py
[2026-03-25T00:32:04.321+0000] {processor.py:830} INFO - Processing file /opt/airflow/dags/dag_dbt_taller.py for tasks to queue
[2026-03-25T00:32:04.322+0000] {logging_mixin.py:188} INFO - [2026-03-25T00:32:04.322+0000] {dagbag.py:538} INFO - Filling up the DagBag from /opt/airflow/dags/dag_dbt_taller.py
[2026-03-25T00:32:04.344+0000] {processor.py:840} INFO - DAG(s) 'dag_dbt_taller' retrieved from /opt/airflow/dags/dag_dbt_taller.py
[2026-03-25T00:32:04.378+0000] {logging_mixin.py:188} INFO - [2026-03-25T00:32:04.377+0000] {dag.py:3036} INFO - Sync 1 DAGs
[2026-03-25T00:32:04.395+0000] {logging_mixin.py:188} INFO - [2026-03-25T00:32:04.395+0000] {dag.py:3823} INFO - Setting next_dagrun for dag_dbt_taller to None, run_after=None
[2026-03-25T00:32:04.448+0000] {processor.py:183} INFO - Processing /opt/airflow/dags/dag_dbt_taller.py took 0.134 seconds
[2026-03-25T00:32:35.046+0000] {processor.py:161} INFO - Started process (PID=15786) to work on /opt/airflow/dags/dag_dbt_taller.py
[2026-03-25T00:32:35.046+0000] {processor.py:830} INFO - Processing file /opt/airflow/dags/dag_dbt_taller.py for tasks to queue
[2026-03-25T00:32:35.048+0000] {logging_mixin.py:188} INFO - [2026-03-25T00:32:35.047+0000] {dagbag.py:538} INFO - Filling up the DagBag from /opt/airflow/dags/dag_dbt_taller.py
[2026-03-25T00:32:35.075+0000] {processor.py:840} INFO - DAG(s) 'dag_dbt_taller' retrieved from /opt/airflow/dags/dag_dbt_taller.py
[2026-03-25T00:32:35.115+0000] {logging_mixin.py:188} INFO - [2026-03-25T00:32:35.115+0000] {dag.py:3036} INFO - Sync 1 DAGs
[2026-03-25T00:32:35.133+0000] {logging_mixin.py:188} INFO - [2026-03-25T00:32:35.133+0000] {dag.py:3823} INFO - Setting next_dagrun for dag_dbt_taller to None, run_after=None
[2026-03-25T00:32:35.188+0000] {processor.py:183} INFO - Processing /opt/airflow/dags/dag_dbt_taller.py took 0.146 seconds
[2026-03-25T00:33:05.340+0000] {processor.py:161} INFO - Started process (PID=15807) to work on /opt/airflow/dags/dag_dbt_taller.py
[2026-03-25T00:33:05.341+0000] {processor.py:830} INFO - Processing file /opt/airflow/dags/dag_dbt_taller.py for tasks to queue
[2026-03-25T00:33:05.342+0000] {logging_mixin.py:188} INFO - [2026-03-25T00:33:05.342+0000] {dagbag.py:538} INFO - Filling up the DagBag from /opt/airflow/dags/dag_dbt_taller.py
[2026-03-25T00:33:05.366+0000] {processor.py:840} INFO - DAG(s) 'dag_dbt_taller' retrieved from /opt/airflow/dags/dag_dbt_taller.py
[2026-03-25T00:33:05.406+0000] {logging_mixin.py:188} INFO - [2026-03-25T00:33:05.405+0000] {dag.py:3036} INFO - Sync 1 DAGs
[2026-03-25T00:33:05.423+0000] {logging_mixin.py:188} INFO - [2026-03-25T00:33:05.423+0000] {dag.py:3823} INFO - Setting next_dagrun for dag_dbt_taller to None, run_after=None
[2026-03-25T00:33:05.498+0000] {processor.py:183} INFO - Processing /opt/airflow/dags/dag_dbt_taller.py took 0.162 seconds
[2026-03-25T00:33:35.860+0000] {processor.py:161} INFO - Started process (PID=15828) to work on /opt/airflow/dags/dag_dbt_taller.py
[2026-03-25T00:33:35.861+0000] {processor.py:830} INFO - Processing file /opt/airflow/dags/dag_dbt_taller.py for tasks to queue
[2026-03-25T00:33:35.863+0000] {logging_mixin.py:188} INFO - [2026-03-25T00:33:35.863+0000] {dagbag.py:538} INFO - Filling up the DagBag from /opt/airflow/dags/dag_dbt_taller.py
[2026-03-25T00:33:35.892+0000] {processor.py:840} INFO - DAG(s) 'dag_dbt_taller' retrieved from /opt/airflow/dags/dag_dbt_taller.py
[2026-03-25T00:33:35.931+0000] {logging_mixin.py:188} INFO - [2026-03-25T00:33:35.931+0000] {dag.py:3036} INFO - Sync 1 DAGs
[2026-03-25T00:33:35.944+0000] {logging_mixin.py:188} INFO - [2026-03-25T00:33:35.944+0000] {dag.py:3823} INFO - Setting next_dagrun for dag_dbt_taller to None, run_after=None
[2026-03-25T00:33:36.025+0000] {processor.py:183} INFO - Processing /opt/airflow/dags/dag_dbt_taller.py took 0.170 seconds
[2026-03-25T00:34:06.683+0000] {processor.py:161} INFO - Started process (PID=15849) to work on /opt/airflow/dags/dag_dbt_taller.py
[2026-03-25T00:34:06.684+0000] {processor.py:830} INFO - Processing file /opt/airflow/dags/dag_dbt_taller.py for tasks to queue
[2026-03-25T00:34:06.687+0000] {logging_mixin.py:188} INFO - [2026-03-25T00:34:06.686+0000] {dagbag.py:538} INFO - Filling up the DagBag from /opt/airflow/dags/dag_dbt_taller.py
[2026-03-25T00:34:06.719+0000] {processor.py:840} INFO - DAG(s) 'dag_dbt_taller' retrieved from /opt/airflow/dags/dag_dbt_taller.py
[2026-03-25T00:34:06.764+0000] {logging_mixin.py:188} INFO - [2026-03-25T00:34:06.763+0000] {dag.py:3036} INFO - Sync 1 DAGs
[2026-03-25T00:34:06.792+0000] {logging_mixin.py:188} INFO - [2026-03-25T00:34:06.792+0000] {dag.py:3823} INFO - Setting next_dagrun for dag_dbt_taller to None, run_after=None
[2026-03-25T00:34:06.919+0000] {processor.py:183} INFO - Processing /opt/airflow/dags/dag_dbt_taller.py took 0.242 seconds
[2026-03-25T00:34:37.360+0000] {processor.py:161} INFO - Started process (PID=15870) to work on /opt/airflow/dags/dag_dbt_taller.py
[2026-03-25T00:34:37.361+0000] {processor.py:830} INFO - Processing file /opt/airflow/dags/dag_dbt_taller.py for tasks to queue
[2026-03-25T00:34:37.362+0000] {logging_mixin.py:188} INFO - [2026-03-25T00:34:37.362+0000] {dagbag.py:538} INFO - Filling up the DagBag from /opt/airflow/dags/dag_dbt_taller.py
[2026-03-25T00:34:37.384+0000] {processor.py:840} INFO - DAG(s) 'dag_dbt_taller' retrieved from /opt/airflow/dags/dag_dbt_taller.py
[2026-03-25T00:34:37.416+0000] {logging_mixin.py:188} INFO - [2026-03-25T00:34:37.416+0000] {dag.py:3036} INFO - Sync 1 DAGs
[2026-03-25T00:34:37.432+0000] {logging_mixin.py:188} INFO - [2026-03-25T00:34:37.432+0000] {dag.py:3823} INFO - Setting next_dagrun for dag_dbt_taller to None, run_after=None
[2026-03-25T00:34:37.512+0000] {processor.py:183} INFO - Processing /opt/airflow/dags/dag_dbt_taller.py took 0.155 seconds
[2026-03-25T00:35:08.394+0000] {processor.py:161} INFO - Started process (PID=15891) to work on /opt/airflow/dags/dag_dbt_taller.py
[2026-03-25T00:35:08.395+0000] {processor.py:830} INFO - Processing file /opt/airflow/dags/dag_dbt_taller.py for tasks to queue
[2026-03-25T00:35:08.396+0000] {logging_mixin.py:188} INFO - [2026-03-25T00:35:08.396+0000] {dagbag.py:538} INFO - Filling up the DagBag from /opt/airflow/dags/dag_dbt_taller.py
[2026-03-25T00:35:08.419+0000] {processor.py:840} INFO - DAG(s) 'dag_dbt_taller' retrieved from /opt/airflow/dags/dag_dbt_taller.py
[2026-03-25T00:35:08.470+0000] {logging_mixin.py:188} INFO - [2026-03-25T00:35:08.469+0000] {dag.py:3036} INFO - Sync 1 DAGs
[2026-03-25T00:35:08.484+0000] {logging_mixin.py:188} INFO - [2026-03-25T00:35:08.483+0000] {dag.py:3823} INFO - Setting next_dagrun for dag_dbt_taller to None, run_after=None
[2026-03-25T00:35:08.560+0000] {processor.py:183} INFO - Processing /opt/airflow/dags/dag_dbt_taller.py took 0.169 seconds
[2026-03-25T00:35:38.616+0000] {processor.py:161} INFO - Started process (PID=15912) to work on /opt/airflow/dags/dag_dbt_taller.py
[2026-03-25T00:35:38.617+0000] {processor.py:830} INFO - Processing file /opt/airflow/dags/dag_dbt_taller.py for tasks to queue
[2026-03-25T00:35:38.618+0000] {logging_mixin.py:188} INFO - [2026-03-25T00:35:38.618+0000] {dagbag.py:538} INFO - Filling up the DagBag from /opt/airflow/dags/dag_dbt_taller.py
[2026-03-25T00:35:38.645+0000] {processor.py:840} INFO - DAG(s) 'dag_dbt_taller' retrieved from /opt/airflow/dags/dag_dbt_taller.py
[2026-03-25T00:35:38.691+0000] {logging_mixin.py:188} INFO - [2026-03-25T00:35:38.691+0000] {dag.py:3036} INFO - Sync 1 DAGs
[2026-03-25T00:35:38.717+0000] {logging_mixin.py:188} INFO - [2026-03-25T00:35:38.716+0000] {dag.py:3823} INFO - Setting next_dagrun for dag_dbt_taller to None, run_after=None
[2026-03-25T00:35:38.798+0000] {processor.py:183} INFO - Processing /opt/airflow/dags/dag_dbt_taller.py took 0.186 seconds
[2026-03-25T00:36:08.872+0000] {processor.py:161} INFO - Started process (PID=15933) to work on /opt/airflow/dags/dag_dbt_taller.py
[2026-03-25T00:36:08.873+0000] {processor.py:830} INFO - Processing file /opt/airflow/dags/dag_dbt_taller.py for tasks to queue
[2026-03-25T00:36:08.874+0000] {logging_mixin.py:188} INFO - [2026-03-25T00:36:08.874+0000] {dagbag.py:538} INFO - Filling up the DagBag from /opt/airflow/dags/dag_dbt_taller.py
[2026-03-25T00:36:08.897+0000] {processor.py:840} INFO - DAG(s) 'dag_dbt_taller' retrieved from /opt/airflow/dags/dag_dbt_taller.py
[2026-03-25T00:36:08.938+0000] {logging_mixin.py:188} INFO - [2026-03-25T00:36:08.938+0000] {dag.py:3036} INFO - Sync 1 DAGs
[2026-03-25T00:36:08.952+0000] {logging_mixin.py:188} INFO - [2026-03-25T00:36:08.952+0000] {dag.py:3823} INFO - Setting next_dagrun for dag_dbt_taller to None, run_after=None
[2026-03-25T00:36:09.050+0000] {processor.py:183} INFO - Processing /opt/airflow/dags/dag_dbt_taller.py took 0.184 seconds
[2026-03-25T00:36:39.093+0000] {processor.py:161} INFO - Started process (PID=15954) to work on /opt/airflow/dags/dag_dbt_taller.py
[2026-03-25T00:36:39.094+0000] {processor.py:830} INFO - Processing file /opt/airflow/dags/dag_dbt_taller.py for tasks to queue
[2026-03-25T00:36:39.095+0000] {logging_mixin.py:188} INFO - [2026-03-25T00:36:39.095+0000] {dagbag.py:538} INFO - Filling up the DagBag from /opt/airflow/dags/dag_dbt_taller.py
[2026-03-25T00:36:39.116+0000] {processor.py:840} INFO - DAG(s) 'dag_dbt_taller' retrieved from /opt/airflow/dags/dag_dbt_taller.py
[2026-03-25T00:36:39.159+0000] {logging_mixin.py:188} INFO - [2026-03-25T00:36:39.159+0000] {dag.py:3036} INFO - Sync 1 DAGs
[2026-03-25T00:36:39.173+0000] {logging_mixin.py:188} INFO - [2026-03-25T00:36:39.173+0000] {dag.py:3823} INFO - Setting next_dagrun for dag_dbt_taller to None, run_after=None
[2026-03-25T00:36:39.224+0000] {processor.py:183} INFO - Processing /opt/airflow/dags/dag_dbt_taller.py took 0.135 seconds
[2026-03-25T00:37:09.739+0000] {processor.py:161} INFO - Started process (PID=15975) to work on /opt/airflow/dags/dag_dbt_taller.py
[2026-03-25T00:37:09.741+0000] {processor.py:830} INFO - Processing file /opt/airflow/dags/dag_dbt_taller.py for tasks to queue
[2026-03-25T00:37:09.742+0000] {logging_mixin.py:188} INFO - [2026-03-25T00:37:09.742+0000] {dagbag.py:538} INFO - Filling up the DagBag from /opt/airflow/dags/dag_dbt_taller.py
[2026-03-25T00:37:09.771+0000] {processor.py:840} INFO - DAG(s) 'dag_dbt_taller' retrieved from /opt/airflow/dags/dag_dbt_taller.py
[2026-03-25T00:37:09.804+0000] {logging_mixin.py:188} INFO - [2026-03-25T00:37:09.804+0000] {dag.py:3036} INFO - Sync 1 DAGs
[2026-03-25T00:37:09.818+0000] {logging_mixin.py:188} INFO - [2026-03-25T00:37:09.817+0000] {dag.py:3823} INFO - Setting next_dagrun for dag_dbt_taller to None, run_after=None
[2026-03-25T00:37:09.907+0000] {processor.py:183} INFO - Processing /opt/airflow/dags/dag_dbt_taller.py took 0.172 seconds
[2026-03-25T00:37:40.233+0000] {processor.py:161} INFO - Started process (PID=15996) to work on /opt/airflow/dags/dag_dbt_taller.py
[2026-03-25T00:37:40.235+0000] {processor.py:830} INFO - Processing file /opt/airflow/dags/dag_dbt_taller.py for tasks to queue
[2026-03-25T00:37:40.239+0000] {logging_mixin.py:188} INFO - [2026-03-25T00:37:40.238+0000] {dagbag.py:538} INFO - Filling up the DagBag from /opt/airflow/dags/dag_dbt_taller.py
[2026-03-25T00:37:40.284+0000] {processor.py:840} INFO - DAG(s) 'dag_dbt_taller' retrieved from /opt/airflow/dags/dag_dbt_taller.py
[2026-03-25T00:37:40.331+0000] {logging_mixin.py:188} INFO - [2026-03-25T00:37:40.331+0000] {dag.py:3036} INFO - Sync 1 DAGs
[2026-03-25T00:37:40.346+0000] {logging_mixin.py:188} INFO - [2026-03-25T00:37:40.345+0000] {dag.py:3823} INFO - Setting next_dagrun for dag_dbt_taller to None, run_after=None
[2026-03-25T00:37:40.402+0000] {processor.py:183} INFO - Processing /opt/airflow/dags/dag_dbt_taller.py took 0.177 seconds
[2026-03-25T00:38:10.712+0000] {processor.py:161} INFO - Started process (PID=16017) to work on /opt/airflow/dags/dag_dbt_taller.py
[2026-03-25T00:38:10.713+0000] {processor.py:830} INFO - Processing file /opt/airflow/dags/dag_dbt_taller.py for tasks to queue
[2026-03-25T00:38:10.715+0000] {logging_mixin.py:188} INFO - [2026-03-25T00:38:10.714+0000] {dagbag.py:538} INFO - Filling up the DagBag from /opt/airflow/dags/dag_dbt_taller.py
[2026-03-25T00:38:10.745+0000] {processor.py:840} INFO - DAG(s) 'dag_dbt_taller' retrieved from /opt/airflow/dags/dag_dbt_taller.py
[2026-03-25T00:38:10.774+0000] {logging_mixin.py:188} INFO - [2026-03-25T00:38:10.774+0000] {dag.py:3036} INFO - Sync 1 DAGs
[2026-03-25T00:38:10.788+0000] {logging_mixin.py:188} INFO - [2026-03-25T00:38:10.788+0000] {dag.py:3823} INFO - Setting next_dagrun for dag_dbt_taller to None, run_after=None
[2026-03-25T00:38:11.000+0000] {processor.py:183} INFO - Processing /opt/airflow/dags/dag_dbt_taller.py took 0.292 seconds
[2026-03-25T00:38:41.196+0000] {processor.py:161} INFO - Started process (PID=16038) to work on /opt/airflow/dags/dag_dbt_taller.py
[2026-03-25T00:38:41.198+0000] {processor.py:830} INFO - Processing file /opt/airflow/dags/dag_dbt_taller.py for tasks to queue
[2026-03-25T00:38:41.199+0000] {logging_mixin.py:188} INFO - [2026-03-25T00:38:41.199+0000] {dagbag.py:538} INFO - Filling up the DagBag from /opt/airflow/dags/dag_dbt_taller.py
[2026-03-25T00:38:41.228+0000] {processor.py:840} INFO - DAG(s) 'dag_dbt_taller' retrieved from /opt/airflow/dags/dag_dbt_taller.py
[2026-03-25T00:38:41.266+0000] {logging_mixin.py:188} INFO - [2026-03-25T00:38:41.266+0000] {dag.py:3036} INFO - Sync 1 DAGs
[2026-03-25T00:38:41.280+0000] {logging_mixin.py:188} INFO - [2026-03-25T00:38:41.280+0000] {dag.py:3823} INFO - Setting next_dagrun for dag_dbt_taller to None, run_after=None
[2026-03-25T00:38:41.355+0000] {processor.py:183} INFO - Processing /opt/airflow/dags/dag_dbt_taller.py took 0.164 seconds
[2026-03-25T00:39:11.595+0000] {processor.py:161} INFO - Started process (PID=16059) to work on /opt/airflow/dags/dag_dbt_taller.py
[2026-03-25T00:39:11.597+0000] {processor.py:830} INFO - Processing file /opt/airflow/dags/dag_dbt_taller.py for tasks to queue
[2026-03-25T00:39:11.598+0000] {logging_mixin.py:188} INFO - [2026-03-25T00:39:11.598+0000] {dagbag.py:538} INFO - Filling up the DagBag from /opt/airflow/dags/dag_dbt_taller.py
[2026-03-25T00:39:11.620+0000] {processor.py:840} INFO - DAG(s) 'dag_dbt_taller' retrieved from /opt/airflow/dags/dag_dbt_taller.py
[2026-03-25T00:39:11.658+0000] {logging_mixin.py:188} INFO - [2026-03-25T00:39:11.657+0000] {dag.py:3036} INFO - Sync 1 DAGs
[2026-03-25T00:39:11.683+0000] {logging_mixin.py:188} INFO - [2026-03-25T00:39:11.683+0000] {dag.py:3823} INFO - Setting next_dagrun for dag_dbt_taller to None, run_after=None
[2026-03-25T00:39:11.735+0000] {processor.py:183} INFO - Processing /opt/airflow/dags/dag_dbt_taller.py took 0.146 seconds
[2026-03-25T00:39:41.863+0000] {processor.py:161} INFO - Started process (PID=16080) to work on /opt/airflow/dags/dag_dbt_taller.py
[2026-03-25T00:39:41.864+0000] {processor.py:830} INFO - Processing file /opt/airflow/dags/dag_dbt_taller.py for tasks to queue
[2026-03-25T00:39:41.866+0000] {logging_mixin.py:188} INFO - [2026-03-25T00:39:41.865+0000] {dagbag.py:538} INFO - Filling up the DagBag from /opt/airflow/dags/dag_dbt_taller.py
[2026-03-25T00:39:41.892+0000] {processor.py:840} INFO - DAG(s) 'dag_dbt_taller' retrieved from /opt/airflow/dags/dag_dbt_taller.py
[2026-03-25T00:39:41.923+0000] {logging_mixin.py:188} INFO - [2026-03-25T00:39:41.922+0000] {dag.py:3036} INFO - Sync 1 DAGs
[2026-03-25T00:39:41.935+0000] {logging_mixin.py:188} INFO - [2026-03-25T00:39:41.935+0000] {dag.py:3823} INFO - Setting next_dagrun for dag_dbt_taller to None, run_after=None
[2026-03-25T00:39:42.020+0000] {processor.py:183} INFO - Processing /opt/airflow/dags/dag_dbt_taller.py took 0.164 seconds
[2026-03-25T00:40:12.096+0000] {processor.py:161} INFO - Started process (PID=16101) to work on /opt/airflow/dags/dag_dbt_taller.py
[2026-03-25T00:40:12.097+0000] {processor.py:830} INFO - Processing file /opt/airflow/dags/dag_dbt_taller.py for tasks to queue
[2026-03-25T00:40:12.098+0000] {logging_mixin.py:188} INFO - [2026-03-25T00:40:12.097+0000] {dagbag.py:538} INFO - Filling up the DagBag from /opt/airflow/dags/dag_dbt_taller.py
[2026-03-25T00:40:12.121+0000] {processor.py:840} INFO - DAG(s) 'dag_dbt_taller' retrieved from /opt/airflow/dags/dag_dbt_taller.py
[2026-03-25T00:40:12.160+0000] {logging_mixin.py:188} INFO - [2026-03-25T00:40:12.160+0000] {dag.py:3036} INFO - Sync 1 DAGs
[2026-03-25T00:40:12.176+0000] {logging_mixin.py:188} INFO - [2026-03-25T00:40:12.176+0000] {dag.py:3823} INFO - Setting next_dagrun for dag_dbt_taller to None, run_after=None
[2026-03-25T00:40:12.265+0000] {processor.py:183} INFO - Processing /opt/airflow/dags/dag_dbt_taller.py took 0.173 seconds
[2026-03-25T00:40:42.757+0000] {processor.py:161} INFO - Started process (PID=16122) to work on /opt/airflow/dags/dag_dbt_taller.py
[2026-03-25T00:40:42.758+0000] {processor.py:830} INFO - Processing file /opt/airflow/dags/dag_dbt_taller.py for tasks to queue
[2026-03-25T00:40:42.760+0000] {logging_mixin.py:188} INFO - [2026-03-25T00:40:42.759+0000] {dagbag.py:538} INFO - Filling up the DagBag from /opt/airflow/dags/dag_dbt_taller.py
[2026-03-25T00:40:42.789+0000] {processor.py:840} INFO - DAG(s) 'dag_dbt_taller' retrieved from /opt/airflow/dags/dag_dbt_taller.py
[2026-03-25T00:40:42.822+0000] {logging_mixin.py:188} INFO - [2026-03-25T00:40:42.822+0000] {dag.py:3036} INFO - Sync 1 DAGs
[2026-03-25T00:40:42.842+0000] {logging_mixin.py:188} INFO - [2026-03-25T00:40:42.842+0000] {dag.py:3823} INFO - Setting next_dagrun for dag_dbt_taller to None, run_after=None
[2026-03-25T00:40:42.934+0000] {processor.py:183} INFO - Processing /opt/airflow/dags/dag_dbt_taller.py took 0.184 seconds
[2026-03-25T00:41:13.154+0000] {processor.py:161} INFO - Started process (PID=16143) to work on /opt/airflow/dags/dag_dbt_taller.py
[2026-03-25T00:41:13.155+0000] {processor.py:830} INFO - Processing file /opt/airflow/dags/dag_dbt_taller.py for tasks to queue
[2026-03-25T00:41:13.156+0000] {logging_mixin.py:188} INFO - [2026-03-25T00:41:13.155+0000] {dagbag.py:538} INFO - Filling up the DagBag from /opt/airflow/dags/dag_dbt_taller.py
[2026-03-25T00:41:13.186+0000] {processor.py:840} INFO - DAG(s) 'dag_dbt_taller' retrieved from /opt/airflow/dags/dag_dbt_taller.py
[2026-03-25T00:41:13.227+0000] {logging_mixin.py:188} INFO - [2026-03-25T00:41:13.227+0000] {dag.py:3036} INFO - Sync 1 DAGs
[2026-03-25T00:41:13.254+0000] {logging_mixin.py:188} INFO - [2026-03-25T00:41:13.253+0000] {dag.py:3823} INFO - Setting next_dagrun for dag_dbt_taller to None, run_after=None
[2026-03-25T00:41:13.344+0000] {processor.py:183} INFO - Processing /opt/airflow/dags/dag_dbt_taller.py took 0.193 seconds
[2026-03-25T00:41:43.408+0000] {processor.py:161} INFO - Started process (PID=16164) to work on /opt/airflow/dags/dag_dbt_taller.py
[2026-03-25T00:41:43.409+0000] {processor.py:830} INFO - Processing file /opt/airflow/dags/dag_dbt_taller.py for tasks to queue
[2026-03-25T00:41:43.410+0000] {logging_mixin.py:188} INFO - [2026-03-25T00:41:43.410+0000] {dagbag.py:538} INFO - Filling up the DagBag from /opt/airflow/dags/dag_dbt_taller.py
[2026-03-25T00:41:43.434+0000] {processor.py:840} INFO - DAG(s) 'dag_dbt_taller' retrieved from /opt/airflow/dags/dag_dbt_taller.py
[2026-03-25T00:41:43.470+0000] {logging_mixin.py:188} INFO - [2026-03-25T00:41:43.470+0000] {dag.py:3036} INFO - Sync 1 DAGs
[2026-03-25T00:41:43.484+0000] {logging_mixin.py:188} INFO - [2026-03-25T00:41:43.484+0000] {dag.py:3823} INFO - Setting next_dagrun for dag_dbt_taller to None, run_after=None
[2026-03-25T00:41:43.535+0000] {processor.py:183} INFO - Processing /opt/airflow/dags/dag_dbt_taller.py took 0.132 seconds
[2026-03-25T00:42:13.738+0000] {processor.py:161} INFO - Started process (PID=16185) to work on /opt/airflow/dags/dag_dbt_taller.py
[2026-03-25T00:42:13.739+0000] {processor.py:830} INFO - Processing file /opt/airflow/dags/dag_dbt_taller.py for tasks to queue
[2026-03-25T00:42:13.740+0000] {logging_mixin.py:188} INFO - [2026-03-25T00:42:13.740+0000] {dagbag.py:538} INFO - Filling up the DagBag from /opt/airflow/dags/dag_dbt_taller.py
[2026-03-25T00:42:13.769+0000] {processor.py:840} INFO - DAG(s) 'dag_dbt_taller' retrieved from /opt/airflow/dags/dag_dbt_taller.py
[2026-03-25T00:42:13.804+0000] {logging_mixin.py:188} INFO - [2026-03-25T00:42:13.804+0000] {dag.py:3036} INFO - Sync 1 DAGs
[2026-03-25T00:42:13.819+0000] {logging_mixin.py:188} INFO - [2026-03-25T00:42:13.819+0000] {dag.py:3823} INFO - Setting next_dagrun for dag_dbt_taller to None, run_after=None
[2026-03-25T00:42:13.863+0000] {processor.py:183} INFO - Processing /opt/airflow/dags/dag_dbt_taller.py took 0.129 seconds
[2026-03-25T00:42:44.197+0000] {processor.py:161} INFO - Started process (PID=16200) to work on /opt/airflow/dags/dag_dbt_taller.py
[2026-03-25T00:42:44.199+0000] {processor.py:830} INFO - Processing file /opt/airflow/dags/dag_dbt_taller.py for tasks to queue
[2026-03-25T00:42:44.201+0000] {logging_mixin.py:188} INFO - [2026-03-25T00:42:44.200+0000] {dagbag.py:538} INFO - Filling up the DagBag from /opt/airflow/dags/dag_dbt_taller.py
[2026-03-25T00:42:44.234+0000] {processor.py:840} INFO - DAG(s) 'dag_dbt_taller' retrieved from /opt/airflow/dags/dag_dbt_taller.py
[2026-03-25T00:42:44.279+0000] {logging_mixin.py:188} INFO - [2026-03-25T00:42:44.278+0000] {dag.py:3036} INFO - Sync 1 DAGs
[2026-03-25T00:42:44.297+0000] {logging_mixin.py:188} INFO - [2026-03-25T00:42:44.297+0000] {dag.py:3823} INFO - Setting next_dagrun for dag_dbt_taller to None, run_after=None
[2026-03-25T00:42:44.347+0000] {processor.py:183} INFO - Processing /opt/airflow/dags/dag_dbt_taller.py took 0.156 seconds
[2026-03-25T00:43:14.450+0000] {processor.py:161} INFO - Started process (PID=16221) to work on /opt/airflow/dags/dag_dbt_taller.py
[2026-03-25T00:43:14.451+0000] {processor.py:830} INFO - Processing file /opt/airflow/dags/dag_dbt_taller.py for tasks to queue
[2026-03-25T00:43:14.452+0000] {logging_mixin.py:188} INFO - [2026-03-25T00:43:14.452+0000] {dagbag.py:538} INFO - Filling up the DagBag from /opt/airflow/dags/dag_dbt_taller.py
[2026-03-25T00:43:14.475+0000] {processor.py:840} INFO - DAG(s) 'dag_dbt_taller' retrieved from /opt/airflow/dags/dag_dbt_taller.py
[2026-03-25T00:43:14.518+0000] {logging_mixin.py:188} INFO - [2026-03-25T00:43:14.518+0000] {dag.py:3036} INFO - Sync 1 DAGs
[2026-03-25T00:43:14.532+0000] {logging_mixin.py:188} INFO - [2026-03-25T00:43:14.531+0000] {dag.py:3823} INFO - Setting next_dagrun for dag_dbt_taller to None, run_after=None
[2026-03-25T00:43:14.605+0000] {processor.py:183} INFO - Processing /opt/airflow/dags/dag_dbt_taller.py took 0.159 seconds
[2026-03-25T00:43:44.800+0000] {processor.py:161} INFO - Started process (PID=16242) to work on /opt/airflow/dags/dag_dbt_taller.py
[2026-03-25T00:43:44.801+0000] {processor.py:830} INFO - Processing file /opt/airflow/dags/dag_dbt_taller.py for tasks to queue
[2026-03-25T00:43:44.802+0000] {logging_mixin.py:188} INFO - [2026-03-25T00:43:44.802+0000] {dagbag.py:538} INFO - Filling up the DagBag from /opt/airflow/dags/dag_dbt_taller.py
[2026-03-25T00:43:44.823+0000] {processor.py:840} INFO - DAG(s) 'dag_dbt_taller' retrieved from /opt/airflow/dags/dag_dbt_taller.py
[2026-03-25T00:43:44.863+0000] {logging_mixin.py:188} INFO - [2026-03-25T00:43:44.862+0000] {dag.py:3036} INFO - Sync 1 DAGs
[2026-03-25T00:43:44.887+0000] {logging_mixin.py:188} INFO - [2026-03-25T00:43:44.887+0000] {dag.py:3823} INFO - Setting next_dagrun for dag_dbt_taller to None, run_after=None
[2026-03-25T00:43:44.944+0000] {processor.py:183} INFO - Processing /opt/airflow/dags/dag_dbt_taller.py took 0.148 seconds
[2026-03-25T00:44:15.240+0000] {processor.py:161} INFO - Started process (PID=16263) to work on /opt/airflow/dags/dag_dbt_taller.py
[2026-03-25T00:44:15.244+0000] {processor.py:830} INFO - Processing file /opt/airflow/dags/dag_dbt_taller.py for tasks to queue
[2026-03-25T00:44:15.247+0000] {logging_mixin.py:188} INFO - [2026-03-25T00:44:15.246+0000] {dagbag.py:538} INFO - Filling up the DagBag from /opt/airflow/dags/dag_dbt_taller.py
[2026-03-25T00:44:15.286+0000] {processor.py:840} INFO - DAG(s) 'dag_dbt_taller' retrieved from /opt/airflow/dags/dag_dbt_taller.py
[2026-03-25T00:44:15.322+0000] {logging_mixin.py:188} INFO - [2026-03-25T00:44:15.322+0000] {dag.py:3036} INFO - Sync 1 DAGs
[2026-03-25T00:44:15.336+0000] {logging_mixin.py:188} INFO - [2026-03-25T00:44:15.336+0000] {dag.py:3823} INFO - Setting next_dagrun for dag_dbt_taller to None, run_after=None
[2026-03-25T00:44:15.386+0000] {processor.py:183} INFO - Processing /opt/airflow/dags/dag_dbt_taller.py took 0.155 seconds
[2026-03-25T00:44:45.597+0000] {processor.py:161} INFO - Started process (PID=16284) to work on /opt/airflow/dags/dag_dbt_taller.py
[2026-03-25T00:44:45.598+0000] {processor.py:830} INFO - Processing file /opt/airflow/dags/dag_dbt_taller.py for tasks to queue
[2026-03-25T00:44:45.600+0000] {logging_mixin.py:188} INFO - [2026-03-25T00:44:45.599+0000] {dagbag.py:538} INFO - Filling up the DagBag from /opt/airflow/dags/dag_dbt_taller.py
[2026-03-25T00:44:45.629+0000] {processor.py:840} INFO - DAG(s) 'dag_dbt_taller' retrieved from /opt/airflow/dags/dag_dbt_taller.py
[2026-03-25T00:44:45.667+0000] {logging_mixin.py:188} INFO - [2026-03-25T00:44:45.667+0000] {dag.py:3036} INFO - Sync 1 DAGs
[2026-03-25T00:44:45.693+0000] {logging_mixin.py:188} INFO - [2026-03-25T00:44:45.692+0000] {dag.py:3823} INFO - Setting next_dagrun for dag_dbt_taller to None, run_after=None
[2026-03-25T00:44:45.745+0000] {processor.py:183} INFO - Processing /opt/airflow/dags/dag_dbt_taller.py took 0.153 seconds
[2026-03-25T00:45:15.823+0000] {processor.py:161} INFO - Started process (PID=16305) to work on /opt/airflow/dags/dag_dbt_taller.py
[2026-03-25T00:45:15.826+0000] {processor.py:830} INFO - Processing file /opt/airflow/dags/dag_dbt_taller.py for tasks to queue
[2026-03-25T00:45:15.827+0000] {logging_mixin.py:188} INFO - [2026-03-25T00:45:15.827+0000] {dagbag.py:538} INFO - Filling up the DagBag from /opt/airflow/dags/dag_dbt_taller.py
[2026-03-25T00:45:15.856+0000] {processor.py:840} INFO - DAG(s) 'dag_dbt_taller' retrieved from /opt/airflow/dags/dag_dbt_taller.py
[2026-03-25T00:45:15.887+0000] {logging_mixin.py:188} INFO - [2026-03-25T00:45:15.886+0000] {dag.py:3036} INFO - Sync 1 DAGs
[2026-03-25T00:45:15.912+0000] {logging_mixin.py:188} INFO - [2026-03-25T00:45:15.911+0000] {dag.py:3823} INFO - Setting next_dagrun for dag_dbt_taller to None, run_after=None
[2026-03-25T00:45:15.964+0000] {processor.py:183} INFO - Processing /opt/airflow/dags/dag_dbt_taller.py took 0.147 seconds
[2026-03-25T00:45:46.175+0000] {processor.py:161} INFO - Started process (PID=16326) to work on /opt/airflow/dags/dag_dbt_taller.py
[2026-03-25T00:45:46.176+0000] {processor.py:830} INFO - Processing file /opt/airflow/dags/dag_dbt_taller.py for tasks to queue
[2026-03-25T00:45:46.177+0000] {logging_mixin.py:188} INFO - [2026-03-25T00:45:46.177+0000] {dagbag.py:538} INFO - Filling up the DagBag from /opt/airflow/dags/dag_dbt_taller.py
[2026-03-25T00:45:46.199+0000] {processor.py:840} INFO - DAG(s) 'dag_dbt_taller' retrieved from /opt/airflow/dags/dag_dbt_taller.py
[2026-03-25T00:45:46.244+0000] {logging_mixin.py:188} INFO - [2026-03-25T00:45:46.244+0000] {dag.py:3036} INFO - Sync 1 DAGs
[2026-03-25T00:45:46.257+0000] {logging_mixin.py:188} INFO - [2026-03-25T00:45:46.257+0000] {dag.py:3823} INFO - Setting next_dagrun for dag_dbt_taller to None, run_after=None
[2026-03-25T00:45:46.308+0000] {processor.py:183} INFO - Processing /opt/airflow/dags/dag_dbt_taller.py took 0.137 seconds
[2026-03-25T00:46:16.405+0000] {processor.py:161} INFO - Started process (PID=16347) to work on /opt/airflow/dags/dag_dbt_taller.py
[2026-03-25T00:46:16.406+0000] {processor.py:830} INFO - Processing file /opt/airflow/dags/dag_dbt_taller.py for tasks to queue
[2026-03-25T00:46:16.408+0000] {logging_mixin.py:188} INFO - [2026-03-25T00:46:16.407+0000] {dagbag.py:538} INFO - Filling up the DagBag from /opt/airflow/dags/dag_dbt_taller.py
[2026-03-25T00:46:16.429+0000] {processor.py:840} INFO - DAG(s) 'dag_dbt_taller' retrieved from /opt/airflow/dags/dag_dbt_taller.py
[2026-03-25T00:46:16.461+0000] {logging_mixin.py:188} INFO - [2026-03-25T00:46:16.461+0000] {dag.py:3036} INFO - Sync 1 DAGs
[2026-03-25T00:46:16.475+0000] {logging_mixin.py:188} INFO - [2026-03-25T00:46:16.475+0000] {dag.py:3823} INFO - Setting next_dagrun for dag_dbt_taller to None, run_after=None
[2026-03-25T00:46:16.523+0000] {processor.py:183} INFO - Processing /opt/airflow/dags/dag_dbt_taller.py took 0.123 seconds
[2026-03-25T00:46:46.840+0000] {processor.py:161} INFO - Started process (PID=16368) to work on /opt/airflow/dags/dag_dbt_taller.py
[2026-03-25T00:46:46.841+0000] {processor.py:830} INFO - Processing file /opt/airflow/dags/dag_dbt_taller.py for tasks to queue
[2026-03-25T00:46:46.842+0000] {logging_mixin.py:188} INFO - [2026-03-25T00:46:46.842+0000] {dagbag.py:538} INFO - Filling up the DagBag from /opt/airflow/dags/dag_dbt_taller.py
[2026-03-25T00:46:46.863+0000] {processor.py:840} INFO - DAG(s) 'dag_dbt_taller' retrieved from /opt/airflow/dags/dag_dbt_taller.py
[2026-03-25T00:46:46.895+0000] {logging_mixin.py:188} INFO - [2026-03-25T00:46:46.895+0000] {dag.py:3036} INFO - Sync 1 DAGs
[2026-03-25T00:46:46.909+0000] {logging_mixin.py:188} INFO - [2026-03-25T00:46:46.909+0000] {dag.py:3823} INFO - Setting next_dagrun for dag_dbt_taller to None, run_after=None
[2026-03-25T00:46:46.960+0000] {processor.py:183} INFO - Processing /opt/airflow/dags/dag_dbt_taller.py took 0.123 seconds
[2026-03-25T00:47:17.064+0000] {processor.py:161} INFO - Started process (PID=16389) to work on /opt/airflow/dags/dag_dbt_taller.py
[2026-03-25T00:47:17.065+0000] {processor.py:830} INFO - Processing file /opt/airflow/dags/dag_dbt_taller.py for tasks to queue
[2026-03-25T00:47:17.067+0000] {logging_mixin.py:188} INFO - [2026-03-25T00:47:17.066+0000] {dagbag.py:538} INFO - Filling up the DagBag from /opt/airflow/dags/dag_dbt_taller.py
[2026-03-25T00:47:17.088+0000] {processor.py:840} INFO - DAG(s) 'dag_dbt_taller' retrieved from /opt/airflow/dags/dag_dbt_taller.py
[2026-03-25T00:47:17.117+0000] {logging_mixin.py:188} INFO - [2026-03-25T00:47:17.117+0000] {dag.py:3036} INFO - Sync 1 DAGs
[2026-03-25T00:47:17.131+0000] {logging_mixin.py:188} INFO - [2026-03-25T00:47:17.131+0000] {dag.py:3823} INFO - Setting next_dagrun for dag_dbt_taller to None, run_after=None
[2026-03-25T00:47:17.186+0000] {processor.py:183} INFO - Processing /opt/airflow/dags/dag_dbt_taller.py took 0.127 seconds
[2026-03-25T00:47:47.513+0000] {processor.py:161} INFO - Started process (PID=16410) to work on /opt/airflow/dags/dag_dbt_taller.py
[2026-03-25T00:47:47.514+0000] {processor.py:830} INFO - Processing file /opt/airflow/dags/dag_dbt_taller.py for tasks to queue
[2026-03-25T00:47:47.516+0000] {logging_mixin.py:188} INFO - [2026-03-25T00:47:47.515+0000] {dagbag.py:538} INFO - Filling up the DagBag from /opt/airflow/dags/dag_dbt_taller.py
[2026-03-25T00:47:47.536+0000] {processor.py:840} INFO - DAG(s) 'dag_dbt_taller' retrieved from /opt/airflow/dags/dag_dbt_taller.py
[2026-03-25T00:47:47.575+0000] {logging_mixin.py:188} INFO - [2026-03-25T00:47:47.574+0000] {dag.py:3036} INFO - Sync 1 DAGs
[2026-03-25T00:47:47.595+0000] {logging_mixin.py:188} INFO - [2026-03-25T00:47:47.595+0000] {dag.py:3823} INFO - Setting next_dagrun for dag_dbt_taller to None, run_after=None
[2026-03-25T00:47:47.664+0000] {processor.py:183} INFO - Processing /opt/airflow/dags/dag_dbt_taller.py took 0.157 seconds
[2026-03-25T00:48:18.128+0000] {processor.py:161} INFO - Started process (PID=16431) to work on /opt/airflow/dags/dag_dbt_taller.py
[2026-03-25T00:48:18.129+0000] {processor.py:830} INFO - Processing file /opt/airflow/dags/dag_dbt_taller.py for tasks to queue
[2026-03-25T00:48:18.131+0000] {logging_mixin.py:188} INFO - [2026-03-25T00:48:18.131+0000] {dagbag.py:538} INFO - Filling up the DagBag from /opt/airflow/dags/dag_dbt_taller.py
[2026-03-25T00:48:18.157+0000] {processor.py:840} INFO - DAG(s) 'dag_dbt_taller' retrieved from /opt/airflow/dags/dag_dbt_taller.py
[2026-03-25T00:48:18.201+0000] {logging_mixin.py:188} INFO - [2026-03-25T00:48:18.201+0000] {dag.py:3036} INFO - Sync 1 DAGs
[2026-03-25T00:48:18.219+0000] {logging_mixin.py:188} INFO - [2026-03-25T00:48:18.218+0000] {dag.py:3823} INFO - Setting next_dagrun for dag_dbt_taller to None, run_after=None
[2026-03-25T00:48:18.278+0000] {processor.py:183} INFO - Processing /opt/airflow/dags/dag_dbt_taller.py took 0.154 seconds
[2026-03-25T00:48:48.441+0000] {processor.py:161} INFO - Started process (PID=16452) to work on /opt/airflow/dags/dag_dbt_taller.py
[2026-03-25T00:48:48.442+0000] {processor.py:830} INFO - Processing file /opt/airflow/dags/dag_dbt_taller.py for tasks to queue
[2026-03-25T00:48:48.444+0000] {logging_mixin.py:188} INFO - [2026-03-25T00:48:48.443+0000] {dagbag.py:538} INFO - Filling up the DagBag from /opt/airflow/dags/dag_dbt_taller.py
[2026-03-25T00:48:48.464+0000] {processor.py:840} INFO - DAG(s) 'dag_dbt_taller' retrieved from /opt/airflow/dags/dag_dbt_taller.py
[2026-03-25T00:48:48.497+0000] {logging_mixin.py:188} INFO - [2026-03-25T00:48:48.497+0000] {dag.py:3036} INFO - Sync 1 DAGs
[2026-03-25T00:48:48.522+0000] {logging_mixin.py:188} INFO - [2026-03-25T00:48:48.521+0000] {dag.py:3823} INFO - Setting next_dagrun for dag_dbt_taller to None, run_after=None
[2026-03-25T00:48:48.601+0000] {processor.py:183} INFO - Processing /opt/airflow/dags/dag_dbt_taller.py took 0.163 seconds
[2026-03-25T00:49:18.664+0000] {processor.py:161} INFO - Started process (PID=16473) to work on /opt/airflow/dags/dag_dbt_taller.py
[2026-03-25T00:49:18.664+0000] {processor.py:830} INFO - Processing file /opt/airflow/dags/dag_dbt_taller.py for tasks to queue
[2026-03-25T00:49:18.666+0000] {logging_mixin.py:188} INFO - [2026-03-25T00:49:18.665+0000] {dagbag.py:538} INFO - Filling up the DagBag from /opt/airflow/dags/dag_dbt_taller.py
[2026-03-25T00:49:18.694+0000] {processor.py:840} INFO - DAG(s) 'dag_dbt_taller' retrieved from /opt/airflow/dags/dag_dbt_taller.py
[2026-03-25T00:49:18.745+0000] {logging_mixin.py:188} INFO - [2026-03-25T00:49:18.745+0000] {dag.py:3036} INFO - Sync 1 DAGs
[2026-03-25T00:49:18.770+0000] {logging_mixin.py:188} INFO - [2026-03-25T00:49:18.770+0000] {dag.py:3823} INFO - Setting next_dagrun for dag_dbt_taller to None, run_after=None
[2026-03-25T00:49:18.853+0000] {processor.py:183} INFO - Processing /opt/airflow/dags/dag_dbt_taller.py took 0.194 seconds
[2026-03-25T00:49:49.062+0000] {processor.py:161} INFO - Started process (PID=16494) to work on /opt/airflow/dags/dag_dbt_taller.py
[2026-03-25T00:49:49.063+0000] {processor.py:830} INFO - Processing file /opt/airflow/dags/dag_dbt_taller.py for tasks to queue
[2026-03-25T00:49:49.064+0000] {logging_mixin.py:188} INFO - [2026-03-25T00:49:49.064+0000] {dagbag.py:538} INFO - Filling up the DagBag from /opt/airflow/dags/dag_dbt_taller.py
[2026-03-25T00:49:49.091+0000] {processor.py:840} INFO - DAG(s) 'dag_dbt_taller' retrieved from /opt/airflow/dags/dag_dbt_taller.py
[2026-03-25T00:49:49.126+0000] {logging_mixin.py:188} INFO - [2026-03-25T00:49:49.125+0000] {dag.py:3036} INFO - Sync 1 DAGs
[2026-03-25T00:49:49.142+0000] {logging_mixin.py:188} INFO - [2026-03-25T00:49:49.141+0000] {dag.py:3823} INFO - Setting next_dagrun for dag_dbt_taller to None, run_after=None
[2026-03-25T00:49:49.186+0000] {processor.py:183} INFO - Processing /opt/airflow/dags/dag_dbt_taller.py took 0.130 seconds
[2026-03-25T00:50:19.578+0000] {processor.py:161} INFO - Started process (PID=16515) to work on /opt/airflow/dags/dag_dbt_taller.py
[2026-03-25T00:50:19.579+0000] {processor.py:830} INFO - Processing file /opt/airflow/dags/dag_dbt_taller.py for tasks to queue
[2026-03-25T00:50:19.580+0000] {logging_mixin.py:188} INFO - [2026-03-25T00:50:19.579+0000] {dagbag.py:538} INFO - Filling up the DagBag from /opt/airflow/dags/dag_dbt_taller.py
[2026-03-25T00:50:19.610+0000] {processor.py:840} INFO - DAG(s) 'dag_dbt_taller' retrieved from /opt/airflow/dags/dag_dbt_taller.py
[2026-03-25T00:50:19.654+0000] {logging_mixin.py:188} INFO - [2026-03-25T00:50:19.653+0000] {dag.py:3036} INFO - Sync 1 DAGs
[2026-03-25T00:50:19.675+0000] {logging_mixin.py:188} INFO - [2026-03-25T00:50:19.674+0000] {dag.py:3823} INFO - Setting next_dagrun for dag_dbt_taller to None, run_after=None
[2026-03-25T00:50:19.734+0000] {processor.py:183} INFO - Processing /opt/airflow/dags/dag_dbt_taller.py took 0.160 seconds
[2026-03-25T00:50:50.050+0000] {processor.py:161} INFO - Started process (PID=16536) to work on /opt/airflow/dags/dag_dbt_taller.py
[2026-03-25T00:50:50.051+0000] {processor.py:830} INFO - Processing file /opt/airflow/dags/dag_dbt_taller.py for tasks to queue
[2026-03-25T00:50:50.052+0000] {logging_mixin.py:188} INFO - [2026-03-25T00:50:50.052+0000] {dagbag.py:538} INFO - Filling up the DagBag from /opt/airflow/dags/dag_dbt_taller.py
[2026-03-25T00:50:50.073+0000] {processor.py:840} INFO - DAG(s) 'dag_dbt_taller' retrieved from /opt/airflow/dags/dag_dbt_taller.py
[2026-03-25T00:50:50.108+0000] {logging_mixin.py:188} INFO - [2026-03-25T00:50:50.107+0000] {dag.py:3036} INFO - Sync 1 DAGs
[2026-03-25T00:50:50.130+0000] {logging_mixin.py:188} INFO - [2026-03-25T00:50:50.130+0000] {dag.py:3823} INFO - Setting next_dagrun for dag_dbt_taller to None, run_after=None
[2026-03-25T00:50:50.223+0000] {processor.py:183} INFO - Processing /opt/airflow/dags/dag_dbt_taller.py took 0.178 seconds
