[2026-03-24T20:00:40.290+0000] {taskinstance.py:1956} INFO - Dependencies all met for dep_context=non-requeueable deps ti=<TaskInstance: dag_dbt_taller.sembrar_datos manual__2026-03-24T20:00:35.475484+00:00 [queued]>
[2026-03-24T20:00:40.322+0000] {taskinstance.py:1956} INFO - Dependencies all met for dep_context=requeueable deps ti=<TaskInstance: dag_dbt_taller.sembrar_datos manual__2026-03-24T20:00:35.475484+00:00 [queued]>
[2026-03-24T20:00:40.323+0000] {taskinstance.py:2170} INFO - Starting attempt 1 of 1
[2026-03-24T20:00:40.535+0000] {taskinstance.py:2191} INFO - Executing <Task(_PythonDecoratedOperator): sembrar_datos> on 2026-03-24 20:00:35.475484+00:00
[2026-03-24T20:00:40.544+0000] {standard_task_runner.py:60} INFO - Started process 4447 to run task
[2026-03-24T20:00:40.553+0000] {standard_task_runner.py:87} INFO - Running: ['***', 'tasks', 'run', 'dag_dbt_taller', 'sembrar_datos', 'manual__2026-03-24T20:00:35.475484+00:00', '--job-id', '156', '--raw', '--subdir', 'DAGS_FOLDER/dag_dbt_taller.py', '--cfg-path', '/tmp/tmp16yuqbvi']
[2026-03-24T20:00:40.557+0000] {standard_task_runner.py:88} INFO - Job 156: Subtask sembrar_datos
[2026-03-24T20:00:40.704+0000] {logging_mixin.py:188} WARNING - /home/***/.local/lib/python3.8/site-packages/***/settings.py:194 DeprecationWarning: The sql_alchemy_conn option in [core] has been moved to the sql_alchemy_conn option in [database] - the old setting has been used, but please update your config.
[2026-03-24T20:00:40.838+0000] {task_command.py:423} INFO - Running <TaskInstance: dag_dbt_taller.sembrar_datos manual__2026-03-24T20:00:35.475484+00:00 [running]> on host 5f43b8fdce6c
[2026-03-24T20:00:41.269+0000] {taskinstance.py:2480} INFO - Exporting env vars: AIRFLOW_CTX_DAG_OWNER='***' AIRFLOW_CTX_DAG_ID='dag_dbt_taller' AIRFLOW_CTX_TASK_ID='sembrar_datos' AIRFLOW_CTX_EXECUTION_DATE='2026-03-24T20:00:35.475484+00:00' AIRFLOW_CTX_TRY_NUMBER='1' AIRFLOW_CTX_DAG_RUN_ID='manual__2026-03-24T20:00:35.475484+00:00'
[2026-03-24T20:00:41.271+0000] {logging_mixin.py:188} INFO - Ejecutando: dbt seed en /opt/***/dbt/proyecto_unl
[2026-03-24T20:00:46.831+0000] {logging_mixin.py:188} INFO - Error dbt:

20:00:45  Running with dbt=1.9.0-b2
20:00:45  Encountered an error:
Runtime Error
  No dbt_project.yml found at expected path /opt/***/dbt/proyecto_unl/dbt_project.yml
  Verify that each entry within packages.yml (and their transitive dependencies) contains a file named dbt_project.yml
[2026-03-24T20:00:48.835+0000] {logging_mixin.py:188} INFO - Ejecutando: dbt seed en /opt/***/dbt/proyecto_unl
[2026-03-24T20:00:53.676+0000] {logging_mixin.py:188} INFO - Error dbt:

20:00:52  Running with dbt=1.9.0-b2
20:00:52  Encountered an error:
Runtime Error
  No dbt_project.yml found at expected path /opt/***/dbt/proyecto_unl/dbt_project.yml
  Verify that each entry within packages.yml (and their transitive dependencies) contains a file named dbt_project.yml
[2026-03-24T20:00:55.680+0000] {logging_mixin.py:188} INFO - Ejecutando: dbt seed en /opt/***/dbt/proyecto_unl
[2026-03-24T20:01:01.475+0000] {logging_mixin.py:188} INFO - Error dbt:

20:01:00  Running with dbt=1.9.0-b2
20:01:00  Encountered an error:
Runtime Error
  No dbt_project.yml found at expected path /opt/***/dbt/proyecto_unl/dbt_project.yml
  Verify that each entry within packages.yml (and their transitive dependencies) contains a file named dbt_project.yml
[2026-03-24T20:01:01.478+0000] {taskinstance.py:2698} ERROR - Task failed with exception
Traceback (most recent call last):
  File "/home/airflow/.local/lib/python3.8/site-packages/tenacity/__init__.py", line 382, in __call__
    result = fn(*args, **kwargs)
  File "/opt/airflow/dags/dag_dbt_taller.py", line 21, in ejecutar_dbt_resiliente
    raise Exception(f"Fallo en: {comando}")
Exception: Fallo en: dbt seed

The above exception was the direct cause of the following exception:

Traceback (most recent call last):
  File "/home/airflow/.local/lib/python3.8/site-packages/airflow/models/taskinstance.py", line 433, in _execute_task
    result = execute_callable(context=context, **execute_callable_kwargs)
  File "/home/airflow/.local/lib/python3.8/site-packages/airflow/decorators/base.py", line 241, in execute
    return_value = super().execute(context)
  File "/home/airflow/.local/lib/python3.8/site-packages/airflow/operators/python.py", line 199, in execute
    return_value = self.execute_callable()
  File "/home/airflow/.local/lib/python3.8/site-packages/airflow/operators/python.py", line 216, in execute_callable
    return self.python_callable(*self.op_args, **self.op_kwargs)
  File "/opt/airflow/dags/dag_dbt_taller.py", line 105, in sembrar_datos
    ejecutar_dbt_resiliente("dbt seed", DBT_DIR)
  File "/home/airflow/.local/lib/python3.8/site-packages/tenacity/__init__.py", line 289, in wrapped_f
    return self(f, *args, **kw)
  File "/home/airflow/.local/lib/python3.8/site-packages/tenacity/__init__.py", line 379, in __call__
    do = self.iter(retry_state=retry_state)
  File "/home/airflow/.local/lib/python3.8/site-packages/tenacity/__init__.py", line 326, in iter
    raise retry_exc from fut.exception()
tenacity.RetryError: RetryError[<Future at 0x7a8d67729a60 state=finished raised Exception>]
[2026-03-24T20:01:01.498+0000] {taskinstance.py:1138} INFO - Marking task as FAILED. dag_id=dag_dbt_taller, task_id=sembrar_datos, execution_date=20260324T200035, start_date=20260324T200040, end_date=20260324T200101
[2026-03-24T20:01:01.546+0000] {standard_task_runner.py:107} ERROR - Failed to execute job 156 for task sembrar_datos (RetryError[<Future at 0x7a8d67729a60 state=finished raised Exception>]; 4447)
[2026-03-24T20:01:01.588+0000] {local_task_job_runner.py:234} INFO - Task exited with return code 1
[2026-03-24T20:01:01.633+0000] {taskinstance.py:3280} INFO - 0 downstream tasks scheduled from follow-on schedule check
